\BOOKMARK [0][-]{chapter.1}{Introduction}{}% 1
\BOOKMARK [1][-]{section.1.1}{Introduction}{chapter.1}% 2
\BOOKMARK [1][-]{section.1.2}{Introduction to Compact Objects and Boson Stars}{chapter.1}% 3
\BOOKMARK [2][-]{subsection.1.2.1}{Conventions}{section.1.2}% 4
\BOOKMARK [1][-]{section.1.3}{Differential Geometry}{chapter.1}% 5
\BOOKMARK [2][-]{subsection.1.3.1}{Introduction to Geometry / Manifolds \(maybe change this\)}{section.1.3}% 6
\BOOKMARK [2][-]{subsection.1.3.2}{Functions, Curves and Tensors on Manifolds}{section.1.3}% 7
\BOOKMARK [2][-]{subsection.1.3.3}{General Covariance / Coordinate transformations}{section.1.3}% 8
\BOOKMARK [2][-]{subsection.1.3.4}{Differential Forms}{section.1.3}% 9
\BOOKMARK [2][-]{subsection.1.3.5}{Differentiation on Manifolds}{section.1.3}% 10
\BOOKMARK [2][-]{subsection.1.3.6}{Integrating Forms on Manifolds}{section.1.3}% 11
\BOOKMARK [2][-]{subsection.1.3.7}{Length and Geodesics on Manifolds}{section.1.3}% 12
\BOOKMARK [2][-]{subsection.1.3.8}{Maps Between Manifolds}{section.1.3}% 13
\BOOKMARK [1][-]{section.1.4}{General Relativity}{chapter.1}% 14
\BOOKMARK [2][-]{subsection.1.4.1}{The Einstein Equation}{section.1.4}% 15
\BOOKMARK [2][-]{subsection.1.4.2}{Matter in General Relativity}{section.1.4}% 16
\BOOKMARK [2][-]{subsection.1.4.3}{The Cosmological Constant}{section.1.4}% 17
\BOOKMARK [2][-]{subsection.1.4.4}{The Lagrangean Formulation of General Relativity}{section.1.4}% 18
\BOOKMARK [2][-]{subsection.1.4.5}{Low Curvature Limit of General Relativity}{section.1.4}% 19
\BOOKMARK [1][-]{section.1.5}{Stuff}{chapter.1}% 20
\BOOKMARK [0][-]{chapter.2}{Numerical Relativity}{}% 21
\BOOKMARK [1][-]{section.2.1}{Numerical Relativity}{chapter.2}% 22
\BOOKMARK [2][-]{subsection.2.1.1}{Spacetime Foliation}{section.2.1}% 23
\BOOKMARK [2][-]{subsection.2.1.2}{The 3+1 Decomposition}{section.2.1}% 24
\BOOKMARK [2][-]{subsection.2.1.3}{Gauss, Codazzi and Ricci Equations}{section.2.1}% 25
\BOOKMARK [2][-]{subsection.2.1.4}{Decomposition of Einstein's Equation}{section.2.1}% 26
\BOOKMARK [2][-]{subsection.2.1.5}{Foliation Adapted Coordinates, CHECK ERORR IN ADM METRIC MATRIX}{section.2.1}% 27
\BOOKMARK [2][-]{subsection.2.1.6}{ADM Equations}{section.2.1}% 28
\BOOKMARK [2][-]{subsection.2.1.7}{BSSN}{section.2.1}% 29
\BOOKMARK [2][-]{subsection.2.1.8}{Z4 Formalism}{section.2.1}% 30
\BOOKMARK [2][-]{subsection.2.1.9}{CCZ4}{section.2.1}% 31
\BOOKMARK [2][-]{subsection.2.1.10}{Gauge Conditions}{section.2.1}% 32
\BOOKMARK [0][-]{chapter.3}{Boson Stars}{}% 33
\BOOKMARK [1][-]{section.3.1}{Mathematical Modelling of Boson Stars}{chapter.3}% 34
\BOOKMARK [2][-]{subsection.3.1.1}{Action}{section.3.1}% 35
\BOOKMARK [2][-]{subsection.3.1.2}{Solitons}{section.3.1}% 36
\BOOKMARK [2][-]{subsection.3.1.3}{3+1 Klein Gordon System}{section.3.1}% 37
\BOOKMARK [2][-]{subsection.3.1.4}{Klein Gordon's Noether Charge}{section.3.1}% 38
\BOOKMARK [2][-]{subsection.3.1.5}{Boosted Boson Stars and Black Holes}{section.3.1}% 39
\BOOKMARK [2][-]{subsection.3.1.6}{Spherical Harmonics in Curved Space}{section.3.1}% 40
\BOOKMARK [1][-]{section.3.2}{Boson Star Numerical Simulations}{chapter.3}% 41
\BOOKMARK [2][-]{subsection.3.2.1}{Simulation Units}{section.3.2}% 42
\BOOKMARK [2][-]{subsection.3.2.2}{GRChombo}{section.3.2}% 43
\BOOKMARK [2][-]{subsection.3.2.3}{Initial Data}{section.3.2}% 44
\BOOKMARK [2][-]{subsection.3.2.4}{Single Star Evolutions}{section.3.2}% 45
\BOOKMARK [2][-]{subsection.3.2.5}{Superposition of Initial Data}{section.3.2}% 46
\BOOKMARK [2][-]{subsection.3.2.6}{Head-on Collisions}{section.3.2}% 47
\BOOKMARK [2][-]{subsection.3.2.7}{Binary Inspiral}{section.3.2}% 48
\BOOKMARK [1][-]{section.3.3}{Future Work}{chapter.3}% 49
\BOOKMARK [0][-]{chapter.4}{Local Continuity of Angular Momentum and Noether Charge}{}% 50
\BOOKMARK [1][-]{section.4.1}{Introduction}{chapter.4}% 51
\BOOKMARK [1][-]{section.4.2}{Derivation of the QFS System}{chapter.4}% 52
\BOOKMARK [1][-]{section.4.3}{Application to Spherical extraction}{chapter.4}% 53
\BOOKMARK [1][-]{section.4.4}{Noether Currents}{chapter.4}% 54
\BOOKMARK [1][-]{section.4.5}{Energy-Momentum Currents}{chapter.4}% 55
\BOOKMARK [1][-]{section.4.6}{Numerical Application}{chapter.4}% 56
\BOOKMARK [1][-]{section.4.7}{Conclusion}{chapter.4}% 57
\BOOKMARK [1][-]{section.Alph0.1}{Source Term Calculation}{chapter.4}% 58
\BOOKMARK [1][-]{section.Alph0.2}{Generality of Result}{chapter.4}% 59
