\BOOKMARK [0][-]{chapter.1}{\376\377\000I\000n\000t\000r\000o\000d\000u\000c\000t\000i\000o\000n\000\040\000t\000o\000\040\000D\000i\000f\000f\000e\000r\000e\000n\000t\000i\000a\000l\000\040\000G\000e\000o\000m\000e\000t\000r\000y\000\040\000a\000n\000d\000\040\000G\000e\000n\000e\000r\000a\000l\000\040\000R\000e\000l\000a\000t\000i\000v\000i\000t\000y}{}% 1
\BOOKMARK [1][-]{section.1.1}{\376\377\000I\000n\000t\000r\000o\000d\000u\000c\000t\000i\000o\000n}{chapter.1}% 2
\BOOKMARK [2][-]{subsection.1.1.1}{\376\377\000I\000n\000t\000r\000o\000d\000u\000c\000t\000i\000o\000n\000\040\000t\000o\000\040\000G\000e\000n\000e\000r\000a\000l\000\040\000R\000e\000l\000a\000t\000i\000v\000i\000t\000y}{section.1.1}% 3
\BOOKMARK [2][-]{subsection.1.1.2}{\376\377\000I\000n\000t\000r\000o\000d\000u\000c\000t\000i\000o\000n\000\040\000t\000o\000\040\000C\000o\000m\000p\000a\000c\000t\000\040\000O\000b\000j\000e\000c\000t\000s\000\040\000a\000n\000d\000\040\000B\000o\000s\000o\000n\000\040\000S\000t\000a\000r\000s}{section.1.1}% 4
\BOOKMARK [2][-]{subsection.1.1.3}{\376\377\000C\000o\000n\000v\000e\000n\000t\000i\000o\000n\000s}{section.1.1}% 5
\BOOKMARK [1][-]{section.1.2}{\376\377\000D\000i\000f\000f\000e\000r\000e\000n\000t\000i\000a\000l\000\040\000G\000e\000o\000m\000e\000t\000r\000y}{chapter.1}% 6
\BOOKMARK [2][-]{subsection.1.2.1}{\376\377\000I\000n\000t\000r\000o\000d\000u\000c\000t\000i\000o\000n\000\040\000t\000o\000\040\000G\000e\000o\000m\000e\000t\000r\000y\000\040\000a\000n\000d\000\040\000M\000a\000n\000i\000f\000o\000l\000d\000s}{section.1.2}% 7
\BOOKMARK [2][-]{subsection.1.2.2}{\376\377\000F\000u\000n\000c\000t\000i\000o\000n\000s\000,\000\040\000C\000u\000r\000v\000e\000s\000\040\000a\000n\000d\000\040\000T\000e\000n\000s\000o\000r\000s\000\040\000o\000n\000\040\000M\000a\000n\000i\000f\000o\000l\000d\000s}{section.1.2}% 8
\BOOKMARK [2][-]{subsection.1.2.3}{\376\377\000T\000h\000e\000\040\000I\000n\000n\000e\000r\000\040\000P\000r\000o\000d\000u\000c\000t\000\040\000a\000n\000d\000\040\000t\000h\000e\000\040\000M\000e\000t\000r\000i\000c}{section.1.2}% 9
\BOOKMARK [2][-]{subsection.1.2.4}{\376\377\000M\000a\000p\000s\000\040\000B\000e\000t\000w\000e\000e\000n\000\040\000M\000a\000n\000i\000f\000o\000l\000d\000s}{section.1.2}% 10
\BOOKMARK [2][-]{subsection.1.2.5}{\376\377\000L\000i\000e\000\040\000D\000e\000r\000i\000v\000a\000t\000i\000v\000e\000s}{section.1.2}% 11
\BOOKMARK [2][-]{subsection.1.2.6}{\376\377\000L\000e\000n\000g\000t\000h\000s\000\040\000o\000n\000\040\000M\000a\000n\000i\000f\000o\000l\000d\000s}{section.1.2}% 12
\BOOKMARK [2][-]{subsection.1.2.7}{\376\377\000V\000o\000l\000u\000m\000e\000s\000\040\000o\000n\000\040\000M\000a\000n\000i\000f\000o\000l\000d\000s}{section.1.2}% 13
\BOOKMARK [2][-]{subsection.1.2.8}{\376\377\000G\000e\000o\000d\000e\000s\000i\000c\000s}{section.1.2}% 14
\BOOKMARK [1][-]{section.1.3}{\376\377\000T\000e\000n\000s\000o\000r\000\040\000C\000a\000l\000c\000u\000l\000u\000s\000\040\000a\000n\000d\000\040\000C\000u\000r\000v\000a\000t\000u\000r\000e}{chapter.1}% 15
\BOOKMARK [2][-]{subsection.1.3.1}{\376\377\000G\000e\000n\000e\000r\000a\000l\000\040\000C\000o\000v\000a\000r\000i\000a\000n\000c\000e\000\040\000a\000n\000d\000\040\000C\000o\000o\000r\000d\000i\000n\000a\000t\000e\000\040\000t\000r\000a\000n\000s\000f\000o\000r\000m\000a\000t\000i\000o\000n\000s}{section.1.3}% 16
\BOOKMARK [2][-]{subsection.1.3.2}{\376\377\000T\000h\000e\000\040\000C\000o\000v\000a\000r\000i\000a\000n\000t\000\040\000D\000e\000r\000i\000v\000a\000t\000i\000v\000e}{section.1.3}% 17
\BOOKMARK [2][-]{subsection.1.3.3}{\376\377\000T\000h\000e\000\040\000C\000o\000n\000n\000e\000c\000t\000i\000o\000n}{section.1.3}% 18
\BOOKMARK [2][-]{subsection.1.3.4}{\376\377\000C\000u\000r\000v\000a\000t\000u\000r\000e\000\040\000T\000e\000n\000s\000o\000r\000s}{section.1.3}% 19
\BOOKMARK [2][-]{subsection.1.3.5}{\376\377\000T\000h\000e\000\040\000D\000i\000v\000e\000r\000g\000e\000n\000c\000e\000\040\000T\000h\000e\000o\000r\000e\000m}{section.1.3}% 20
\BOOKMARK [1][-]{section.1.4}{\376\377\000R\000e\000l\000a\000t\000i\000v\000i\000t\000y}{chapter.1}% 21
\BOOKMARK [2][-]{subsection.1.4.1}{\376\377\000S\000p\000e\000c\000i\000a\000l\000\040\000R\000e\000l\000a\000t\000i\000v\000i\000t\000y}{section.1.4}% 22
\BOOKMARK [2][-]{subsection.1.4.2}{\376\377\000G\000e\000n\000e\000r\000a\000l\000\040\000R\000e\000l\000a\000t\000i\000v\000i\000t\000y}{section.1.4}% 23
\BOOKMARK [2][-]{subsection.1.4.3}{\376\377\000P\000h\000y\000s\000i\000c\000s\000\040\000i\000n\000\040\000C\000u\000r\000v\000e\000d\000\040\000S\000p\000a\000c\000e}{section.1.4}% 24
\BOOKMARK [2][-]{subsection.1.4.4}{\376\377\000T\000h\000e\000\040\000S\000t\000r\000e\000s\000s\000-\000E\000n\000e\000r\000g\000y\000-\000M\000o\000m\000e\000n\000t\000u\000m\000\040\000T\000e\000n\000s\000o\000r}{section.1.4}% 25
\BOOKMARK [2][-]{subsection.1.4.5}{\376\377\000T\000h\000e\000\040\000E\000i\000n\000s\000t\000e\000i\000n\000\040\000E\000q\000u\000a\000t\000i\000o\000n}{section.1.4}% 26
\BOOKMARK [2][-]{subsection.1.4.6}{\376\377\000B\000l\000a\000c\000k\000\040\000H\000o\000l\000e\000s}{section.1.4}% 27
\BOOKMARK [2][-]{subsection.1.4.7}{\376\377\000T\000h\000e\000\040\000C\000o\000s\000m\000o\000l\000o\000g\000i\000c\000a\000l\000\040\000C\000o\000n\000s\000t\000a\000n\000t}{section.1.4}% 28
\BOOKMARK [2][-]{subsection.1.4.8}{\376\377\000T\000h\000e\000\040\000L\000a\000g\000r\000a\000n\000g\000e\000a\000n\000\040\000F\000o\000r\000m\000u\000l\000a\000t\000i\000o\000n\000\040\000o\000f\000\040\000G\000e\000n\000e\000r\000a\000l\000\040\000R\000e\000l\000a\000t\000i\000v\000i\000t\000y}{section.1.4}% 29
\BOOKMARK [0][-]{chapter.2}{\376\377\000N\000u\000m\000e\000r\000i\000c\000a\000l\000\040\000R\000e\000l\000a\000t\000i\000v\000i\000t\000y\000\040\000a\000n\000d\000\040\000B\000o\000s\000o\000n\000\040\000S\000t\000a\000r\000s}{}% 30
\BOOKMARK [1][-]{section.2.1}{\376\377\000N\000u\000m\000e\000r\000i\000c\000a\000l\000\040\000R\000e\000l\000a\000t\000i\000v\000i\000t\000y}{chapter.2}% 31
\BOOKMARK [2][-]{subsection.2.1.1}{\376\377\000S\000p\000a\000c\000e\000t\000i\000m\000e\000\040\000F\000o\000l\000i\000a\000t\000i\000o\000n}{section.2.1}% 32
\BOOKMARK [2][-]{subsection.2.1.2}{\376\377\000T\000h\000e\000\040\0003\000+\0001\000\040\000D\000e\000c\000o\000m\000p\000o\000s\000i\000t\000i\000o\000n}{section.2.1}% 33
\BOOKMARK [2][-]{subsection.2.1.3}{\376\377\000G\000a\000u\000s\000s\000,\000\040\000C\000o\000d\000a\000z\000z\000i\000\040\000a\000n\000d\000\040\000R\000i\000c\000c\000i\000\040\000E\000q\000u\000a\000t\000i\000o\000n\000s}{section.2.1}% 34
\BOOKMARK [2][-]{subsection.2.1.4}{\376\377\000D\000e\000c\000o\000m\000p\000o\000s\000i\000t\000i\000o\000n\000\040\000o\000f\000\040\000E\000i\000n\000s\000t\000e\000i\000n\000'\000s\000\040\000E\000q\000u\000a\000t\000i\000o\000n}{section.2.1}% 35
\BOOKMARK [2][-]{subsection.2.1.5}{\376\377\000F\000o\000l\000i\000a\000t\000i\000o\000n\000\040\000A\000d\000a\000p\000t\000e\000d\000\040\000C\000o\000o\000r\000d\000i\000n\000a\000t\000e\000s}{section.2.1}% 36
\BOOKMARK [2][-]{subsection.2.1.6}{\376\377\000A\000D\000M\000\040\000E\000q\000u\000a\000t\000i\000o\000n\000s}{section.2.1}% 37
\BOOKMARK [2][-]{subsection.2.1.7}{\376\377\000B\000S\000S\000N}{section.2.1}% 38
\BOOKMARK [2][-]{subsection.2.1.8}{\376\377\000Z\0004\000\040\000F\000o\000r\000m\000a\000l\000i\000s\000m}{section.2.1}% 39
\BOOKMARK [2][-]{subsection.2.1.9}{\376\377\000C\000C\000Z\0004}{section.2.1}% 40
\BOOKMARK [2][-]{subsection.2.1.10}{\376\377\000G\000a\000u\000g\000e\000\040\000C\000o\000n\000d\000i\000t\000i\000o\000n\000s}{section.2.1}% 41
\BOOKMARK [1][-]{section.2.2}{\376\377\000M\000a\000t\000h\000e\000m\000a\000t\000i\000c\000a\000l\000\040\000M\000o\000d\000e\000l\000l\000i\000n\000g\000\040\000o\000f\000\040\000B\000o\000s\000o\000n\000\040\000S\000t\000a\000r\000s}{chapter.2}% 42
\BOOKMARK [2][-]{subsection.2.2.1}{\376\377\000A\000c\000t\000i\000o\000n}{section.2.2}% 43
\BOOKMARK [2][-]{subsection.2.2.2}{\376\377\000S\000o\000l\000i\000t\000o\000n\000s}{section.2.2}% 44
\BOOKMARK [2][-]{subsection.2.2.3}{\376\377\0003\000+\0001\000\040\000K\000l\000e\000i\000n\000\040\000G\000o\000r\000d\000o\000n\000\040\000S\000y\000s\000t\000e\000m}{section.2.2}% 45
\BOOKMARK [2][-]{subsection.2.2.4}{\376\377\000K\000l\000e\000i\000n\000\040\000G\000o\000r\000d\000o\000n\000'\000s\000\040\000N\000o\000e\000t\000h\000e\000r\000\040\000C\000h\000a\000r\000g\000e}{section.2.2}% 46
\BOOKMARK [2][-]{subsection.2.2.5}{\376\377\000B\000o\000o\000s\000t\000e\000d\000\040\000B\000o\000s\000o\000n\000\040\000S\000t\000a\000r\000s\000\040\000a\000n\000d\000\040\000B\000l\000a\000c\000k\000\040\000H\000o\000l\000e\000s}{section.2.2}% 47
\BOOKMARK [2][-]{subsection.2.2.6}{\376\377\000S\000p\000h\000e\000r\000i\000c\000a\000l\000\040\000H\000a\000r\000m\000o\000n\000i\000c\000s\000\040\000i\000n\000\040\000C\000u\000r\000v\000e\000d\000\040\000S\000p\000a\000c\000e\000\040\000D\000O\000\040\000I\000\040\000K\000E\000E\000P\000\040\000T\000H\000I\000S\000\040\000S\000E\000C\000T\000I\000O\000N\000?\000\040\000M\000A\000Y\000B\000E\000\040\000J\000U\000S\000T\000\040\000F\000O\000R\000\040\000I\000N\000T\000E\000R\000P\000I\000T\000I\000N\000G\000\040\000S\000O\000M\000E\000\040\000S\000I\000M\000S}{section.2.2}% 48
\BOOKMARK [0][-]{chapter.3}{\376\377\000N\000u\000m\000e\000r\000i\000c\000a\000l\000\040\000M\000e\000t\000h\000o\000d\000s\000\040\000a\000n\000d\000\040\000G\000R\000C\000h\000o\000m\000b\000o}{}% 49
\BOOKMARK [1][-]{section.3.1}{\376\377\000N\000u\000m\000e\000r\000i\000c\000a\000l\000\040\000M\000e\000t\000h\000o\000d\000s}{chapter.3}% 50
\BOOKMARK [2][-]{subsection.3.1.1}{\376\377\000N\000u\000m\000e\000r\000i\000c\000a\000l\000\040\000D\000i\000s\000c\000r\000e\000t\000i\000s\000a\000t\000i\000o\000n\000\040\000o\000f\000\040\000S\000p\000a\000c\000e\000t\000i\000m\000e}{section.3.1}% 51
\BOOKMARK [2][-]{subsection.3.1.2}{\376\377\000B\000o\000u\000n\000d\000a\000r\000y\000\040\000C\000o\000n\000d\000i\000t\000i\000o\000n\000s}{section.3.1}% 52
\BOOKMARK [2][-]{subsection.3.1.3}{\376\377\000T\000h\000e\000\040\000M\000e\000t\000h\000o\000d\000\040\000o\000f\000\040\000L\000i\000n\000e\000s}{section.3.1}% 53
\BOOKMARK [2][-]{subsection.3.1.4}{\376\377\000I\000n\000t\000e\000g\000r\000a\000t\000i\000o\000n\000\040\000o\000f\000\040\000O\000D\000E\000'\000s}{section.3.1}% 54
\BOOKMARK [1][-]{section.3.2}{\376\377\000G\000R\000C\000h\000o\000m\000b\000o}{chapter.3}% 55
\BOOKMARK [2][-]{subsection.3.2.1}{\376\377\000O\000v\000e\000r\000v\000i\000e\000w\000\040\000o\000f\000\040\000G\000R\000C\000h\000o\000m\000b\000o}{section.3.2}% 56
\BOOKMARK [2][-]{subsection.3.2.2}{\376\377\000B\000o\000s\000o\000n\000\040\000S\000t\000a\000r\000\040\000I\000n\000i\000t\000i\000a\000l\000\040\000D\000a\000t\000a}{section.3.2}% 57
\BOOKMARK [2][-]{subsection.3.2.3}{\376\377\000S\000i\000n\000g\000l\000e\000\040\000S\000t\000a\000r\000\040\000E\000v\000o\000l\000u\000t\000i\000o\000n}{section.3.2}% 58
\BOOKMARK [2][-]{subsection.3.2.4}{\376\377\000S\000u\000p\000e\000r\000p\000o\000s\000i\000t\000i\000o\000n\000\040\000o\000f\000\040\000I\000n\000i\000t\000i\000a\000l\000\040\000D\000a\000t\000a}{section.3.2}% 59
\BOOKMARK [2][-]{subsection.3.2.5}{\376\377\000C\000o\000l\000l\000i\000s\000i\000o\000n\000s\000\040\000o\000f\000\040\000B\000o\000s\000o\000n\000\040\000S\000t\000a\000r\000s}{section.3.2}% 60
\BOOKMARK [0][-]{chapter.4}{\376\377\000M\000A\000L\000A\000I\000S\000E\000\040\000P\000A\000P\000E\000R}{}% 61
\BOOKMARK [1][-]{section.4.1}{\376\377\000I\000n\000t\000r\000o\000d\000u\000c\000t\000i\000o\000n}{chapter.4}% 62
\BOOKMARK [2][-]{subsection.4.1.1}{\376\377\000T\000O\000D\000O}{section.4.1}% 63
\BOOKMARK [2][-]{subsection.4.1.2}{\376\377\000B\000o\000s\000o\000n\000\040\000S\000t\000a\000r\000\040\000I\000n\000i\000t\000i\000a\000l\000\040\000D\000a\000t\000a}{section.4.1}% 64
\BOOKMARK [1][-]{section.4.2}{\376\377\000B\000o\000s\000o\000n\000-\000s\000t\000a\000r\000\040\000b\000i\000n\000a\000r\000y\000\040\000i\000n\000i\000t\000i\000a\000l\000\040\000d\000a\000t\000a}{chapter.4}% 65
\BOOKMARK [2][-]{subsection.4.2.1}{\376\377\000S\000i\000m\000p\000l\000e\000\040\000s\000u\000p\000e\000r\000p\000o\000s\000i\000t\000i\000o\000n\000\040\000o\000f\000\040\000b\000o\000s\000o\000n\000\040\000s\000t\000a\000r\000s}{section.4.2}% 66
\BOOKMARK [2][-]{subsection.4.2.2}{\376\377\000I\000m\000p\000r\000o\000v\000e\000d\000\040\000s\000u\000p\000e\000r\000p\000o\000s\000i\000t\000i\000o\000n}{section.4.2}% 67
\BOOKMARK [1][-]{section.4.3}{\376\377\000M\000o\000d\000e\000l\000s\000\040\000a\000n\000d\000\040\000r\000e\000s\000u\000l\000t\000s}{chapter.4}% 68
\BOOKMARK [2][-]{subsection.4.3.1}{\376\377\000I\000n\000i\000t\000i\000a\000l\000\040\000c\000o\000n\000s\000t\000r\000a\000i\000n\000t\000\040\000v\000i\000o\000l\000a\000t\000i\000o\000n\000s}{section.4.3}% 69
\BOOKMARK [2][-]{subsection.4.3.2}{\376\377\000C\000o\000n\000v\000e\000r\000g\000e\000n\000c\000e\000\040\000a\000n\000d\000\040\000n\000u\000m\000e\000r\000i\000c\000a\000l\000\040\000u\000n\000c\000e\000r\000t\000a\000i\000n\000t\000i\000e\000s}{section.4.3}% 70
\BOOKMARK [2][-]{subsection.4.3.3}{\376\377\000R\000a\000d\000i\000a\000t\000e\000d\000\040\000g\000r\000a\000v\000i\000t\000a\000t\000i\000o\000n\000a\000l\000-\000w\000a\000v\000e\000\040\000e\000n\000e\000r\000g\000y}{section.4.3}% 71
\BOOKMARK [2][-]{subsection.4.3.4}{\376\377\000E\000v\000o\000l\000u\000t\000i\000o\000n\000\040\000o\000f\000\040\000t\000h\000e\000\040\000s\000c\000a\000l\000a\000r\000\040\000a\000m\000p\000l\000i\000t\000u\000d\000e\000\040\000a\000n\000d\000\040\000g\000r\000a\000v\000i\000t\000a\000t\000i\000o\000n\000a\000l\000\040\000c\000o\000l\000l\000a\000p\000s\000e}{section.4.3}% 72
\BOOKMARK [1][-]{section.4.4}{\376\377\000C\000o\000n\000c\000l\000u\000s\000i\000o\000n\000s}{chapter.4}% 73
\BOOKMARK [1][-]{section.4.5}{\376\377\000A\000n\000a\000l\000y\000t\000i\000c\000\040\000t\000r\000e\000a\000t\000m\000e\000n\000t\000\040\000o\000f\000\040\000t\000h\000e\000\040\000H\000a\000m\000i\000l\000t\000o\000n\000i\000a\000n\000\040\000c\000o\000n\000s\000t\000r\000a\000i\000n\000t\000-\000\040\000M\000I\000G\000H\000T\000\040\000R\000E\000M\000O\000V\000E}{chapter.4}% 74
\BOOKMARK [0][-]{chapter.5}{\376\377\000S\000T\000U\000F\000F\000\040\000T\000O\000\040\000D\000O}{}% 75
