This is pdfTeX, Version 3.141592653-2.6-1.40.22 (TeX Live 2022/dev/Debian) (preloaded format=pdflatex 2022.7.15)  6 SEP 2022 14:48
entering extended mode
 restricted \write18 enabled.
 %&-line parsing enabled.
**thesis.tex
(./thesis.tex
LaTeX2e <2021-11-15> patch level 1
L3 programming layer <2022-01-21>
(/usr/share/texlive/texmf-dist/tex/latex/base/report.cls
Document Class: report 2021/10/04 v1.4n Standard LaTeX document class
(/usr/share/texlive/texmf-dist/tex/latex/base/size11.clo
File: size11.clo 2021/10/04 v1.4n Standard LaTeX file (size option)
)
\c@part=\count185
\c@chapter=\count186
\c@section=\count187
\c@subsection=\count188
\c@subsubsection=\count189
\c@paragraph=\count190
\c@subparagraph=\count191
\c@figure=\count192
\c@table=\count193
\abovecaptionskip=\skip47
\belowcaptionskip=\skip48
\bibindent=\dimen138
)
(/usr/share/texlive/texmf-dist/tex/latex/geometry/geometry.sty
Package: geometry 2020/01/02 v5.9 Page Geometry

(/usr/share/texlive/texmf-dist/tex/latex/graphics/keyval.sty
Package: keyval 2014/10/28 v1.15 key=value parser (DPC)
\KV@toks@=\toks16
)
(/usr/share/texlive/texmf-dist/tex/generic/iftex/ifvtex.sty
Package: ifvtex 2019/10/25 v1.7 ifvtex legacy package. Use iftex instead.

(/usr/share/texlive/texmf-dist/tex/generic/iftex/iftex.sty
Package: iftex 2020/03/06 v1.0d TeX engine tests
))
\Gm@cnth=\count194
\Gm@cntv=\count195
\c@Gm@tempcnt=\count196
\Gm@bindingoffset=\dimen139
\Gm@wd@mp=\dimen140
\Gm@odd@mp=\dimen141
\Gm@even@mp=\dimen142
\Gm@layoutwidth=\dimen143
\Gm@layoutheight=\dimen144
\Gm@layouthoffset=\dimen145
\Gm@layoutvoffset=\dimen146
\Gm@dimlist=\toks17
)
(/usr/share/texlive/texmf-dist/tex/latex/parskip/parskip.sty
Package: parskip 2021-03-14 v2.0h non-zero parskip adjustments

(/usr/share/texlive/texmf-dist/tex/latex/kvoptions/kvoptions.sty
Package: kvoptions 2020-10-07 v3.14 Key value format for package options (HO)

(/usr/share/texlive/texmf-dist/tex/generic/ltxcmds/ltxcmds.sty
Package: ltxcmds 2020-05-10 v1.25 LaTeX kernel commands for general use (HO)
)
(/usr/share/texlive/texmf-dist/tex/generic/kvsetkeys/kvsetkeys.sty
Package: kvsetkeys 2019/12/15 v1.18 Key value parser (HO)
))
(/usr/share/texlive/texmf-dist/tex/latex/etoolbox/etoolbox.sty
Package: etoolbox 2020/10/05 v2.5k e-TeX tools for LaTeX (JAW)
\etb@tempcnta=\count197
))
(/usr/share/texlive/texmf-dist/tex/latex/graphics/graphicx.sty
Package: graphicx 2021/09/16 v1.2d Enhanced LaTeX Graphics (DPC,SPQR)

(/usr/share/texlive/texmf-dist/tex/latex/graphics/graphics.sty
Package: graphics 2021/03/04 v1.4d Standard LaTeX Graphics (DPC,SPQR)

(/usr/share/texlive/texmf-dist/tex/latex/graphics/trig.sty
Package: trig 2021/08/11 v1.11 sin cos tan (DPC)
)
(/usr/share/texlive/texmf-dist/tex/latex/graphics-cfg/graphics.cfg
File: graphics.cfg 2016/06/04 v1.11 sample graphics configuration
)
Package graphics Info: Driver file: pdftex.def on input line 107.

(/usr/share/texlive/texmf-dist/tex/latex/graphics-def/pdftex.def
File: pdftex.def 2020/10/05 v1.2a Graphics/color driver for pdftex
))
\Gin@req@height=\dimen147
\Gin@req@width=\dimen148
)
(/usr/share/texlive/texmf-dist/tex/latex/amsfonts/amssymb.sty
Package: amssymb 2013/01/14 v3.01 AMS font symbols

(/usr/share/texlive/texmf-dist/tex/latex/amsfonts/amsfonts.sty
Package: amsfonts 2013/01/14 v3.01 Basic AMSFonts support
\@emptytoks=\toks18
\symAMSa=\mathgroup4
\symAMSb=\mathgroup5
LaTeX Font Info:    Redeclaring math symbol \hbar on input line 98.
LaTeX Font Info:    Overwriting math alphabet `\mathfrak' in version `bold'
(Font)                  U/euf/m/n --> U/euf/b/n on input line 106.
))
(/usr/share/texlive/texmf-dist/tex/latex/amsmath/amsmath.sty
Package: amsmath 2021/10/15 v2.17l AMS math features
\@mathmargin=\skip49

For additional information on amsmath, use the `?' option.
(/usr/share/texlive/texmf-dist/tex/latex/amsmath/amstext.sty
Package: amstext 2021/08/26 v2.01 AMS text

(/usr/share/texlive/texmf-dist/tex/latex/amsmath/amsgen.sty
File: amsgen.sty 1999/11/30 v2.0 generic functions
\@emptytoks=\toks19
\ex@=\dimen149
))
(/usr/share/texlive/texmf-dist/tex/latex/amsmath/amsbsy.sty
Package: amsbsy 1999/11/29 v1.2d Bold Symbols
\pmbraise@=\dimen150
)
(/usr/share/texlive/texmf-dist/tex/latex/amsmath/amsopn.sty
Package: amsopn 2021/08/26 v2.02 operator names
)
\inf@bad=\count198
LaTeX Info: Redefining \frac on input line 234.
\uproot@=\count199
\leftroot@=\count266
LaTeX Info: Redefining \overline on input line 399.
\classnum@=\count267
\DOTSCASE@=\count268
LaTeX Info: Redefining \ldots on input line 496.
LaTeX Info: Redefining \dots on input line 499.
LaTeX Info: Redefining \cdots on input line 620.
\Mathstrutbox@=\box50
\strutbox@=\box51
\big@size=\dimen151
LaTeX Font Info:    Redeclaring font encoding OML on input line 743.
LaTeX Font Info:    Redeclaring font encoding OMS on input line 744.
\macc@depth=\count269
\c@MaxMatrixCols=\count270
\dotsspace@=\muskip16
\c@parentequation=\count271
\dspbrk@lvl=\count272
\tag@help=\toks20
\row@=\count273
\column@=\count274
\maxfields@=\count275
\andhelp@=\toks21
\eqnshift@=\dimen152
\alignsep@=\dimen153
\tagshift@=\dimen154
\tagwidth@=\dimen155
\totwidth@=\dimen156
\lineht@=\dimen157
\@envbody=\toks22
\multlinegap=\skip50
\multlinetaggap=\skip51
\mathdisplay@stack=\toks23
LaTeX Info: Redefining \[ on input line 2938.
LaTeX Info: Redefining \] on input line 2939.
)
(/usr/share/texlive/texmf-dist/tex/latex/mathtools/mathtools.sty
Package: mathtools 2021/02/02 v1.28 mathematical typesetting tools

(/usr/share/texlive/texmf-dist/tex/latex/tools/calc.sty
Package: calc 2017/05/25 v4.3 Infix arithmetic (KKT,FJ)
\calc@Acount=\count276
\calc@Bcount=\count277
\calc@Adimen=\dimen158
\calc@Bdimen=\dimen159
\calc@Askip=\skip52
\calc@Bskip=\skip53
LaTeX Info: Redefining \setlength on input line 80.
LaTeX Info: Redefining \addtolength on input line 81.
\calc@Ccount=\count278
\calc@Cskip=\skip54
)
(/usr/share/texlive/texmf-dist/tex/latex/mathtools/mhsetup.sty
Package: mhsetup 2021/03/18 v1.4 programming setup (MH)
)
\g_MT_multlinerow_int=\count279
\l_MT_multwidth_dim=\dimen160
\origjot=\skip55
\l_MT_shortvdotswithinadjustabove_dim=\dimen161
\l_MT_shortvdotswithinadjustbelow_dim=\dimen162
\l_MT_above_intertext_sep=\dimen163
\l_MT_below_intertext_sep=\dimen164
\l_MT_above_shortintertext_sep=\dimen165
\l_MT_below_shortintertext_sep=\dimen166
\xmathstrut@box=\box52
\xmathstrut@dim=\dimen167
)
(/usr/share/texlive/texmf-dist/tex/latex/tools/array.sty
Package: array 2021/10/04 v2.5f Tabular extension package (FMi)
\col@sep=\dimen168
\ar@mcellbox=\box53
\extrarowheight=\dimen169
\NC@list=\toks24
\extratabsurround=\skip56
\backup@length=\skip57
\ar@cellbox=\box54
)

! LaTeX Error: File `tabu.sty' not found.

Type X to quit or <RETURN> to proceed,
or enter new name. (Default extension: sty)

Enter file name: 
(/usr/share/texlive/texmf-dist/tex/latex/tools/bm.sty
Package: bm 2021/04/25 v1.2e Bold Symbol Support (DPC/FMi)
\symboldoperators=\mathgroup6
\symboldletters=\mathgroup7
\symboldsymbols=\mathgroup8
Package bm Info: No bold for \OMX/cmex/m/n, using \pmb.
Package bm Info: No bold for \U/msa/m/n, using \pmb.
Package bm Info: No bold for \U/msb/m/n, using \pmb.
LaTeX Font Info:    Redeclaring math alphabet \mathbf on input line 149.
)

! LaTeX Error: File `wrapfig.sty' not found.

Type X to quit or <RETURN> to proceed,
or enter new name. (Default extension: sty)

Enter file name: 

! LaTeX Error: File `multirow.sty' not found.

Type X to quit or <RETURN> to proceed,
or enter new name. (Default extension: sty)

Enter file name: 

! LaTeX Error: File `physics.sty' not found.

Type X to quit or <RETURN> to proceed,
or enter new name. (Default extension: sty)

Enter file name: 
(/usr/share/texlive/texmf-dist/tex/latex/hyperref/hyperref.sty
Package: hyperref 2021-06-07 v7.00m Hypertext links for LaTeX

(/usr/share/texlive/texmf-dist/tex/generic/pdftexcmds/pdftexcmds.sty
Package: pdftexcmds 2020-06-27 v0.33 Utility functions of pdfTeX for LuaTeX (HO
)

(/usr/share/texlive/texmf-dist/tex/generic/infwarerr/infwarerr.sty
Package: infwarerr 2019/12/03 v1.5 Providing info/warning/error messages (HO)
)
Package pdftexcmds Info: \pdf@primitive is available.
Package pdftexcmds Info: \pdf@ifprimitive is available.
Package pdftexcmds Info: \pdfdraftmode found.
)
(/usr/share/texlive/texmf-dist/tex/generic/kvdefinekeys/kvdefinekeys.sty
Package: kvdefinekeys 2019-12-19 v1.6 Define keys (HO)
)
(/usr/share/texlive/texmf-dist/tex/generic/pdfescape/pdfescape.sty
Package: pdfescape 2019/12/09 v1.15 Implements pdfTeX's escape features (HO)
)
(/usr/share/texlive/texmf-dist/tex/latex/hycolor/hycolor.sty
Package: hycolor 2020-01-27 v1.10 Color options for hyperref/bookmark (HO)
)
(/usr/share/texlive/texmf-dist/tex/latex/letltxmacro/letltxmacro.sty
Package: letltxmacro 2019/12/03 v1.6 Let assignment for LaTeX macros (HO)
)
(/usr/share/texlive/texmf-dist/tex/latex/auxhook/auxhook.sty
Package: auxhook 2019-12-17 v1.6 Hooks for auxiliary files (HO)
)
\@linkdim=\dimen170
\Hy@linkcounter=\count280
\Hy@pagecounter=\count281

(/usr/share/texlive/texmf-dist/tex/latex/hyperref/pd1enc.def
File: pd1enc.def 2021-06-07 v7.00m Hyperref: PDFDocEncoding definition (HO)
Now handling font encoding PD1 ...
... no UTF-8 mapping file for font encoding PD1
)
(/usr/share/texlive/texmf-dist/tex/latex/hyperref/hyperref-langpatches.def
File: hyperref-langpatches.def 2021-06-07 v7.00m Hyperref: patches for babel la
nguages
)
(/usr/share/texlive/texmf-dist/tex/generic/intcalc/intcalc.sty
Package: intcalc 2019/12/15 v1.3 Expandable calculations with integers (HO)
)
(/usr/share/texlive/texmf-dist/tex/generic/etexcmds/etexcmds.sty
Package: etexcmds 2019/12/15 v1.7 Avoid name clashes with e-TeX commands (HO)
)
\Hy@SavedSpaceFactor=\count282

(/usr/share/texlive/texmf-dist/tex/latex/hyperref/puenc.def
File: puenc.def 2021-06-07 v7.00m Hyperref: PDF Unicode definition (HO)
Now handling font encoding PU ...
... no UTF-8 mapping file for font encoding PU
)
Package hyperref Info: Hyper figures OFF on input line 4192.
Package hyperref Info: Link nesting OFF on input line 4197.
Package hyperref Info: Hyper index ON on input line 4200.
Package hyperref Info: Plain pages OFF on input line 4207.
Package hyperref Info: Backreferencing OFF on input line 4212.
Package hyperref Info: Implicit mode ON; LaTeX internals redefined.
Package hyperref Info: Bookmarks ON on input line 4445.
\c@Hy@tempcnt=\count283

(/usr/share/texlive/texmf-dist/tex/latex/url/url.sty
\Urlmuskip=\muskip17
Package: url 2013/09/16  ver 3.4  Verb mode for urls, etc.
)
LaTeX Info: Redefining \url on input line 4804.
\XeTeXLinkMargin=\dimen171

(/usr/share/texlive/texmf-dist/tex/generic/bitset/bitset.sty
Package: bitset 2019/12/09 v1.3 Handle bit-vector datatype (HO)

(/usr/share/texlive/texmf-dist/tex/generic/bigintcalc/bigintcalc.sty
Package: bigintcalc 2019/12/15 v1.5 Expandable calculations on big integers (HO
)
))
\Fld@menulength=\count284
\Field@Width=\dimen172
\Fld@charsize=\dimen173
Package hyperref Info: Hyper figures OFF on input line 6076.
Package hyperref Info: Link nesting OFF on input line 6081.
Package hyperref Info: Hyper index ON on input line 6084.
Package hyperref Info: backreferencing OFF on input line 6091.
Package hyperref Info: Link coloring OFF on input line 6096.
Package hyperref Info: Link coloring with OCG OFF on input line 6101.
Package hyperref Info: PDF/A mode OFF on input line 6106.
LaTeX Info: Redefining \ref on input line 6146.
LaTeX Info: Redefining \pageref on input line 6150.

(/usr/share/texlive/texmf-dist/tex/latex/base/atbegshi-ltx.sty
Package: atbegshi-ltx 2021/01/10 v1.0c Emulation of the original atbegshi
package with kernel methods
)
\Hy@abspage=\count285
\c@Item=\count286
\c@Hfootnote=\count287
)
Package hyperref Info: Driver (autodetected): hpdftex.

(/usr/share/texlive/texmf-dist/tex/latex/hyperref/hpdftex.def
File: hpdftex.def 2021-06-07 v7.00m Hyperref driver for pdfTeX

(/usr/share/texlive/texmf-dist/tex/latex/base/atveryend-ltx.sty
Package: atveryend-ltx 2020/08/19 v1.0a Emulation of the original atveryend pac
kage
with kernel methods
)
\Fld@listcount=\count288
\c@bookmark@seq@number=\count289

(/usr/share/texlive/texmf-dist/tex/latex/rerunfilecheck/rerunfilecheck.sty
Package: rerunfilecheck 2019/12/05 v1.9 Rerun checks for auxiliary files (HO)

(/usr/share/texlive/texmf-dist/tex/generic/uniquecounter/uniquecounter.sty
Package: uniquecounter 2019/12/15 v1.4 Provide unlimited unique counter (HO)
)
Package uniquecounter Info: New unique counter `rerunfilecheck' on input line 2
86.
)
\Hy@SectionHShift=\skip58
)
(/usr/share/texlive/texmf-dist/tex/latex/listings/listings.sty
\lst@mode=\count290
\lst@gtempboxa=\box55
\lst@token=\toks25
\lst@length=\count291
\lst@currlwidth=\dimen174
\lst@column=\count292
\lst@pos=\count293
\lst@lostspace=\dimen175
\lst@width=\dimen176
\lst@newlines=\count294
\lst@lineno=\count295
\lst@maxwidth=\dimen177

(/usr/share/texlive/texmf-dist/tex/latex/listings/lstmisc.sty
File: lstmisc.sty 2020/03/24 1.8d (Carsten Heinz)
\c@lstnumber=\count296
\lst@skipnumbers=\count297
\lst@framebox=\box56
)
(/usr/share/texlive/texmf-dist/tex/latex/listings/listings.cfg
File: listings.cfg 2020/03/24 1.8d listings configuration
))
Package: listings 2020/03/24 1.8d (Carsten Heinz)

(/usr/share/texlive/texmf-dist/tex/latex/base/inputenc.sty
Package: inputenc 2021/02/14 v1.3d Input encoding file
\inpenc@prehook=\toks26
\inpenc@posthook=\toks27
)
(/usr/share/texlive/texmf-dist/tex/latex/base/fontenc.sty
Package: fontenc 2021/04/29 v2.0v Standard LaTeX package
)
(/usr/share/texmf/tex/latex/lm/lmodern.sty
Package: lmodern 2009/10/30 v1.6 Latin Modern Fonts
LaTeX Font Info:    Overwriting symbol font `operators' in version `normal'
(Font)                  OT1/cmr/m/n --> OT1/lmr/m/n on input line 22.
LaTeX Font Info:    Overwriting symbol font `letters' in version `normal'
(Font)                  OML/cmm/m/it --> OML/lmm/m/it on input line 23.
LaTeX Font Info:    Overwriting symbol font `symbols' in version `normal'
(Font)                  OMS/cmsy/m/n --> OMS/lmsy/m/n on input line 24.
LaTeX Font Info:    Overwriting symbol font `largesymbols' in version `normal'
(Font)                  OMX/cmex/m/n --> OMX/lmex/m/n on input line 25.
LaTeX Font Info:    Overwriting symbol font `operators' in version `bold'
(Font)                  OT1/cmr/bx/n --> OT1/lmr/bx/n on input line 26.
LaTeX Font Info:    Overwriting symbol font `letters' in version `bold'
(Font)                  OML/cmm/b/it --> OML/lmm/b/it on input line 27.
LaTeX Font Info:    Overwriting symbol font `symbols' in version `bold'
(Font)                  OMS/cmsy/b/n --> OMS/lmsy/b/n on input line 28.
LaTeX Font Info:    Overwriting symbol font `largesymbols' in version `bold'
(Font)                  OMX/cmex/m/n --> OMX/lmex/m/n on input line 29.
LaTeX Font Info:    Overwriting math alphabet `\mathbf' in version `normal'
(Font)                  OT1/cmr/bx/n --> OT1/lmr/bx/n on input line 31.
LaTeX Font Info:    Overwriting math alphabet `\mathsf' in version `normal'
(Font)                  OT1/cmss/m/n --> OT1/lmss/m/n on input line 32.
LaTeX Font Info:    Overwriting math alphabet `\mathit' in version `normal'
(Font)                  OT1/cmr/m/it --> OT1/lmr/m/it on input line 33.
LaTeX Font Info:    Overwriting math alphabet `\mathtt' in version `normal'
(Font)                  OT1/cmtt/m/n --> OT1/lmtt/m/n on input line 34.
LaTeX Font Info:    Overwriting math alphabet `\mathbf' in version `bold'
(Font)                  OT1/cmr/bx/n --> OT1/lmr/bx/n on input line 35.
LaTeX Font Info:    Overwriting math alphabet `\mathsf' in version `bold'
(Font)                  OT1/cmss/bx/n --> OT1/lmss/bx/n on input line 36.
LaTeX Font Info:    Overwriting math alphabet `\mathit' in version `bold'
(Font)                  OT1/cmr/bx/it --> OT1/lmr/bx/it on input line 37.
LaTeX Font Info:    Overwriting math alphabet `\mathtt' in version `bold'
(Font)                  OT1/cmtt/m/n --> OT1/lmtt/m/n on input line 38.
)
(/usr/share/texlive/texmf-dist/tex/latex/caption/caption.sty
Package: caption 2020/10/26 v3.5g Customizing captions (AR)

(/usr/share/texlive/texmf-dist/tex/latex/caption/caption3.sty
Package: caption3 2020/10/21 v2.2e caption3 kernel (AR)
\captionmargin=\dimen178
\captionmargin@=\dimen179
\captionwidth=\dimen180
\caption@tempdima=\dimen181
\caption@indent=\dimen182
\caption@parindent=\dimen183
\caption@hangindent=\dimen184
Package caption Info: Standard document class detected.
)
\c@caption@flags=\count298
\c@continuedfloat=\count299
Package caption Info: hyperref package is loaded.
Package caption Info: listings package is loaded.
)

! LaTeX Error: File `floatrow.sty' not found.

Type X to quit or <RETURN> to proceed,
or enter new name. (Default extension: sty)

Enter file name: 
(/usr/share/texlive/texmf-dist/tex/latex/subfig/subfig.sty
Package: subfig 2005/06/28 ver: 1.3 subfig package
\c@KVtest=\count300
\sf@farskip=\skip59
\sf@captopadj=\dimen185
\sf@capskip=\skip60
\sf@nearskip=\skip61
\c@subfigure=\count301
\c@subfigure@save=\count302
\c@lofdepth=\count303
\c@subtable=\count304
\c@subtable@save=\count305
\c@lotdepth=\count306
\sf@top=\skip62
\sf@bottom=\skip63
)
(/usr/share/texlive/texmf-dist/tex/latex/tools/multicol.sty
Package: multicol 2021/10/28 v1.9b multicolumn formatting (FMi)
\c@tracingmulticols=\count307
\mult@box=\box57
\multicol@leftmargin=\dimen186
\c@unbalance=\count308
\c@collectmore=\count309
\doublecol@number=\count310
\multicoltolerance=\count311
\multicolpretolerance=\count312
\full@width=\dimen187
\page@free=\dimen188
\premulticols=\dimen189
\postmulticols=\dimen190
\multicolsep=\skip64
\multicolbaselineskip=\skip65
\partial@page=\box58
\last@line=\box59
\maxbalancingoverflow=\dimen191
\mult@rightbox=\box60
\mult@grightbox=\box61
\mult@firstbox=\box62
\mult@gfirstbox=\box63
\@tempa=\box64
\@tempa=\box65
\@tempa=\box66
\@tempa=\box67
\@tempa=\box68
\@tempa=\box69
\@tempa=\box70
\@tempa=\box71
\@tempa=\box72
\@tempa=\box73
\@tempa=\box74
\@tempa=\box75
\@tempa=\box76
\@tempa=\box77
\@tempa=\box78
\@tempa=\box79
\@tempa=\box80
\@tempa=\box81
\@tempa=\box82
\@tempa=\box83
\@tempa=\box84
\@tempa=\box85
\@tempa=\box86
\@tempa=\box87
\@tempa=\box88
\@tempa=\box89
\@tempa=\box90
\@tempa=\box91
\@tempa=\box92
\@tempa=\box93
\@tempa=\box94
\@tempa=\box95
\@tempa=\box96
\@tempa=\box97
\@tempa=\box98
\@tempa=\box99
\c@minrows=\count313
\c@columnbadness=\count314
\c@finalcolumnbadness=\count315
\last@try=\dimen192
\multicolovershoot=\dimen193
\multicolundershoot=\dimen194
\mult@nat@firstbox=\box100
\colbreak@box=\box101
\mc@col@check@num=\count316
)
(/usr/share/texlive/texmf-dist/tex/latex/xcolor/xcolor.sty
Package: xcolor 2021/10/31 v2.13 LaTeX color extensions (UK)

(/usr/share/texlive/texmf-dist/tex/latex/graphics-cfg/color.cfg
File: color.cfg 2016/01/02 v1.6 sample color configuration
)
Package xcolor Info: Driver file: pdftex.def on input line 227.
Package xcolor Info: Model `cmy' substituted by `cmy0' on input line 1352.
Package xcolor Info: Model `hsb' substituted by `rgb' on input line 1356.
Package xcolor Info: Model `RGB' extended on input line 1368.
Package xcolor Info: Model `HTML' substituted by `rgb' on input line 1370.
Package xcolor Info: Model `Hsb' substituted by `hsb' on input line 1371.
Package xcolor Info: Model `tHsb' substituted by `hsb' on input line 1372.
Package xcolor Info: Model `HSB' substituted by `hsb' on input line 1373.
Package xcolor Info: Model `Gray' substituted by `gray' on input line 1374.
Package xcolor Info: Model `wave' substituted by `hsb' on input line 1375.
)

! LaTeX Error: File `pagecolor.sty' not found.

Type X to quit or <RETURN> to proceed,
or enter new name. (Default extension: sty)

Enter file name: 

! LaTeX Error: File `lipsum.sty' not found.

Type X to quit or <RETURN> to proceed,
or enter new name. (Default extension: sty)

Enter file name: 

! LaTeX Error: File `mdframed.sty' not found.

Type X to quit or <RETURN> to proceed,
or enter new name. (Default extension: sty)

Enter file name: 
(/usr/share/texlive/texmf-dist/tex/latex/tools/verbatim.sty
Package: verbatim 2020-07-07 v1.5u LaTeX2e package for verbatim enhancements
\every@verbatim=\toks28
\verbatim@line=\toks29
\verbatim@in@stream=\read2
)
(/usr/share/texlive/texmf-dist/tex/latex/carlisle/slashed.sty
Package: slashed 1997/01/16 v0.01 Feynman Slashed Character Notation (DPC)
)

! LaTeX Error: File `subfiles.sty' not found.

Type X to quit or <RETURN> to proceed,
or enter new name. (Default extension: sty)

Enter file name: 
LaTeX Font Info:    Trying to load font information for T1+lmr on input line 73
.
(/usr/share/texmf/tex/latex/lm/t1lmr.fd
File: t1lmr.fd 2009/10/30 v1.6 Font defs for Latin Modern
)
(/usr/share/texlive/texmf-dist/tex/latex/l3backend/l3backend-pdftex.def
File: l3backend-pdftex.def 2022-01-12 L3 backend support: PDF output (pdfTeX)
\l__color_backend_stack_int=\count317
\l__pdf_internal_box=\box102
)

LaTeX Warning: Unused global option(s):
    [book].

(./thesis.aux (./intro.aux

LaTeX Warning: Label `intro:eq:Lxiphi' multiply defined.

) (./nr.aux) (./bosonstars.aux

LaTeX Warning: Label `boson:fig:f1' multiply defined.


LaTeX Warning: Label `sub@boson:fig:f1' multiply defined.


LaTeX Warning: Label `boson:fig:f2' multiply defined.


LaTeX Warning: Label `sub@boson:fig:f2' multiply defined.


LaTeX Warning: Label `boson:fig:f1' multiply defined.


LaTeX Warning: Label `sub@boson:fig:f1' multiply defined.


LaTeX Warning: Label `boson:fig:f2' multiply defined.


LaTeX Warning: Label `sub@boson:fig:f2' multiply defined.


LaTeX Warning: Label `boson:fig:f1' multiply defined.


LaTeX Warning: Label `sub@boson:fig:f1' multiply defined.


LaTeX Warning: Label `boson:fig:f2' multiply defined.


LaTeX Warning: Label `sub@boson:fig:f2' multiply defined.


LaTeX Warning: Label `boson:fig:f1' multiply defined.


LaTeX Warning: Label `sub@boson:fig:f1' multiply defined.


LaTeX Warning: Label `boson:fig:f2' multiply defined.


LaTeX Warning: Label `sub@boson:fig:f2' multiply defined.


LaTeX Warning: Label `boson:fig:f1' multiply defined.


LaTeX Warning: Label `sub@boson:fig:f1' multiply defined.


LaTeX Warning: Label `boson:fig:f2' multiply defined.


LaTeX Warning: Label `sub@boson:fig:f2' multiply defined.


LaTeX Warning: Label `boson:fig:f1' multiply defined.


LaTeX Warning: Label `sub@boson:fig:f1' multiply defined.


LaTeX Warning: Label `boson:fig:f2' multiply defined.


LaTeX Warning: Label `sub@boson:fig:f2' multiply defined.


LaTeX Warning: Label `boson:fig:f1' multiply defined.


LaTeX Warning: Label `sub@boson:fig:f1' multiply defined.


LaTeX Warning: Label `boson:fig:f2' multiply defined.


LaTeX Warning: Label `sub@boson:fig:f2' multiply defined.


LaTeX Warning: Label `boson:fig:f1' multiply defined.


LaTeX Warning: Label `sub@boson:fig:f1' multiply defined.


LaTeX Warning: Label `boson:fig:f2' multiply defined.


LaTeX Warning: Label `sub@boson:fig:f2' multiply defined.


LaTeX Warning: Label `boson:fig:f1' multiply defined.


LaTeX Warning: Label `sub@boson:fig:f1' multiply defined.


LaTeX Warning: Label `boson:fig:f2' multiply defined.


LaTeX Warning: Label `sub@boson:fig:f2' multiply defined.


LaTeX Warning: Label `boson:fig:f2' multiply defined.


LaTeX Warning: Label `sub@boson:fig:f2' multiply defined.


LaTeX Warning: Label `boson:fig:f1' multiply defined.


LaTeX Warning: Label `sub@boson:fig:f1' multiply defined.


LaTeX Warning: Label `boson:fig:f2' multiply defined.


LaTeX Warning: Label `sub@boson:fig:f2' multiply defined.


LaTeX Warning: Label `boson:fig:f1' multiply defined.


LaTeX Warning: Label `sub@boson:fig:f1' multiply defined.


LaTeX Warning: Label `boson:fig:f2' multiply defined.


LaTeX Warning: Label `sub@boson:fig:f2' multiply defined.


LaTeX Warning: Label `boson:fig:f1' multiply defined.


LaTeX Warning: Label `sub@boson:fig:f1' multiply defined.


LaTeX Warning: Label `boson:fig:f2' multiply defined.


LaTeX Warning: Label `sub@boson:fig:f2' multiply defined.


LaTeX Warning: Label `boson:fig:f1' multiply defined.


LaTeX Warning: Label `sub@boson:fig:f1' multiply defined.


LaTeX Warning: Label `boson:fig:f2' multiply defined.


LaTeX Warning: Label `sub@boson:fig:f2' multiply defined.


LaTeX Warning: Label `boson:fig:f1' multiply defined.


LaTeX Warning: Label `sub@boson:fig:f1' multiply defined.


LaTeX Warning: Label `boson:fig:f2' multiply defined.


LaTeX Warning: Label `sub@boson:fig:f2' multiply defined.

) (./q.aux))
\openout1 = `thesis.aux'.

LaTeX Font Info:    Checking defaults for OML/cmm/m/it on input line 73.
LaTeX Font Info:    ... okay on input line 73.
LaTeX Font Info:    Checking defaults for OMS/cmsy/m/n on input line 73.
LaTeX Font Info:    ... okay on input line 73.
LaTeX Font Info:    Checking defaults for OT1/cmr/m/n on input line 73.
LaTeX Font Info:    ... okay on input line 73.
LaTeX Font Info:    Checking defaults for T1/cmr/m/n on input line 73.
LaTeX Font Info:    ... okay on input line 73.
LaTeX Font Info:    Checking defaults for TS1/cmr/m/n on input line 73.
LaTeX Font Info:    ... okay on input line 73.
LaTeX Font Info:    Checking defaults for OMX/cmex/m/n on input line 73.
LaTeX Font Info:    ... okay on input line 73.
LaTeX Font Info:    Checking defaults for U/cmr/m/n on input line 73.
LaTeX Font Info:    ... okay on input line 73.
LaTeX Font Info:    Checking defaults for PD1/pdf/m/n on input line 73.
LaTeX Font Info:    ... okay on input line 73.
LaTeX Font Info:    Checking defaults for PU/pdf/m/n on input line 73.
LaTeX Font Info:    ... okay on input line 73.

*geometry* driver: auto-detecting
*geometry* detected driver: pdftex
*geometry* verbose mode - [ preamble ] result:
* driver: pdftex
* paper: a4paper
* layout: <same size as paper>
* layoutoffset:(h,v)=(0.0pt,0.0pt)
* modes: 
* h-part:(L,W,R)=(50.58878pt, 496.33032pt, 50.58878pt)
* v-part:(T,H,B)=(65.04256pt, 700.50685pt, 79.49744pt)
* \paperwidth=597.50787pt
* \paperheight=845.04684pt
* \textwidth=496.33032pt
* \textheight=700.50685pt
* \oddsidemargin=-21.68121pt
* \evensidemargin=-21.68121pt
* \topmargin=-44.22743pt
* \headheight=12.0pt
* \headsep=25.0pt
* \topskip=11.0pt
* \footskip=30.0pt
* \marginparwidth=59.0pt
* \marginparsep=10.0pt
* \columnsep=10.0pt
* \skip\footins=10.0pt plus 4.0pt minus 2.0pt
* \hoffset=0.0pt
* \voffset=0.0pt
* \mag=1000
* \@twocolumnfalse
* \@twosidefalse
* \@mparswitchfalse
* \@reversemarginfalse
* (1in=72.27pt=25.4mm, 1cm=28.453pt)

(/usr/share/texlive/texmf-dist/tex/context/base/mkii/supp-pdf.mkii
[Loading MPS to PDF converter (version 2006.09.02).]
\scratchcounter=\count318
\scratchdimen=\dimen195
\scratchbox=\box103
\nofMPsegments=\count319
\nofMParguments=\count320
\everyMPshowfont=\toks30
\MPscratchCnt=\count321
\MPscratchDim=\dimen196
\MPnumerator=\count322
\makeMPintoPDFobject=\count323
\everyMPtoPDFconversion=\toks31
) (/usr/share/texlive/texmf-dist/tex/latex/epstopdf-pkg/epstopdf-base.sty
Package: epstopdf-base 2020-01-24 v2.11 Base part for package epstopdf
Package epstopdf-base Info: Redefining graphics rule for `.eps' on input line 4
85.

(/usr/share/texlive/texmf-dist/tex/latex/latexconfig/epstopdf-sys.cfg
File: epstopdf-sys.cfg 2010/07/13 v1.3 Configuration of (r)epstopdf for TeX Liv
e
))
Package hyperref Info: Link coloring OFF on input line 73.

(/usr/share/texlive/texmf-dist/tex/latex/hyperref/nameref.sty
Package: nameref 2021-04-02 v2.47 Cross-referencing by name of section

(/usr/share/texlive/texmf-dist/tex/latex/refcount/refcount.sty
Package: refcount 2019/12/15 v3.6 Data extraction from label references (HO)
)
(/usr/share/texlive/texmf-dist/tex/generic/gettitlestring/gettitlestring.sty
Package: gettitlestring 2019/12/15 v1.6 Cleanup title references (HO)
)
\c@section@level=\count324
)
LaTeX Info: Redefining \ref on input line 73.
LaTeX Info: Redefining \pageref on input line 73.
LaTeX Info: Redefining \nameref on input line 73.

(./thesis.out) (./thesis.out)
\@outlinefile=\write3
\openout3 = `thesis.out'.

\c@lstlisting=\count325
Package caption Info: Begin \AtBeginDocument code.
Package caption Info: subfig package v1.3 is loaded.
Package caption Info: End \AtBeginDocument code.

! Misplaced \noalign.
\hline ->\noalign 
                  {\ifnum 0=`}\fi \hrule \@height \arrayrulewidth \futurelet...
l.83     \hline
               
? 
! Misplaced \noalign.
\hline ->\noalign 
                  {\ifnum 0=`}\fi \hrule \@height \arrayrulewidth \futurelet...
l.87   \hline
             
? 

! LaTeX Error: Unknown float option `H'.

See the LaTeX manual or LaTeX Companion for explanation.
Type  H <return>  for immediate help.
 ...                                              
                                                  
l.94     \begin{figure}[H]
                          
? 

LaTeX Warning: File `uni_logo.png' not found on input line 96.


! Package pdftex.def Error: File `uni_logo.png' not found: using draft setting.


See the pdftex.def package documentation for explanation.
Type  H <return>  for immediate help.
 ...                                              
                                                  
l.96 ...25\textwidth]{uni_logo.png}\label{fig:f1}}
                                                  
? 
LaTeX Font Info:    Trying to load font information for T1+lmtt on input line 9
6.
(/usr/share/texmf/tex/latex/lm/t1lmtt.fd
File: t1lmtt.fd 2009/10/30 v1.6 Font defs for Latin Modern
) [1

{/var/lib/texmf/fonts/map/pdftex/updmap/pdftex.map}]pdfTeX warning (ext4): dest
ination with the same identifier (name{page.}) has been already used, duplicate
 ignored
<to be read again> 
                   \relax 
l.103 \tableofcontents
                       [1] (./thesis.toc
LaTeX Font Info:    Trying to load font information for OT1+lmr on input line 2
.

(/usr/share/texmf/tex/latex/lm/ot1lmr.fd
File: ot1lmr.fd 2009/10/30 v1.6 Font defs for Latin Modern
)
LaTeX Font Info:    Trying to load font information for OML+lmm on input line 2
.

(/usr/share/texmf/tex/latex/lm/omllmm.fd
File: omllmm.fd 2009/10/30 v1.6 Font defs for Latin Modern
)
LaTeX Font Info:    Trying to load font information for OMS+lmsy on input line 
2.

(/usr/share/texmf/tex/latex/lm/omslmsy.fd
File: omslmsy.fd 2009/10/30 v1.6 Font defs for Latin Modern
)
LaTeX Font Info:    Trying to load font information for OMX+lmex on input line 
2.

(/usr/share/texmf/tex/latex/lm/omxlmex.fd
File: omxlmex.fd 2009/10/30 v1.6 Font defs for Latin Modern
)
LaTeX Font Info:    External font `lmex10' loaded for size
(Font)              <10.95> on input line 2.
LaTeX Font Info:    External font `lmex10' loaded for size
(Font)              <8> on input line 2.
LaTeX Font Info:    External font `lmex10' loaded for size
(Font)              <6> on input line 2.
LaTeX Font Info:    Trying to load font information for U+msa on input line 2.

(/usr/share/texlive/texmf-dist/tex/latex/amsfonts/umsa.fd
File: umsa.fd 2013/01/14 v3.01 AMS symbols A
)
LaTeX Font Info:    Trying to load font information for U+msb on input line 2.

(/usr/share/texlive/texmf-dist/tex/latex/amsfonts/umsb.fd
File: umsb.fd 2013/01/14 v3.01 AMS symbols B
)pdfTeX warning (ext4): destination with the same identifier (name{page.}) has 
been already used, duplicate ignored
<to be read again> 
                   \relax 
l.61 ...N ADM METRIC MATRIX}{43}{subsection.2.1.5}
                                                  % [2

])
\tf@toc=\write4
\openout4 = `thesis.toc'.

pdfTeX warning (ext4): destination with the same identifier (name{page.}) has b
een already used, duplicate ignored
<to be read again> 
                   \relax 
l.104 \newpage
               [3]
Chapter 1.
[1

]
\openout2 = `intro.aux'.

 (./intro.tex [2

]

! LaTeX Error: Unknown float option `H'.

See the LaTeX manual or LaTeX Companion for explanation.
Type  H <return>  for immediate help.
 ...                                              
                                                  
l.48 \begin{figure}[H]
                      
? 

LaTeX Warning: File `pics/pythag_proof.png' not found on input line 50.


! Package pdftex.def Error: File `pics/pythag_proof.png' not found: using draft
 setting.

See the pdftex.def package documentation for explanation.
Type  H <return>  for immediate help.
 ...                                              
                                                  
l.50 ...dth=0.45\textwidth]{pics/pythag_proof.png}
                                                  
? 
[3] [4]
Overfull \hbox (1.86719pt too wide) in paragraph at lines 116--118
\T1/lmr/m/n/10.95 which uses the $\OT1/lmr/m/n/10.95 (0\OML/lmm/m/it/10.95 ; \O
T1/lmr/m/n/10.95 2)$ \T1/lmr/m/n/10.95 ten-sor $\OML/cmm/b/it/10.95 T$ \T1/lmr/
m/n/10.95 to map the vec-tor $\OML/cmm/b/it/10.95 X$ \T1/lmr/m/n/10.95 to a co-
vector $\OML/cmm/b/it/10.95 W$ \T1/lmr/m/n/10.95 with com-po-nents $\OML/lmm/m/
it/10.95 W[] \OT1/lmr/m/n/10.95 = \OML/lmm/m/it/10.95 T[]X[]$\T1/lmr/m/n/10.95 
. 
 []

[5] [6]
LaTeX Font Info:    External font `lmex10' loaded for size
(Font)              <9> on input line 207.
LaTeX Font Info:    External font `lmex10' loaded for size
(Font)              <5> on input line 207.

! Undefined control sequence.
l.207 ...paces associated with $p\in\M$ or $q\in\N
                                                  $ are therefore also prese...

? 
[7] [8] [9]
Overfull \hbox (1.33098pt too wide) in paragraph at lines 332--334
\T1/lmr/m/n/10.95 where $\OT1/lmr/m/n/10.95 ^^@[]$ \T1/lmr/m/n/10.95 is the com
-po-nents of the connection-symbol from Eq. ([]1.3.77[]). A triv-ial so-lu-tion
 to Eq. ([]1.2.71[])
 []

[10] [11] [12]
! Missing { inserted.
<to be read again> 
                   \begingroup 
l.447  a $(p,q)$ tensor field ${\bs{\nabla}_\bs{X}
                                                  } \bs{T}$. Requiring the c...

? 
! Missing } inserted.
<inserted text> 
                }
l.447 ...ensor field ${\bs{\nabla}_\bs{X}} \bs{T}$
                                                  . Requiring the covariant ...

? 
[13] [14]
! Missing $ inserted.
<inserted text> 
                $
l.522 ... SECTION. COULD BE QUICK, I ASSUME NABLA_
                                                  MU ROOTG =0
? 
! Missing $ inserted.
<inserted text> 
                $
l.523 
      
? 
[15] [16] [17]
! Missing delimiter (. inserted).
<to be read again> 
                   _
l.630 ... possible to demand that $g_{\mu\nu}\big_
                                                  p = \eta_{\mu\nu}$, the Mi...

? 
! Missing { inserted.
<to be read again> 
                   \vcenter 
l.630 ... possible to demand that $g_{\mu\nu}\big_
                                                  p = \eta_{\mu\nu}$, the Mi...

? 
! Missing } inserted.
<inserted text> 
                }
l.630 ... possible to demand that $g_{\mu\nu}\big_
                                                  p = \eta_{\mu\nu}$, the Mi...

? 
[18] [19] [20]
! Undefined control sequence.
<recently read> \lamba 
                       
l.780 ... can be evaluated in terms of the $\lamba
                                                  _i$ as follows,
? 
[21] [22] [23] [24] [25] [26] [27] [28] [29]

! LaTeX Error: Unknown float option `H'.

See the LaTeX manual or LaTeX Companion for explanation.
Type  H <return>  for immediate help.
 ...                                              
                                                  
l.1072 \begin{figure}[H]
                        
? 

LaTeX Warning: File `pics/scbh_penrose.png' not found on input line 1074.


! Package pdftex.def Error: File `pics/scbh_penrose.png' not found: using draft
 setting.

See the pdftex.def package documentation for explanation.
Type  H <return>  for immediate help.
 ...                                              
                                                  
l.1074 ...h=0.45\textwidth]{pics/scbh_penrose.png}
                                                  
? 
[30] [31]
! Extra }, or forgotten \right.
<template> }
            $}\ifmeasuring@ \savefieldlength@ \fi \set@field \endtemplate 
l.1135 \end{align}
                  
? 
! Missing \right. inserted.
<inserted text> 
                \right .
l.1135 \end{align}
                  
? 
! Missing } inserted.
<inserted text> 
                }
l.1135 \end{align}
                  
? 
! Extra }, or forgotten \right.
<template> }
            $}\ifmeasuring@ \savefieldlength@ \fi \set@field \endtemplate 
l.1135 \end{align}
                  
? 
! Missing \right. inserted.
<inserted text> 
                \right .
l.1135 \end{align}
                  
? 
! Missing } inserted.
<inserted text> 
                }
l.1135 \end{align}
                  
? 
[32] [33] [34] [35]
Overfull \hbox (5.12526pt too wide) in paragraph at lines 1339--1341
\T1/lmr/m/n/10.95 Given that the Con-nec-tion sym-bols $\OT1/lmr/m/n/10.95 ^^@[
]$ \T1/lmr/m/n/10.95 van-ish ev-ery-where for the met-ric com-po-nents $\OML/lm
m/m/it/10.95 ^^Q[]$ \T1/lmr/m/n/10.95 then Eq. ([]1.5.14[])
 []

[36]) [37]
Chapter 2.
[38



]
\openout2 = `nr.aux'.

 (./nr.tex [39

] [40] [41]

! LaTeX Error: Environment wrapfigure undefined.

See the LaTeX manual or LaTeX Companion for explanation.
Type  H <return>  for immediate help.
 ...                                              
                                                  
l.117 \begin{wrapfigure}
                        {r}{0.65\textwidth}
? 
! Missing number, treated as zero.
<to be read again> 
                   }
l.117 \begin{wrapfigure}{r}{0.65\textwidth}
                                           
? 
! Illegal unit of measure (pt inserted).
<to be read again> 
                   }
l.117 \begin{wrapfigure}{r}{0.65\textwidth}
                                           
? 

LaTeX Warning: File `adm.png' not found on input line 118.


! Package pdftex.def Error: File `adm.png' not found: using draft setting.

See the pdftex.def package documentation for explanation.
Type  H <return>  for immediate help.
 ...                                              
                                                  
l.118 ...degraphics[width=0.65\textwidth]{adm.png}
                                                  
? 

! LaTeX Error: \begin{document} ended by \end{wrapfigure}.

See the LaTeX manual or LaTeX Companion for explanation.
Type  H <return>  for immediate help.
 ...                                              
                                                  
l.119 \end{wrapfigure}
                      
? 
[42] [43]

LaTeX Warning: Citation `harmonic' on page 44 undefined on input line 148.

! Undefined control sequence.
<recently read> \trace 
                       
l.154 During an evolution the conditions $\trace
                                                {\tilde{A}_{ij}=0}$  and $\t...

? 

LaTeX Warning: Citation `z4' on page 44 undefined on input line 162.

[44] [45]

LaTeX Warning: File `schwarzschild2.png' not found on input line 194.


! Package pdftex.def Error: File `schwarzschild2.png' not found: using draft se
tting.

See the pdftex.def package documentation for explanation.
Type  H <return>  for immediate help.
 ...                                              
                                                  
l.194 ...{schwarzschild2.png}\label{boson:fig:f1}}
                                                  
? 

LaTeX Warning: File `schwarzschild.png' not found on input line 196.


! Package pdftex.def Error: File `schwarzschild.png' not found: using draft set
ting.

See the pdftex.def package documentation for explanation.
Type  H <return>  for immediate help.
 ...                                              
                                                  
l.196 ...]{schwarzschild.png}\label{boson:fig:f2}}
                                                  
? 
[46]) [47] [48]
\openout2 = `bosonstars.aux'.

 (./bosonstars.tex [49



] [50] [51] [52] [53] [54] [55] [56]

! LaTeX Error: Unknown float option `H'.

See the LaTeX manual or LaTeX Companion for explanation.
Type  H <return>  for immediate help.
 ...                                              
                                                  
l.224   \begin{figure}[H]
                         
? 

LaTeX Warning: File `bosonstar_groundstate.png' not found on input line 227.


! Package pdftex.def Error: File `bosonstar_groundstate.png' not found: using d
raft setting.

See the pdftex.def package documentation for explanation.
Type  H <return>  for immediate help.
 ...                                              
                                                  
l.227 ...tar_groundstate.png}\label{boson:fig:f1}}
                                                  
? 

LaTeX Warning: File `bosonstar_excitedstate.png' not found on input line 229.


! Package pdftex.def Error: File `bosonstar_excitedstate.png' not found: using 
draft setting.

See the pdftex.def package documentation for explanation.
Type  H <return>  for immediate help.
 ...                                              
                                                  
l.229 ...ar_excitedstate.png}\label{boson:fig:f2}}
                                                  
? 

! LaTeX Error: Unknown float option `H'.

See the LaTeX manual or LaTeX Companion for explanation.
Type  H <return>  for immediate help.
 ...                                              
                                                  
l.234   \begin{figure}[H]
                         
? 

LaTeX Warning: File `ADM_vs_PC.png' not found on input line 237.


! Package pdftex.def Error: File `ADM_vs_PC.png' not found: using draft setting
.

See the pdftex.def package documentation for explanation.
Type  H <return>  for immediate help.
 ...                                              
                                                  
l.237 ...idth]{ADM_vs_PC.png}\label{boson:fig:f1}}
                                                  
? 

LaTeX Warning: File `ADM_vs_r99.png' not found on input line 239.


! Package pdftex.def Error: File `ADM_vs_r99.png' not found: using draft settin
g.

See the pdftex.def package documentation for explanation.
Type  H <return>  for immediate help.
 ...                                              
                                                  
l.239 ...dth]{ADM_vs_r99.png}\label{boson:fig:f2}}
                                                  
? 

! LaTeX Error: Unknown float option `H'.

See the LaTeX manual or LaTeX Companion for explanation.
Type  H <return>  for immediate help.
 ...                                              
                                                  
l.246   \begin{figure}[H]
                         
? 

LaTeX Warning: File `mod_phi_nice0000.png' not found on input line 249.


! Package pdftex.def Error: File `mod_phi_nice0000.png' not found: using draft 
setting.

See the pdftex.def package documentation for explanation.
Type  H <return>  for immediate help.
 ...                                              
                                                  
l.249 ...od_phi_nice0000.png}\label{boson:fig:f1}}
                                                  
? 

LaTeX Warning: File `modphimax.png' not found on input line 251.


! Package pdftex.def Error: File `modphimax.png' not found: using draft setting
.

See the pdftex.def package documentation for explanation.
Type  H <return>  for immediate help.
 ...                                              
                                                  
l.251 ...idth]{modphimax.png}\label{boson:fig:f2}}
                                                  
? 

! LaTeX Error: Unknown float option `H'.

See the LaTeX manual or LaTeX Companion for explanation.
Type  H <return>  for immediate help.
 ...                                              
                                                  
l.255   \begin{figure}[H]
                         
? 

LaTeX Warning: File `N.png' not found on input line 258.


! Package pdftex.def Error: File `N.png' not found: using draft setting.

See the pdftex.def package documentation for explanation.
Type  H <return>  for immediate help.
 ...                                              
                                                  
l.258 ....5\textwidth]{N.png}\label{boson:fig:f1}}
                                                  
? 

LaTeX Warning: File `H.png' not found on input line 260.


! Package pdftex.def Error: File `H.png' not found: using draft setting.

See the pdftex.def package documentation for explanation.
Type  H <return>  for immediate help.
 ...                                              
                                                  
l.260 ....5\textwidth]{H.png}\label{boson:fig:f2}}
                                                  
? 
[57] [58] [59]

! LaTeX Error: Unknown float option `H'.

See the LaTeX manual or LaTeX Companion for explanation.
Type  H <return>  for immediate help.
 ...                                              
                                                  
l.280   \begin{figure}[H]
                         
? 

LaTeX Warning: File `headon_bs/chi0000.png' not found on input line 283.


! Package pdftex.def Error: File `headon_bs/chi0000.png' not found: using draft
 setting.

See the pdftex.def package documentation for explanation.
Type  H <return>  for immediate help.
 ...                                              
                                                  
l.283 ...adon_bs/chi0000.png}\label{boson:fig:f1}}
                                                  
? 

LaTeX Warning: File `headon_bs/modphi0000.png' not found on input line 285.


! Package pdftex.def Error: File `headon_bs/modphi0000.png' not found: using dr
aft setting.

See the pdftex.def package documentation for explanation.
Type  H <return>  for immediate help.
 ...                                              
                                                  
l.285 ...n_bs/modphi0000.png}\label{boson:fig:f2}}
                                                  
? 

! LaTeX Error: Unknown float option `H'.

See the LaTeX manual or LaTeX Companion for explanation.
Type  H <return>  for immediate help.
 ...                                              
                                                  
l.287   \begin{figure}[H]
                         
? 

LaTeX Warning: File `headon_bs/modphi0003.png' not found on input line 290.


! Package pdftex.def Error: File `headon_bs/modphi0003.png' not found: using dr
aft setting.

See the pdftex.def package documentation for explanation.
Type  H <return>  for immediate help.
 ...                                              
                                                  
l.290 ...n_bs/modphi0003.png}\label{boson:fig:f1}}
                                                  
? 

LaTeX Warning: File `headon_bs/modphi0004.png' not found on input line 292.


! Package pdftex.def Error: File `headon_bs/modphi0004.png' not found: using dr
aft setting.

See the pdftex.def package documentation for explanation.
Type  H <return>  for immediate help.
 ...                                              
                                                  
l.292 ...n_bs/modphi0004.png}\label{boson:fig:f2}}
                                                  
? 

! LaTeX Error: Unknown float option `H'.

See the LaTeX manual or LaTeX Companion for explanation.
Type  H <return>  for immediate help.
 ...                                              
                                                  
l.294    \begin{figure}[H]
                          
? 

LaTeX Warning: File `headon_bs/phi_re0004.png' not found on input line 297.


! Package pdftex.def Error: File `headon_bs/phi_re0004.png' not found: using dr
aft setting.

See the pdftex.def package documentation for explanation.
Type  H <return>  for immediate help.
 ...                                              
                                                  
l.297 ...n_bs/phi_re0004.png}\label{boson:fig:f1}}
                                                  
? 

LaTeX Warning: File `headon_bs/phi_re_perp0004.png' not found on input line 299
.


! Package pdftex.def Error: File `headon_bs/phi_re_perp0004.png' not found: usi
ng draft setting.

See the pdftex.def package documentation for explanation.
Type  H <return>  for immediate help.
 ...                                              
                                                  
l.299 ...phi_re_perp0004.png}\label{boson:fig:f2}}
                                                  
? 

! LaTeX Error: Unknown float option `H'.

See the LaTeX manual or LaTeX Companion for explanation.
Type  H <return>  for immediate help.
 ...                                              
                                                  
l.304   \begin{figure}[H]
                         
? 

LaTeX Warning: File `LMR/chi0000.png' not found on input line 307.


! Package pdftex.def Error: File `LMR/chi0000.png' not found: using draft setti
ng.

See the pdftex.def package documentation for explanation.
Type  H <return>  for immediate help.
 ...                                              
                                                  
l.307 ...th]{LMR/chi0000.png}\label{boson:fig:f1}}
                                                  
? 

LaTeX Warning: File `LMR/modphi0000.png' not found on input line 309.


! Package pdftex.def Error: File `LMR/modphi0000.png' not found: using draft se
tting.

See the pdftex.def package documentation for explanation.
Type  H <return>  for immediate help.
 ...                                              
                                                  
l.309 ...{LMR/modphi0000.png}\label{boson:fig:f2}}
                                                  
? 

! LaTeX Error: Unknown float option `H'.

See the LaTeX manual or LaTeX Companion for explanation.
Type  H <return>  for immediate help.
 ...                                              
                                                  
l.311   \begin{figure}[H]
                         
? 

LaTeX Warning: File `LMR/chi0005.png' not found on input line 314.


! Package pdftex.def Error: File `LMR/chi0005.png' not found: using draft setti
ng.

See the pdftex.def package documentation for explanation.
Type  H <return>  for immediate help.
 ...                                              
                                                  
l.314 ...th]{LMR/chi0005.png}\label{boson:fig:f1}}
                                                  
? 

LaTeX Warning: File `LMR/modphi0005.png' not found on input line 316.


! Package pdftex.def Error: File `LMR/modphi0005.png' not found: using draft se
tting.

See the pdftex.def package documentation for explanation.
Type  H <return>  for immediate help.
 ...                                              
                                                  
l.316 ...{LMR/modphi0005.png}\label{boson:fig:f2}}
                                                  
? 

LaTeX Warning: File `LMR/phi_re0000.png' not found on input line 318.


! Package pdftex.def Error: File `LMR/phi_re0000.png' not found: using draft se
tting.

See the pdftex.def package documentation for explanation.
Type  H <return>  for immediate help.
 ...                                              
                                                  
l.318 ...{LMR/phi_re0000.png}\label{boson:fig:f2}}
                                                  
? 

! LaTeX Error: Unknown float option `H'.

See the LaTeX manual or LaTeX Companion for explanation.
Type  H <return>  for immediate help.
 ...                                              
                                                  
l.321   \begin{figure}[H]
                         
? 

LaTeX Warning: File `headon/chi0000.png' not found on input line 324.


! Package pdftex.def Error: File `headon/chi0000.png' not found: using draft se
tting.

See the pdftex.def package documentation for explanation.
Type  H <return>  for immediate help.
 ...                                              
                                                  
l.324 ...{headon/chi0000.png}\label{boson:fig:f1}}
                                                  
? 

LaTeX Warning: File `headon/mod_phi0000.png' not found on input line 326.


! Package pdftex.def Error: File `headon/mod_phi0000.png' not found: using draf
t setting.

See the pdftex.def package documentation for explanation.
Type  H <return>  for immediate help.
 ...                                              
                                                  
l.326 ...don/mod_phi0000.png}\label{boson:fig:f2}}
                                                  
? 

! LaTeX Error: Unknown float option `H'.

See the LaTeX manual or LaTeX Companion for explanation.
Type  H <return>  for immediate help.
 ...                                              
                                                  
l.328   \begin{figure}[H]
                         
? 

LaTeX Warning: File `headon/phi_re0000.png' not found on input line 331.


! Package pdftex.def Error: File `headon/phi_re0000.png' not found: using draft
 setting.

See the pdftex.def package documentation for explanation.
Type  H <return>  for immediate help.
 ...                                              
                                                  
l.331 ...adon/phi_re0000.png}\label{boson:fig:f1}}
                                                  
? 

LaTeX Warning: File `headon/mod_phi0007.png' not found on input line 333.


! Package pdftex.def Error: File `headon/mod_phi0007.png' not found: using draf
t setting.

See the pdftex.def package documentation for explanation.
Type  H <return>  for immediate help.
 ...                                              
                                                  
l.333 ...don/mod_phi0007.png}\label{boson:fig:f2}}
                                                  
? 

! LaTeX Error: Unknown float option `H'.

See the LaTeX manual or LaTeX Companion for explanation.
Type  H <return>  for immediate help.
 ...                                              
                                                  
l.343   \begin{figure}[H]
                         
? 

LaTeX Warning: File `inspiral/mod_phi_inspiral_nice0000.png' not found on input
 line 346.


! Package pdftex.def Error: File `inspiral/mod_phi_inspiral_nice0000.png' not f
ound: using draft setting.

See the pdftex.def package documentation for explanation.
Type  H <return>  for immediate help.
 ...                                              
                                                  
l.346 ...spiral_nice0000.png}\label{boson:fig:f1}}
                                                  
? 

LaTeX Warning: File `inspiral/mod_phi_inspiral_nice0002.png' not found on input
 line 348.


! Package pdftex.def Error: File `inspiral/mod_phi_inspiral_nice0002.png' not f
ound: using draft setting.

See the pdftex.def package documentation for explanation.
Type  H <return>  for immediate help.
 ...                                              
                                                  
l.348 ...spiral_nice0002.png}\label{boson:fig:f2}}
                                                  
? 

! LaTeX Error: Unknown float option `H'.

See the LaTeX manual or LaTeX Companion for explanation.
Type  H <return>  for immediate help.
 ...                                              
                                                  
l.350   \begin{figure}[H]
                         
? 

LaTeX Warning: File `inspiral/phi_inspiral_nice0000.png' not found on input lin
e 353.


! Package pdftex.def Error: File `inspiral/phi_inspiral_nice0000.png' not found
: using draft setting.

See the pdftex.def package documentation for explanation.
Type  H <return>  for immediate help.
 ...                                              
                                                  
l.353 ...spiral_nice0000.png}\label{boson:fig:f1}}
                                                  
? 

LaTeX Warning: File `inspiral/phi_inspiral_nice0002.png' not found on input lin
e 355.


! Package pdftex.def Error: File `inspiral/phi_inspiral_nice0002.png' not found
: using draft setting.

See the pdftex.def package documentation for explanation.
Type  H <return>  for immediate help.
 ...                                              
                                                  
l.355 ...spiral_nice0002.png}\label{boson:fig:f2}}
                                                  
? 

! LaTeX Error: Unknown float option `H'.

See the LaTeX manual or LaTeX Companion for explanation.
Type  H <return>  for immediate help.
 ...                                              
                                                  
l.357   \begin{figure}[H]
                         
? 

LaTeX Warning: File `inspiral/N.png' not found on input line 360.


! Package pdftex.def Error: File `inspiral/N.png' not found: using draft settin
g.

See the pdftex.def package documentation for explanation.
Type  H <return>  for immediate help.
 ...                                              
                                                  
l.360 ...dth]{inspiral/N.png}\label{boson:fig:f1}}
                                                  
? 

LaTeX Warning: File `inspiral/GW.png' not found on input line 362.


! Package pdftex.def Error: File `inspiral/GW.png' not found: using draft setti
ng.

See the pdftex.def package documentation for explanation.
Type  H <return>  for immediate help.
 ...                                              
                                                  
l.362 ...th]{inspiral/GW.png}\label{boson:fig:f2}}
                                                  
? 
[60] [61] [62] [63] [64] [65]) [66] [67]
Chapter 3.
[68



]
\openout2 = `q.aux'.

 (./q.tex [69

]

LaTeX Warning: Citation `Alcubierre:2002kk' on page 70 undefined on input line 
53.


LaTeX Warning: Citation `10.2307/2397365' on page 70 undefined on input line 55
.


LaTeX Warning: Citation `Sanchis_Gual_2019' on page 70 undefined on input line 
59.


LaTeX Warning: Citation `Di_Giovanni_2020' on page 70 undefined on input line 5
9.


LaTeX Warning: Citation `PhysRevD.103.044059' on page 70 undefined on input lin
e 59.


LaTeX Warning: Citation `PhysRevD.96.024004' on page 70 undefined on input line
 59.

[70]

LaTeX Warning: Citation `Clough_2021' on page 71 undefined on input line 61.


LaTeX Warning: Citation `Clough_2021' on page 71 undefined on input line 63.

! Undefined control sequence.
<recently read> \grchombo 
                          
l.65 ...tem for angular momentum, using $\grchombo
                                                  $ \cite{clough2015grchombo...

? 

LaTeX Warning: Citation `clough2015grchombo' on page 71 undefined on input line
 65.


LaTeX Warning: Citation `Andrade2021' on page 71 undefined on input line 65.


LaTeX Warning: Citation `2008' on page 71 undefined on input line 88.


LaTeX Warning: Citation `gourgoulhon20073+' on page 71 undefined on input line 
88.


LaTeX Warning: File `png/qfs_simple.png' not found on input line 91.


! Package pdftex.def Error: File `png/qfs_simple.png' not found: using draft se
tting.

See the pdftex.def package documentation for explanation.
Type  H <return>  for immediate help.
 ...                                              
                                                  
l.91 ...width=1.0\columnwidth]{png/qfs_simple.png}
                                                  }
? 
[71]

LaTeX Warning: `h' float specifier changed to `ht'.


Overfull \hbox (0.22266pt too wide) in paragraph at lines 96--97
[]\T1/lmr/m/n/10.95 With the rel-e-vant ge-om-e-try dis-cussed we can de-rive t
he QFS sys-tem, Eq. ([]4.1.4[]), by in-te-grat-ing Eq. ([]4.1.5[])
 []


LaTeX Warning: Citation `baumgarte_shapiro_2010' on page 72 undefined on input 
line 100.

[72] [73] [74]

LaTeX Warning: Citation `liebling2017dynamical' on page 75 undefined on input l
ine 242.

[75]

LaTeX Warning: Citation `Minamitsuji_2018' on page 76 undefined on input line 2
66.


LaTeX Warning: Citation `Zilh_o_2015' on page 76 undefined on input line 270.

[76]

LaTeX Warning: Citation `Clough_2021' on page 77 undefined on input line 329.


LaTeX Warning: Citation `Clough_2021' on page 77 undefined on input line 329.


LaTeX Warning: Citation `gourgoulhon20073+' on page 77 undefined on input line 
339.


LaTeX Warning: Citation `alcubierre2008introduction' on page 77 undefined on in
put line 339.

[77]

LaTeX Warning: Citation `Clough_2021' on page 78 undefined on input line 365.


LaTeX Warning: Citation `gourgoulhon20073+' on page 78 undefined on input line 
376.


LaTeX Warning: Citation `alcubierre2008introduction' on page 78 undefined on in
put line 376.

[78]

LaTeX Warning: Citation `Clough_2021' on page 79 undefined on input line 391.

! Undefined control sequence.
<recently read> \grchombo 
                          
l.409 ...stars is simulated in 3D using $\grchombo
                                                  $ \cite{clough2015grchombo...

? 

LaTeX Warning: Citation `clough2015grchombo' on page 79 undefined on input line
 409.


LaTeX Warning: Citation `Andrade2021' on page 79 undefined on input line 409.

! Undefined control sequence.
<recently read> \grchombo 
                          
l.409 ...ough2015grchombo,Andrade2021}. $\grchombo
                                                  $ is a modern, open source...

? 

LaTeX Warning: Citation `PhysRevD.67.104005' on page 79 undefined on input line
 410.


LaTeX Warning: Citation `PhysRevD.67.104005' on page 79 undefined on input line
 410.


LaTeX Warning: Citation `PhysRevD.85.064040' on page 79 undefined on input line
 410.


LaTeX Warning: Citation `PhysRevLett.96.111101' on page 79 undefined on input l
ine 410.


LaTeX Warning: Citation `PhysRevLett.96.111102' on page 79 undefined on input l
ine 410.


LaTeX Warning: Citation `liebling2017dynamical' on page 79 undefined on input l
ine 417.

[79]

LaTeX Warning: File `png/Qplot_20.0.png' not found on input line 445.


! Package pdftex.def Error: File `png/Qplot_20.0.png' not found: using draft se
tting.

See the pdftex.def package documentation for explanation.
Type  H <return>  for immediate help.
 ...                                              
                                                  
l.445 ...idth=0.9\columnwidth]{png/Qplot_20.0.png}
                                                  }
? 

LaTeX Warning: `!h' float specifier changed to `!ht'.


LaTeX Warning: File `png/Qplot_40.0.png' not found on input line 451.


! Package pdftex.def Error: File `png/Qplot_40.0.png' not found: using draft se
tting.

See the pdftex.def package documentation for explanation.
Type  H <return>  for immediate help.
 ...                                              
                                                  
l.451 ...idth=0.9\columnwidth]{png/Qplot_40.0.png}
                                                  }
? 

LaTeX Warning: `!h' float specifier changed to `!ht'.


LaTeX Warning: File `png/Qplot_60.0.png' not found on input line 457.


! Package pdftex.def Error: File `png/Qplot_60.0.png' not found: using draft se
tting.

See the pdftex.def package documentation for explanation.
Type  H <return>  for immediate help.
 ...                                              
                                                  
l.457 ...idth=0.9\columnwidth]{png/Qplot_60.0.png}
                                                  }
? 

LaTeX Warning: `!h' float specifier changed to `!ht'.


LaTeX Warning: Citation `helfer2021malaise' on page 80 undefined on input line 
463.


Overfull \hbox (6.39803pt too wide) in paragraph at lines 463--465
[]\T1/lmr/m/n/10.95 The ini-tial data of the nu-mer-i-cal sim-u-la-tions con-si
sts of two bo-son stars, each with mass $\OML/lmm/m/it/10.95 M \OT1/lmr/m/n/10.
95 = 0\OML/lmm/m/it/10.95 :\OT1/lmr/m/n/10.95 395(0) []\OML/lmm/m/it/10.95 m[]$
\T1/lmr/m/n/10.95 ,
 []

[80]

LaTeX Warning: File `png/paper_conv40_2.png' not found on input line 478.


! Package pdftex.def Error: File `png/paper_conv40_2.png' not found: using draf
t setting.

See the pdftex.def package documentation for explanation.
Type  H <return>  for immediate help.
 ...                                              
                                                  
l.478 ...0.95\columnwidth]{png/paper_conv40_2.png}
                                                  }
? 

LaTeX Warning: `h' float specifier changed to `ht'.


LaTeX Warning: File `png/paper_conv40.png' not found on input line 483.


! Package pdftex.def Error: File `png/paper_conv40.png' not found: using draft 
setting.

See the pdftex.def package documentation for explanation.
Type  H <return>  for immediate help.
 ...                                              
                                                  
l.483 ...h=0.95\columnwidth]{png/paper_conv40.png}
                                                  }
? 

LaTeX Warning: `h' float specifier changed to `ht'.


LaTeX Warning: Citation `Clough_2015' on page 81 undefined on input line 488.


LaTeX Warning: Citation `PresTeukVettFlan92' on page 81 undefined on input line
 493.


LaTeX Warning: File `png/paper_conv123.png' not found on input line 501.


! Package pdftex.def Error: File `png/paper_conv123.png' not found: using draft
 setting.

See the pdftex.def package documentation for explanation.
Type  H <return>  for immediate help.
 ...                                              
                                                  
l.501 ...=0.95\columnwidth]{png/paper_conv123.png}
                                                  }
? 

LaTeX Warning: `h' float specifier changed to `ht'.

[81]

LaTeX Warning: File `png/conv_order_40.0.png' not found on input line 524.


! Package pdftex.def Error: File `png/conv_order_40.0.png' not found: using dra
ft setting.

See the pdftex.def package documentation for explanation.
Type  H <return>  for immediate help.
 ...                                              
                                                  
l.524 ....95\columnwidth]{png/conv_order_40.0.png}
                                                  }
? 

LaTeX Warning: `h' float specifier changed to `ht'.

[82]

LaTeX Warning: Citation `Clough_2021' on page 83 undefined on input line 568.


LaTeX Warning: Citation `gourgoulhon20073+' on page 83 undefined on input line 
568.


LaTeX Warning: Citation `alcubierre2008introduction' on page 83 undefined on in
put line 568.

[83]

LaTeX Warning: File `png/qfs_coloured.png' not found on input line 616.


! Package pdftex.def Error: File `png/qfs_coloured.png' not found: using draft 
setting.

See the pdftex.def package documentation for explanation.
Type  H <return>  for immediate help.
 ...                                              
                                                  
l.616 ...th=1.0\columnwidth]{png/qfs_coloured.png}
                                                  }
? 

LaTeX Warning: `h' float specifier changed to `ht'.

[84]
No file thesis.bbl.
) [85] [86] [87] [88] [89] [90] [91] [92] [93] [94]
No file thesis.bbl.
[95



] (./thesis.aux (./intro.aux) (./nr.aux) (./bosonstars.aux) (./q.aux))

LaTeX Warning: There were undefined references.


LaTeX Warning: There were multiply-defined labels.


Package rerunfilecheck Warning: File `thesis.out' has changed.
(rerunfilecheck)                Rerun to get outlines right
(rerunfilecheck)                or use package `bookmark'.

Package rerunfilecheck Info: Checksums for `thesis.out':
(rerunfilecheck)             Before: FB898CCC009BF7089425DE075E231563;13834
(rerunfilecheck)             After:  AFFBF025A281374ED81F64B4E74F3D28;14358.
 ) 
Here is how much of TeX's memory you used:
 17601 strings out of 480247
 294251 string characters out of 5896151
 570940 words of memory out of 5000000
 34221 multiletter control sequences out of 15000+600000
 562217 words of font info for 99 fonts, out of 8000000 for 9000
 14 hyphenation exceptions out of 8191
 60i,20n,63p,2064b,487s stack positions out of 5000i,500n,10000p,200000b,80000s
pdfTeX warning (dest): name{equation.4.1.106} has been referenced but does no
t exist, replaced by a fixed one

pdfTeX warning (dest): name{equation.4.1.102} has been referenced but does not 
exist, replaced by a fixed one

pdfTeX warning (dest): name{equation.4.1.101} has been referenced but does not 
exist, replaced by a fixed one

pdfTeX warning (dest): name{equation.4.1.103} has been referenced but does not 
exist, replaced by a fixed one

pdfTeX warning (dest): name{equation.4.1.99} has been referenced but does not e
xist, replaced by a fixed one

pdfTeX warning (dest): name{equation.4.1.94} has been referenced but does not e
xist, replaced by a fixed one

pdfTeX warning (dest): name{equation.4.1.129} has been referenced but does not 
exist, replaced by a fixed one

pdfTeX warning (dest): name{equation.4.1.137} has been referenced but does not 
exist, replaced by a fixed one

pdfTeX warning (dest): name{equation.4.1.134} has been referenced but does not 
exist, replaced by a fixed one

pdfTeX warning (dest): name{equation.4.1.33} has been referenced but does not e
xist, replaced by a fixed one

pdfTeX warning (dest): name{equation.4.1.126} has been referenced but does not 
exist, replaced by a fixed one

pdfTeX warning (dest): name{equation.4.1.124} has been referenced but does not 
exist, replaced by a fixed one

pdfTeX warning (dest): name{equation.4.1.125} has been referenced but does not 
exist, replaced by a fixed one

pdfTeX warning (dest): name{equation.4.1.9} has been referenced but does not ex
ist, replaced by a fixed one

pdfTeX warning (dest): name{equation.4.1.6} has been referenced but does not ex
ist, replaced by a fixed one

pdfTeX warning (dest): name{equation.4.1.116} has been referenced but does not 
exist, replaced by a fixed one

pdfTeX warning (dest): name{equation.4.1.115} has been referenced but does not 
exist, replaced by a fixed one

pdfTeX warning (dest): name{equation.4.1.114} has been referenced but does not 
exist, replaced by a fixed one

pdfTeX warning (dest): name{equation.4.1.108} has been referenced but does not 
exist, replaced by a fixed one

pdfTeX warning (dest): name{equation.4.1.107} has been referenced but does not 
exist, replaced by a fixed one

pdfTeX warning (dest): name{equation.4.1.105} has been referenced but does not 
exist, replaced by a fixed one

pdfTeX warning (dest): name{equation.4.1.104} has been referenced but does not 
exist, replaced by a fixed one

pdfTeX warning (dest): name{equation.4.1.84} has been referenced but does not e
xist, replaced by a fixed one

pdfTeX warning (dest): name{equation.4.1.83} has been referenced but does not e
xist, replaced by a fixed one

pdfTeX warning (dest): name{equation.4.1.74} has been referenced but does not e
xist, replaced by a fixed one

pdfTeX warning (dest): name{equation.4.1.44} has been referenced but does not e
xist, replaced by a fixed one

pdfTeX warning (dest): name{equation.4.1.39} has been referenced but does not e
xist, replaced by a fixed one

pdfTeX warning (dest): name{equation.4.1.77} has been referenced but does not e
xist, replaced by a fixed one

pdfTeX warning (dest): name{equation.4.1.73} has been referenced but does not e
xist, replaced by a fixed one

pdfTeX warning (dest): name{equation.4.1.70} has been referenced but does not e
xist, replaced by a fixed one

pdfTeX warning (dest): name{equation.4.1.72} has been referenced but does not e
xist, replaced by a fixed one

pdfTeX warning (dest): name{equation.4.1.43} has been referenced but does not e
xist, replaced by a fixed one

pdfTeX warning (dest): name{equation.4.1.26} has been referenced but does not e
xist, replaced by a fixed one

pdfTeX warning (dest): name{equation.4.1.18} has been referenced but does not e
xist, replaced by a fixed one

pdfTeX warning (dest): name{equation.4.1.28} has been referenced but does not e
xist, replaced by a fixed one

pdfTeX warning (dest): name{equation.4.1.36} has been referenced but does not e
xist, replaced by a fixed one

pdfTeX warning (dest): name{equation.4.1.34} has been referenced but does not e
xist, replaced by a fixed one

pdfTeX warning (dest): name{equation.4.1.30} has been referenced but does not e
xist, replaced by a fixed one

pdfTeX warning (dest): name{equation.4.1.29} has been referenced but does not e
xist, replaced by a fixed one

pdfTeX warning (dest): name{equation.4.1.32} has been referenced but does not e
xist, replaced by a fixed one

pdfTeX warning (dest): name{equation.4.1.31} has been referenced but does not e
xist, replaced by a fixed one

pdfTeX warning (dest): name{equation.4.1.19} has been referenced but does not e
xist, replaced by a fixed one

pdfTeX warning (dest): name{equation.4.1.17} has been referenced but does not e
xist, replaced by a fixed one

pdfTeX warning (dest): name{equation.4.1.24} has been referenced but does not e
xist, replaced by a fixed one

pdfTeX warning (dest): name{equation.4.1.23} has been referenced but does not e
xist, replaced by a fixed one

pdfTeX warning (dest): name{equation.4.1.15} has been referenced but does not e
xist, replaced by a fixed one

pdfTeX warning (dest): name{equation.4.1.13} has been referenced but does not e
xist, replaced by a fixed one

pdfTeX warning (dest): name{equation.4.1.11} has been referenced but does not e
xist, replaced by a fixed one

pdfTeX warning (dest): name{equation.4.1.8} has been referenced but does not ex
ist, replaced by a fixed one

pdfTeX warning (dest): name{equation.4.1.5} has been referenced but does not ex
ist, replaced by a fixed one

pdfTeX warning (dest): name{equation.4.1.7} has been referenced but does not ex
ist, replaced by a fixed one

pdfTeX warning (dest): name{equation.4.1.16} has been referenced but does not e
xist, replaced by a fixed one

pdfTeX warning (dest): name{equation.4.1.4} has been referenced but does not ex
ist, replaced by a fixed one

pdfTeX warning (dest): name{equation.4.1.22} has been referenced but does not e
xist, replaced by a fixed one

pdfTeX warning (dest): name{equation.4.1.3} has been referenced but does not ex
ist, replaced by a fixed one

pdfTeX warning (dest): name{equation.4.1.21} has been referenced but does not e
xist, replaced by a fixed one

pdfTeX warning (dest): name{equation.4.1.20} has been referenced but does not e
xist, replaced by a fixed one

pdfTeX warning (dest): name{subsection.4.1.9} has been referenced but does not 
exist, replaced by a fixed one

pdfTeX warning (dest): name{subsection.4.1.8} has been referenced but does not 
exist, replaced by a fixed one

pdfTeX warning (dest): name{subsection.4.1.7} has been referenced but does not 
exist, replaced by a fixed one

pdfTeX warning (dest): name{subsection.4.1.6} has been referenced but does not 
exist, replaced by a fixed one

pdfTeX warning (dest): name{subsection.4.1.5} has been referenced but does not 
exist, replaced by a fixed one

pdfTeX warning (dest): name{subsection.4.1.4} has been referenced but does not 
exist, replaced by a fixed one

pdfTeX warning (dest): name{subsection.4.1.3} has been referenced but does not 
exist, replaced by a fixed one

pdfTeX warning (dest): name{subsection.4.1.2} has been referenced but does not 
exist, replaced by a fixed one

pdfTeX warning (dest): name{subsection.4.1.1} has been referenced but does not 
exist, replaced by a fixed one

pdfTeX warning (dest): name{section.4.1} has been referenced but does not exist
, replaced by a fixed one

pdfTeX warning (dest): name{chapter.4} has been referenced but does not exist, 
replaced by a fixed one

pdfTeX warning (dest): name{subsection.3.2.9} has been referenced but does not 
exist, replaced by a fixed one

pdfTeX warning (dest): name{subsection.3.2.8} has been referenced but does not 
exist, replaced by a fixed one

pdfTeX warning (dest): name{subsection.3.2.7} has been referenced but does not 
exist, replaced by a fixed one

pdfTeX warning (dest): name{subsection.3.2.6} has been referenced but does not 
exist, replaced by a fixed one

pdfTeX warning (dest): name{subsection.3.2.5} has been referenced but does not 
exist, replaced by a fixed one

pdfTeX warning (dest): name{subsection.3.2.4} has been referenced but does not 
exist, replaced by a fixed one

pdfTeX warning (dest): name{subsection.3.2.3} has been referenced but does not 
exist, replaced by a fixed one

pdfTeX warning (dest): name{subsection.3.2.2} has been referenced but does not 
exist, replaced by a fixed one

pdfTeX warning (dest): name{subsection.3.2.1} has been referenced but does not 
exist, replaced by a fixed one

pdfTeX warning (dest): name{section.3.2} has been referenced but does not exist
, replaced by a fixed one

{/usr/share/texmf/fonts/enc/dvips/lm/lm-mathsy.enc}{/usr/share/texmf/fonts/enc/
dvips/lm/lm-mathit.enc}{/usr/share/texmf/fonts/enc/dvips/lm/lm-rm.enc}{/usr/sha
re/texmf/fonts/enc/dvips/lm/lm-ec.enc}{/usr/share/texmf/fonts/enc/dvips/lm/lm-m
athex.enc}</usr/share/texlive/texmf-dist/fonts/type1/public/amsfonts/cm/cmbsy10
.pfb></usr/share/texlive/texmf-dist/fonts/type1/public/amsfonts/cm/cmbx10.pfb><
/usr/share/texlive/texmf-dist/fonts/type1/public/amsfonts/cm/cmmib10.pfb></usr/
share/texlive/texmf-dist/fonts/type1/public/amsfonts/cmextra/cmmib8.pfb></usr/s
hare/texmf/fonts/type1/public/lm/lmbsy10.pfb></usr/share/texmf/fonts/type1/publ
ic/lm/lmbx10.pfb></usr/share/texmf/fonts/type1/public/lm/lmbx12.pfb></usr/share
/texmf/fonts/type1/public/lm/lmcsc10.pfb></usr/share/texmf/fonts/type1/public/l
m/lmex10.pfb></usr/share/texmf/fonts/type1/public/lm/lmmi10.pfb></usr/share/tex
mf/fonts/type1/public/lm/lmmi6.pfb></usr/share/texmf/fonts/type1/public/lm/lmmi
8.pfb></usr/share/texmf/fonts/type1/public/lm/lmmi9.pfb></usr/share/texmf/fonts
/type1/public/lm/lmr10.pfb></usr/share/texmf/fonts/type1/public/lm/lmr6.pfb></u
sr/share/texmf/fonts/type1/public/lm/lmr8.pfb></usr/share/texmf/fonts/type1/pub
lic/lm/lmr9.pfb></usr/share/texmf/fonts/type1/public/lm/lmri10.pfb></usr/share/
texmf/fonts/type1/public/lm/lmsy10.pfb></usr/share/texmf/fonts/type1/public/lm/
lmsy6.pfb></usr/share/texmf/fonts/type1/public/lm/lmsy8.pfb></usr/share/texmf/f
onts/type1/public/lm/lmsy9.pfb></usr/share/texmf/fonts/type1/public/lm/lmtt10.p
fb></usr/share/texlive/texmf-dist/fonts/type1/public/amsfonts/symbols/msam10.pf
b></usr/share/texlive/texmf-dist/fonts/type1/public/amsfonts/symbols/msbm10.pfb
>
Output written on thesis.pdf (99 pages, 750539 bytes).
PDF statistics:
 2185 PDF objects out of 2487 (max. 8388607)
 1992 compressed objects within 20 object streams
 958 named destinations out of 1000 (max. 500000)
 609 words of extra memory for PDF output out of 10000 (max. 10000000)

