This is pdfTeX, Version 3.141592653-2.6-1.40.22 (TeX Live 2022/dev/Debian) (preloaded format=pdflatex 2022.9.6)  7 SEP 2022 13:51
entering extended mode
 restricted \write18 enabled.
 %&-line parsing enabled.
**afterglow.tex
(./afterglow.tex
LaTeX2e <2021-11-15> patch level 1
L3 programming layer <2022-01-21>
(/usr/share/texlive/texmf-dist/tex/latex/base/report.cls
Document Class: report 2021/10/04 v1.4n Standard LaTeX document class
(/usr/share/texlive/texmf-dist/tex/latex/base/size11.clo
File: size11.clo 2021/10/04 v1.4n Standard LaTeX file (size option)
)
\c@part=\count185
\c@chapter=\count186
\c@section=\count187
\c@subsection=\count188
\c@subsubsection=\count189
\c@paragraph=\count190
\c@subparagraph=\count191
\c@figure=\count192
\c@table=\count193
\abovecaptionskip=\skip47
\belowcaptionskip=\skip48
\bibindent=\dimen138
)
(/usr/share/texlive/texmf-dist/tex/latex/geometry/geometry.sty
Package: geometry 2020/01/02 v5.9 Page Geometry

(/usr/share/texlive/texmf-dist/tex/latex/graphics/keyval.sty
Package: keyval 2014/10/28 v1.15 key=value parser (DPC)
\KV@toks@=\toks16
)
(/usr/share/texlive/texmf-dist/tex/generic/iftex/ifvtex.sty
Package: ifvtex 2019/10/25 v1.7 ifvtex legacy package. Use iftex instead.

(/usr/share/texlive/texmf-dist/tex/generic/iftex/iftex.sty
Package: iftex 2020/03/06 v1.0d TeX engine tests
))
\Gm@cnth=\count194
\Gm@cntv=\count195
\c@Gm@tempcnt=\count196
\Gm@bindingoffset=\dimen139
\Gm@wd@mp=\dimen140
\Gm@odd@mp=\dimen141
\Gm@even@mp=\dimen142
\Gm@layoutwidth=\dimen143
\Gm@layoutheight=\dimen144
\Gm@layouthoffset=\dimen145
\Gm@layoutvoffset=\dimen146
\Gm@dimlist=\toks17
)
(/usr/share/texlive/texmf-dist/tex/latex/parskip/parskip.sty
Package: parskip 2021-03-14 v2.0h non-zero parskip adjustments

(/usr/share/texlive/texmf-dist/tex/latex/kvoptions/kvoptions.sty
Package: kvoptions 2020-10-07 v3.14 Key value format for package options (HO)

(/usr/share/texlive/texmf-dist/tex/generic/ltxcmds/ltxcmds.sty
Package: ltxcmds 2020-05-10 v1.25 LaTeX kernel commands for general use (HO)
)
(/usr/share/texlive/texmf-dist/tex/generic/kvsetkeys/kvsetkeys.sty
Package: kvsetkeys 2019/12/15 v1.18 Key value parser (HO)
))
(/usr/share/texlive/texmf-dist/tex/latex/etoolbox/etoolbox.sty
Package: etoolbox 2020/10/05 v2.5k e-TeX tools for LaTeX (JAW)
\etb@tempcnta=\count197
))
(/usr/share/texlive/texmf-dist/tex/latex/graphics/graphicx.sty
Package: graphicx 2021/09/16 v1.2d Enhanced LaTeX Graphics (DPC,SPQR)

(/usr/share/texlive/texmf-dist/tex/latex/graphics/graphics.sty
Package: graphics 2021/03/04 v1.4d Standard LaTeX Graphics (DPC,SPQR)

(/usr/share/texlive/texmf-dist/tex/latex/graphics/trig.sty
Package: trig 2021/08/11 v1.11 sin cos tan (DPC)
)
(/usr/share/texlive/texmf-dist/tex/latex/graphics-cfg/graphics.cfg
File: graphics.cfg 2016/06/04 v1.11 sample graphics configuration
)
Package graphics Info: Driver file: pdftex.def on input line 107.

(/usr/share/texlive/texmf-dist/tex/latex/graphics-def/pdftex.def
File: pdftex.def 2020/10/05 v1.2a Graphics/color driver for pdftex
))
\Gin@req@height=\dimen147
\Gin@req@width=\dimen148
)
(/usr/share/texlive/texmf-dist/tex/latex/amsfonts/amssymb.sty
Package: amssymb 2013/01/14 v3.01 AMS font symbols

(/usr/share/texlive/texmf-dist/tex/latex/amsfonts/amsfonts.sty
Package: amsfonts 2013/01/14 v3.01 Basic AMSFonts support
\@emptytoks=\toks18
\symAMSa=\mathgroup4
\symAMSb=\mathgroup5
LaTeX Font Info:    Redeclaring math symbol \hbar on input line 98.
LaTeX Font Info:    Overwriting math alphabet `\mathfrak' in version `bold'
(Font)                  U/euf/m/n --> U/euf/b/n on input line 106.
))
(/usr/share/texlive/texmf-dist/tex/latex/amsmath/amsmath.sty
Package: amsmath 2021/10/15 v2.17l AMS math features
\@mathmargin=\skip49

For additional information on amsmath, use the `?' option.
(/usr/share/texlive/texmf-dist/tex/latex/amsmath/amstext.sty
Package: amstext 2021/08/26 v2.01 AMS text

(/usr/share/texlive/texmf-dist/tex/latex/amsmath/amsgen.sty
File: amsgen.sty 1999/11/30 v2.0 generic functions
\@emptytoks=\toks19
\ex@=\dimen149
))
(/usr/share/texlive/texmf-dist/tex/latex/amsmath/amsbsy.sty
Package: amsbsy 1999/11/29 v1.2d Bold Symbols
\pmbraise@=\dimen150
)
(/usr/share/texlive/texmf-dist/tex/latex/amsmath/amsopn.sty
Package: amsopn 2021/08/26 v2.02 operator names
)
\inf@bad=\count198
LaTeX Info: Redefining \frac on input line 234.
\uproot@=\count199
\leftroot@=\count266
LaTeX Info: Redefining \overline on input line 399.
\classnum@=\count267
\DOTSCASE@=\count268
LaTeX Info: Redefining \ldots on input line 496.
LaTeX Info: Redefining \dots on input line 499.
LaTeX Info: Redefining \cdots on input line 620.
\Mathstrutbox@=\box50
\strutbox@=\box51
\big@size=\dimen151
LaTeX Font Info:    Redeclaring font encoding OML on input line 743.
LaTeX Font Info:    Redeclaring font encoding OMS on input line 744.
\macc@depth=\count269
\c@MaxMatrixCols=\count270
\dotsspace@=\muskip16
\c@parentequation=\count271
\dspbrk@lvl=\count272
\tag@help=\toks20
\row@=\count273
\column@=\count274
\maxfields@=\count275
\andhelp@=\toks21
\eqnshift@=\dimen152
\alignsep@=\dimen153
\tagshift@=\dimen154
\tagwidth@=\dimen155
\totwidth@=\dimen156
\lineht@=\dimen157
\@envbody=\toks22
\multlinegap=\skip50
\multlinetaggap=\skip51
\mathdisplay@stack=\toks23
LaTeX Info: Redefining \[ on input line 2938.
LaTeX Info: Redefining \] on input line 2939.
)
(/usr/share/texlive/texmf-dist/tex/latex/mathtools/mathtools.sty
Package: mathtools 2021/02/02 v1.28 mathematical typesetting tools

(/usr/share/texlive/texmf-dist/tex/latex/tools/calc.sty
Package: calc 2017/05/25 v4.3 Infix arithmetic (KKT,FJ)
\calc@Acount=\count276
\calc@Bcount=\count277
\calc@Adimen=\dimen158
\calc@Bdimen=\dimen159
\calc@Askip=\skip52
\calc@Bskip=\skip53
LaTeX Info: Redefining \setlength on input line 80.
LaTeX Info: Redefining \addtolength on input line 81.
\calc@Ccount=\count278
\calc@Cskip=\skip54
)
(/usr/share/texlive/texmf-dist/tex/latex/mathtools/mhsetup.sty
Package: mhsetup 2021/03/18 v1.4 programming setup (MH)
)
\g_MT_multlinerow_int=\count279
\l_MT_multwidth_dim=\dimen160
\origjot=\skip55
\l_MT_shortvdotswithinadjustabove_dim=\dimen161
\l_MT_shortvdotswithinadjustbelow_dim=\dimen162
\l_MT_above_intertext_sep=\dimen163
\l_MT_below_intertext_sep=\dimen164
\l_MT_above_shortintertext_sep=\dimen165
\l_MT_below_shortintertext_sep=\dimen166
\xmathstrut@box=\box52
\xmathstrut@dim=\dimen167
)
(/usr/share/texlive/texmf-dist/tex/latex/tools/array.sty
Package: array 2021/10/04 v2.5f Tabular extension package (FMi)
\col@sep=\dimen168
\ar@mcellbox=\box53
\extrarowheight=\dimen169
\NC@list=\toks24
\extratabsurround=\skip56
\backup@length=\skip57
\ar@cellbox=\box54
)
(/usr/share/texlive/texmf-dist/tex/latex/tabu/tabu.sty
Package: tabu 2019/01/11 v2.9 - flexible LaTeX tabulars (FC+tabu-fixed) + inter
mediate FMi

(/usr/share/texlive/texmf-dist/tex/latex/varwidth/varwidth.sty
Package: varwidth 2009/03/30 ver 0.92;  Variable-width minipages
\@vwid@box=\box55
\sift@deathcycles=\count280
\@vwid@loff=\dimen170
\@vwid@roff=\dimen171
)
\c@taburow=\count281
\tabu@nbcols=\count282
\tabu@cnt=\count283
\tabu@Xcol=\count284
\tabu@alloc=\count285
\tabu@nested=\count286
\tabu@target=\dimen172
\tabu@spreadtarget=\dimen173
\tabu@naturalX=\dimen174
\tabucolX=\dimen175
\tabu@Xsum=\dimen176
\extrarowdepth=\dimen177
\abovetabulinesep=\dimen178
\belowtabulinesep=\dimen179
\tabustrutrule=\dimen180
\tabu@thebody=\toks25
\tabu@footnotes=\toks26
\tabu@box=\box56
\tabu@arstrutbox=\box57
\tabu@hleads=\box58
\tabu@vleads=\box59
\tabu@cellskip=\skip58
)
(/usr/share/texlive/texmf-dist/tex/latex/tools/bm.sty
Package: bm 2021/04/25 v1.2e Bold Symbol Support (DPC/FMi)
\symboldoperators=\mathgroup6
\symboldletters=\mathgroup7
\symboldsymbols=\mathgroup8
Package bm Info: No bold for \OMX/cmex/m/n, using \pmb.
Package bm Info: No bold for \U/msa/m/n, using \pmb.
Package bm Info: No bold for \U/msb/m/n, using \pmb.
LaTeX Font Info:    Redeclaring math alphabet \mathbf on input line 149.
)
(/usr/share/texlive/texmf-dist/tex/latex/wrapfig/wrapfig.sty
\wrapoverhang=\dimen181
\WF@size=\dimen182
\c@WF@wrappedlines=\count287
\WF@box=\box60
\WF@everypar=\toks27
Package: wrapfig 2003/01/31  v 3.6
)
(/usr/share/texlive/texmf-dist/tex/latex/multirow/multirow.sty
Package: multirow 2021/03/15 v2.8 Span multiple rows of a table
\multirow@colwidth=\skip59
\multirow@cntb=\count288
\multirow@dima=\skip60
\bigstrutjot=\dimen183
)
(/usr/share/texlive/texmf-dist/tex/latex/physics/physics.sty
Package: physics 

(/usr/share/texlive/texmf-dist/tex/latex/l3packages/xparse/xparse.sty
(/usr/share/texlive/texmf-dist/tex/latex/l3kernel/expl3.sty
Package: expl3 2022-01-21 L3 programming layer (loader) 

(/usr/share/texlive/texmf-dist/tex/latex/l3backend/l3backend-pdftex.def
File: l3backend-pdftex.def 2022-01-12 L3 backend support: PDF output (pdfTeX)
\l__color_backend_stack_int=\count289
\l__pdf_internal_box=\box61
))
Package: xparse 2022-01-12 L3 Experimental document command parser
))
(/usr/share/texlive/texmf-dist/tex/latex/hyperref/hyperref.sty
Package: hyperref 2021-06-07 v7.00m Hypertext links for LaTeX

(/usr/share/texlive/texmf-dist/tex/generic/pdftexcmds/pdftexcmds.sty
Package: pdftexcmds 2020-06-27 v0.33 Utility functions of pdfTeX for LuaTeX (HO
)

(/usr/share/texlive/texmf-dist/tex/generic/infwarerr/infwarerr.sty
Package: infwarerr 2019/12/03 v1.5 Providing info/warning/error messages (HO)
)
Package pdftexcmds Info: \pdf@primitive is available.
Package pdftexcmds Info: \pdf@ifprimitive is available.
Package pdftexcmds Info: \pdfdraftmode found.
)
(/usr/share/texlive/texmf-dist/tex/generic/kvdefinekeys/kvdefinekeys.sty
Package: kvdefinekeys 2019-12-19 v1.6 Define keys (HO)
)
(/usr/share/texlive/texmf-dist/tex/generic/pdfescape/pdfescape.sty
Package: pdfescape 2019/12/09 v1.15 Implements pdfTeX's escape features (HO)
)
(/usr/share/texlive/texmf-dist/tex/latex/hycolor/hycolor.sty
Package: hycolor 2020-01-27 v1.10 Color options for hyperref/bookmark (HO)
)
(/usr/share/texlive/texmf-dist/tex/latex/letltxmacro/letltxmacro.sty
Package: letltxmacro 2019/12/03 v1.6 Let assignment for LaTeX macros (HO)
)
(/usr/share/texlive/texmf-dist/tex/latex/auxhook/auxhook.sty
Package: auxhook 2019-12-17 v1.6 Hooks for auxiliary files (HO)
)
\@linkdim=\dimen184
\Hy@linkcounter=\count290
\Hy@pagecounter=\count291

(/usr/share/texlive/texmf-dist/tex/latex/hyperref/pd1enc.def
File: pd1enc.def 2021-06-07 v7.00m Hyperref: PDFDocEncoding definition (HO)
Now handling font encoding PD1 ...
... no UTF-8 mapping file for font encoding PD1
)
(/usr/share/texlive/texmf-dist/tex/latex/hyperref/hyperref-langpatches.def
File: hyperref-langpatches.def 2021-06-07 v7.00m Hyperref: patches for babel la
nguages
)
(/usr/share/texlive/texmf-dist/tex/generic/intcalc/intcalc.sty
Package: intcalc 2019/12/15 v1.3 Expandable calculations with integers (HO)
)
(/usr/share/texlive/texmf-dist/tex/generic/etexcmds/etexcmds.sty
Package: etexcmds 2019/12/15 v1.7 Avoid name clashes with e-TeX commands (HO)
)
\Hy@SavedSpaceFactor=\count292

(/usr/share/texlive/texmf-dist/tex/latex/hyperref/puenc.def
File: puenc.def 2021-06-07 v7.00m Hyperref: PDF Unicode definition (HO)
Now handling font encoding PU ...
... no UTF-8 mapping file for font encoding PU
)
Package hyperref Info: Hyper figures OFF on input line 4192.
Package hyperref Info: Link nesting OFF on input line 4197.
Package hyperref Info: Hyper index ON on input line 4200.
Package hyperref Info: Plain pages OFF on input line 4207.
Package hyperref Info: Backreferencing OFF on input line 4212.
Package hyperref Info: Implicit mode ON; LaTeX internals redefined.
Package hyperref Info: Bookmarks ON on input line 4445.
\c@Hy@tempcnt=\count293

(/usr/share/texlive/texmf-dist/tex/latex/url/url.sty
\Urlmuskip=\muskip17
Package: url 2013/09/16  ver 3.4  Verb mode for urls, etc.
)
LaTeX Info: Redefining \url on input line 4804.
\XeTeXLinkMargin=\dimen185

(/usr/share/texlive/texmf-dist/tex/generic/bitset/bitset.sty
Package: bitset 2019/12/09 v1.3 Handle bit-vector datatype (HO)

(/usr/share/texlive/texmf-dist/tex/generic/bigintcalc/bigintcalc.sty
Package: bigintcalc 2019/12/15 v1.5 Expandable calculations on big integers (HO
)
))
\Fld@menulength=\count294
\Field@Width=\dimen186
\Fld@charsize=\dimen187
Package hyperref Info: Hyper figures OFF on input line 6076.
Package hyperref Info: Link nesting OFF on input line 6081.
Package hyperref Info: Hyper index ON on input line 6084.
Package hyperref Info: backreferencing OFF on input line 6091.
Package hyperref Info: Link coloring OFF on input line 6096.
Package hyperref Info: Link coloring with OCG OFF on input line 6101.
Package hyperref Info: PDF/A mode OFF on input line 6106.
LaTeX Info: Redefining \ref on input line 6146.
LaTeX Info: Redefining \pageref on input line 6150.

(/usr/share/texlive/texmf-dist/tex/latex/base/atbegshi-ltx.sty
Package: atbegshi-ltx 2021/01/10 v1.0c Emulation of the original atbegshi
package with kernel methods
)
\Hy@abspage=\count295
\c@Item=\count296
\c@Hfootnote=\count297
)
Package hyperref Info: Driver (autodetected): hpdftex.

(/usr/share/texlive/texmf-dist/tex/latex/hyperref/hpdftex.def
File: hpdftex.def 2021-06-07 v7.00m Hyperref driver for pdfTeX

(/usr/share/texlive/texmf-dist/tex/latex/base/atveryend-ltx.sty
Package: atveryend-ltx 2020/08/19 v1.0a Emulation of the original atveryend pac
kage
with kernel methods
)
\Fld@listcount=\count298
\c@bookmark@seq@number=\count299

(/usr/share/texlive/texmf-dist/tex/latex/rerunfilecheck/rerunfilecheck.sty
Package: rerunfilecheck 2019/12/05 v1.9 Rerun checks for auxiliary files (HO)

(/usr/share/texlive/texmf-dist/tex/generic/uniquecounter/uniquecounter.sty
Package: uniquecounter 2019/12/15 v1.4 Provide unlimited unique counter (HO)
)
Package uniquecounter Info: New unique counter `rerunfilecheck' on input line 2
86.
)
\Hy@SectionHShift=\skip61
)
(/usr/share/texlive/texmf-dist/tex/latex/listings/listings.sty
\lst@mode=\count300
\lst@gtempboxa=\box62
\lst@token=\toks28
\lst@length=\count301
\lst@currlwidth=\dimen188
\lst@column=\count302
\lst@pos=\count303
\lst@lostspace=\dimen189
\lst@width=\dimen190
\lst@newlines=\count304
\lst@lineno=\count305
\lst@maxwidth=\dimen191

(/usr/share/texlive/texmf-dist/tex/latex/listings/lstmisc.sty
File: lstmisc.sty 2020/03/24 1.8d (Carsten Heinz)
\c@lstnumber=\count306
\lst@skipnumbers=\count307
\lst@framebox=\box63
)
(/usr/share/texlive/texmf-dist/tex/latex/listings/listings.cfg
File: listings.cfg 2020/03/24 1.8d listings configuration
))
Package: listings 2020/03/24 1.8d (Carsten Heinz)

(/usr/share/texlive/texmf-dist/tex/latex/base/inputenc.sty
Package: inputenc 2021/02/14 v1.3d Input encoding file
\inpenc@prehook=\toks29
\inpenc@posthook=\toks30
)
(/usr/share/texlive/texmf-dist/tex/latex/base/fontenc.sty
Package: fontenc 2021/04/29 v2.0v Standard LaTeX package
)
(/usr/share/texmf/tex/latex/lm/lmodern.sty
Package: lmodern 2009/10/30 v1.6 Latin Modern Fonts
LaTeX Font Info:    Overwriting symbol font `operators' in version `normal'
(Font)                  OT1/cmr/m/n --> OT1/lmr/m/n on input line 22.
LaTeX Font Info:    Overwriting symbol font `letters' in version `normal'
(Font)                  OML/cmm/m/it --> OML/lmm/m/it on input line 23.
LaTeX Font Info:    Overwriting symbol font `symbols' in version `normal'
(Font)                  OMS/cmsy/m/n --> OMS/lmsy/m/n on input line 24.
LaTeX Font Info:    Overwriting symbol font `largesymbols' in version `normal'
(Font)                  OMX/cmex/m/n --> OMX/lmex/m/n on input line 25.
LaTeX Font Info:    Overwriting symbol font `operators' in version `bold'
(Font)                  OT1/cmr/bx/n --> OT1/lmr/bx/n on input line 26.
LaTeX Font Info:    Overwriting symbol font `letters' in version `bold'
(Font)                  OML/cmm/b/it --> OML/lmm/b/it on input line 27.
LaTeX Font Info:    Overwriting symbol font `symbols' in version `bold'
(Font)                  OMS/cmsy/b/n --> OMS/lmsy/b/n on input line 28.
LaTeX Font Info:    Overwriting symbol font `largesymbols' in version `bold'
(Font)                  OMX/cmex/m/n --> OMX/lmex/m/n on input line 29.
LaTeX Font Info:    Overwriting math alphabet `\mathbf' in version `normal'
(Font)                  OT1/cmr/bx/n --> OT1/lmr/bx/n on input line 31.
LaTeX Font Info:    Overwriting math alphabet `\mathsf' in version `normal'
(Font)                  OT1/cmss/m/n --> OT1/lmss/m/n on input line 32.
LaTeX Font Info:    Overwriting math alphabet `\mathit' in version `normal'
(Font)                  OT1/cmr/m/it --> OT1/lmr/m/it on input line 33.
LaTeX Font Info:    Overwriting math alphabet `\mathtt' in version `normal'
(Font)                  OT1/cmtt/m/n --> OT1/lmtt/m/n on input line 34.
LaTeX Font Info:    Overwriting math alphabet `\mathbf' in version `bold'
(Font)                  OT1/cmr/bx/n --> OT1/lmr/bx/n on input line 35.
LaTeX Font Info:    Overwriting math alphabet `\mathsf' in version `bold'
(Font)                  OT1/cmss/bx/n --> OT1/lmss/bx/n on input line 36.
LaTeX Font Info:    Overwriting math alphabet `\mathit' in version `bold'
(Font)                  OT1/cmr/bx/it --> OT1/lmr/bx/it on input line 37.
LaTeX Font Info:    Overwriting math alphabet `\mathtt' in version `bold'
(Font)                  OT1/cmtt/m/n --> OT1/lmtt/m/n on input line 38.
)
(/usr/share/texlive/texmf-dist/tex/latex/caption/caption.sty
Package: caption 2020/10/26 v3.5g Customizing captions (AR)

(/usr/share/texlive/texmf-dist/tex/latex/caption/caption3.sty
Package: caption3 2020/10/21 v2.2e caption3 kernel (AR)
\captionmargin=\dimen192
\captionmargin@=\dimen193
\captionwidth=\dimen194
\caption@tempdima=\dimen195
\caption@indent=\dimen196
\caption@parindent=\dimen197
\caption@hangindent=\dimen198
Package caption Info: Standard document class detected.
)
\c@caption@flags=\count308
\c@continuedfloat=\count309
Package caption Info: hyperref package is loaded.
Package caption Info: listings package is loaded.
Package caption Info: wrapfig package is loaded.
)
(/usr/share/texlive/texmf-dist/tex/latex/floatrow/floatrow.sty
Package: floatrow 2008/08/02 v0.3b floatrow: float package extension
\c@float@type=\count310
\float@exts=\toks31
\float@box=\box64
\@floatcapt=\box65
Package floatrow Info: Modified float package code loaded on input line 455.
Package floatrow Info: Modified rotfloat package code loaded on input line 473.

\FR@everyfloat=\toks32
\flrow@foot=\insert252
\FB@wd=\dimen199
\FBo@wd=\dimen256
\FBc@wd=\dimen257
\FBo@ht=\skip62
\FBc@ht=\skip63
\FBf@ht=\skip64
\FBo@max=\skip65
\FBc@max=\skip66
\FBf@max=\skip67
\c@FBl@b=\count311
\floatbox@depth=\count312
\c@FRobj=\count313
\c@FRsobj=\count314
\Xhsize=\skip68
\sXhsize=\skip69
\Zhsize=\skip70
\sZhsize=\skip71
\flrow@rowbox=\box66
\FR@Zunitlength=\dimen258
\c@FBcnt=\count315
\FPOScnt=\count316
\LTleft=\skip72
\LTright=\skip73
\LTleft=\skip74
\LTright=\skip75
\flrow@types=\toks33
)
(/usr/share/texlive/texmf-dist/tex/latex/subfig/subfig.sty
Package: subfig 2005/06/28 ver: 1.3 subfig package
\c@KVtest=\count317
\sf@farskip=\skip76
\sf@captopadj=\dimen259
\sf@capskip=\skip77
\sf@nearskip=\skip78
\c@subfigure=\count318
\c@subfigure@save=\count319
\c@lofdepth=\count320
\c@subtable=\count321
\c@subtable@save=\count322
\c@lotdepth=\count323
\sf@top=\skip79
\sf@bottom=\skip80
)
(/usr/share/texlive/texmf-dist/tex/latex/tools/multicol.sty
Package: multicol 2021/10/28 v1.9b multicolumn formatting (FMi)
\c@tracingmulticols=\count324
\mult@box=\box67
\multicol@leftmargin=\dimen260
\c@unbalance=\count325
\c@collectmore=\count326
\doublecol@number=\count327
\multicoltolerance=\count328
\multicolpretolerance=\count329
\full@width=\dimen261
\page@free=\dimen262
\premulticols=\dimen263
\postmulticols=\dimen264
\multicolsep=\skip81
\multicolbaselineskip=\skip82
\partial@page=\box68
\last@line=\box69
\maxbalancingoverflow=\dimen265
\mult@rightbox=\box70
\mult@grightbox=\box71
\mult@firstbox=\box72
\mult@gfirstbox=\box73
\@tempa=\box74
\@tempa=\box75
\@tempa=\box76
\@tempa=\box77
\@tempa=\box78
\@tempa=\box79
\@tempa=\box80
\@tempa=\box81
\@tempa=\box82
\@tempa=\box83
\@tempa=\box84
\@tempa=\box85
\@tempa=\box86
\@tempa=\box87
\@tempa=\box88
\@tempa=\box89
\@tempa=\box90
\@tempa=\box91
\@tempa=\box92
\@tempa=\box93
\@tempa=\box94
\@tempa=\box95
\@tempa=\box96
\@tempa=\box97
\@tempa=\box98
\@tempa=\box99
\@tempa=\box100
\@tempa=\box101
\@tempa=\box102
\@tempa=\box103
\@tempa=\box104
\@tempa=\box105
\@tempa=\box106
\@tempa=\box107
\@tempa=\box108
\@tempa=\box109
\c@minrows=\count330
\c@columnbadness=\count331
\c@finalcolumnbadness=\count332
\last@try=\dimen266
\multicolovershoot=\dimen267
\multicolundershoot=\dimen268
\mult@nat@firstbox=\box110
\colbreak@box=\box111
\mc@col@check@num=\count333
)
(/usr/share/texlive/texmf-dist/tex/latex/xcolor/xcolor.sty
Package: xcolor 2021/10/31 v2.13 LaTeX color extensions (UK)

(/usr/share/texlive/texmf-dist/tex/latex/graphics-cfg/color.cfg
File: color.cfg 2016/01/02 v1.6 sample color configuration
)
Package xcolor Info: Driver file: pdftex.def on input line 227.
Package xcolor Info: Model `cmy' substituted by `cmy0' on input line 1352.
Package xcolor Info: Model `hsb' substituted by `rgb' on input line 1356.
Package xcolor Info: Model `RGB' extended on input line 1368.
Package xcolor Info: Model `HTML' substituted by `rgb' on input line 1370.
Package xcolor Info: Model `Hsb' substituted by `hsb' on input line 1371.
Package xcolor Info: Model `tHsb' substituted by `hsb' on input line 1372.
Package xcolor Info: Model `HSB' substituted by `hsb' on input line 1373.
Package xcolor Info: Model `Gray' substituted by `gray' on input line 1374.
Package xcolor Info: Model `wave' substituted by `hsb' on input line 1375.
)
(/usr/share/texlive/texmf-dist/tex/latex/pagecolor/pagecolor.sty
Package: pagecolor 2017/05/29 v1.0i Provides thepagecolor (HMM)

(/usr/share/texlive/texmf-dist/tex/generic/iftex/ifpdf.sty
Package: ifpdf 2019/10/25 v3.4 ifpdf legacy package. Use iftex instead.
)
(/usr/share/texlive/texmf-dist/tex/generic/iftex/ifluatex.sty
Package: ifluatex 2019/10/25 v1.5 ifluatex legacy package. Use iftex instead.
))
(/usr/share/texlive/texmf-dist/tex/latex/lipsum/lipsum.sty
(/usr/share/texlive/texmf-dist/tex/latex/l3packages/l3keys2e/l3keys2e.sty
Package: l3keys2e 2022-01-12 LaTeX2e option processing using LaTeX3 keys
)
Package: lipsum 2021-09-20 v2.7 150 paragraphs of Lorem Ipsum dummy text
\g__lipsum_par_int=\count334
\l__lipsum_a_int=\count335
\l__lipsum_b_int=\count336

(/usr/share/texlive/texmf-dist/tex/latex/lipsum/lipsum.ltd.tex))
(/usr/share/texlive/texmf-dist/tex/latex/mdframed/mdframed.sty
Package: mdframed 2013/07/01 1.9b: mdframed

(/usr/share/texlive/texmf-dist/tex/latex/zref/zref-abspage.sty
Package: zref-abspage 2020-07-03 v2.32 Module abspage for zref (HO)

(/usr/share/texlive/texmf-dist/tex/latex/zref/zref-base.sty
Package: zref-base 2020-07-03 v2.32 Module base for zref (HO)
Package zref Info: New property list: main on input line 764.
Package zref Info: New property: default on input line 765.
Package zref Info: New property: page on input line 766.
)
\c@abspage=\count337
Package zref Info: New property: abspage on input line 66.
)
(/usr/share/texlive/texmf-dist/tex/latex/needspace/needspace.sty
Package: needspace 2010/09/12 v1.3d reserve vertical space
)
\mdf@templength=\skip83
\c@mdf@globalstyle@cnt=\count338
\mdf@skipabove@length=\skip84
\mdf@skipbelow@length=\skip85
\mdf@leftmargin@length=\skip86
\mdf@rightmargin@length=\skip87
\mdf@innerleftmargin@length=\skip88
\mdf@innerrightmargin@length=\skip89
\mdf@innertopmargin@length=\skip90
\mdf@innerbottommargin@length=\skip91
\mdf@splittopskip@length=\skip92
\mdf@splitbottomskip@length=\skip93
\mdf@outermargin@length=\skip94
\mdf@innermargin@length=\skip95
\mdf@linewidth@length=\skip96
\mdf@innerlinewidth@length=\skip97
\mdf@middlelinewidth@length=\skip98
\mdf@outerlinewidth@length=\skip99
\mdf@roundcorner@length=\skip100
\mdf@footenotedistance@length=\skip101
\mdf@userdefinedwidth@length=\skip102
\mdf@needspace@length=\skip103
\mdf@frametitleaboveskip@length=\skip104
\mdf@frametitlebelowskip@length=\skip105
\mdf@frametitlerulewidth@length=\skip106
\mdf@frametitleleftmargin@length=\skip107
\mdf@frametitlerightmargin@length=\skip108
\mdf@shadowsize@length=\skip109
\mdf@extratopheight@length=\skip110
\mdf@subtitleabovelinewidth@length=\skip111
\mdf@subtitlebelowlinewidth@length=\skip112
\mdf@subtitleaboveskip@length=\skip113
\mdf@subtitlebelowskip@length=\skip114
\mdf@subtitleinneraboveskip@length=\skip115
\mdf@subtitleinnerbelowskip@length=\skip116
\mdf@subsubtitleabovelinewidth@length=\skip117
\mdf@subsubtitlebelowlinewidth@length=\skip118
\mdf@subsubtitleaboveskip@length=\skip119
\mdf@subsubtitlebelowskip@length=\skip120
\mdf@subsubtitleinneraboveskip@length=\skip121
\mdf@subsubtitleinnerbelowskip@length=\skip122

(/usr/share/texlive/texmf-dist/tex/latex/mdframed/md-frame-0.mdf
File: md-frame-0.mdf 2013/07/01\ 1.9b: md-frame-0
)
\mdf@frametitlebox=\box112
\mdf@footnotebox=\box113
\mdf@splitbox@one=\box114
\mdf@splitbox@two=\box115
\mdf@splitbox@save=\box116
\mdfsplitboxwidth=\skip123
\mdfsplitboxtotalwidth=\skip124
\mdfsplitboxheight=\skip125
\mdfsplitboxdepth=\skip126
\mdfsplitboxtotalheight=\skip127
\mdfframetitleboxwidth=\skip128
\mdfframetitleboxtotalwidth=\skip129
\mdfframetitleboxheight=\skip130
\mdfframetitleboxdepth=\skip131
\mdfframetitleboxtotalheight=\skip132
\mdffootnoteboxwidth=\skip133
\mdffootnoteboxtotalwidth=\skip134
\mdffootnoteboxheight=\skip135
\mdffootnoteboxdepth=\skip136
\mdffootnoteboxtotalheight=\skip137
\mdftotallinewidth=\skip138
\mdfboundingboxwidth=\skip139
\mdfboundingboxtotalwidth=\skip140
\mdfboundingboxheight=\skip141
\mdfboundingboxdepth=\skip142
\mdfboundingboxtotalheight=\skip143
\mdf@freevspace@length=\skip144
\mdf@horizontalwidthofbox@length=\skip145
\mdf@verticalmarginwhole@length=\skip146
\mdf@horizontalspaceofbox=\skip147
\mdfsubtitleheight=\skip148
\mdfsubsubtitleheight=\skip149
\c@mdfcountframes=\count339

****** mdframed patching \endmdf@trivlist

****** -- success******

\mdf@envdepth=\count340
\c@mdf@env@i=\count341
\c@mdf@env@ii=\count342
\c@mdf@zref@counter=\count343
Package zref Info: New property: mdf@pagevalue on input line 895.
)
(/usr/share/texlive/texmf-dist/tex/latex/tools/verbatim.sty
Package: verbatim 2020-07-07 v1.5u LaTeX2e package for verbatim enhancements
\every@verbatim=\toks34
\verbatim@line=\toks35
\verbatim@in@stream=\read2
)
(/usr/share/texlive/texmf-dist/tex/latex/carlisle/slashed.sty
Package: slashed 1997/01/16 v0.01 Feynman Slashed Character Notation (DPC)
)

! LaTeX Error: Command \Tr already defined.
               Or name \end... illegal, see p.192 of the manual.

See the LaTeX manual or LaTeX Companion for explanation.
Type  H <return>  for immediate help.
 ...                                              
                                                  
l.105 \newcommand{\Tr}{\mathrm{Tr}}
                                   
? 

! LaTeX Error: Command \bra already defined.
               Or name \end... illegal, see p.192 of the manual.

See the LaTeX manual or LaTeX Companion for explanation.
Type  H <return>  for immediate help.
 ...                                              
                                                  
l.110 \newcommand{\bra}[1]{\langle #1 |}
                                        
? 

! LaTeX Error: Command \ket already defined.
               Or name \end... illegal, see p.192 of the manual.

See the LaTeX manual or LaTeX Companion for explanation.
Type  H <return>  for immediate help.
 ...                                              
                                                  
l.111 \newcommand{\ket}[1]{| #1 \rangle}
                                        
? 

! LaTeX Error: Command \braket already defined.
               Or name \end... illegal, see p.192 of the manual.

See the LaTeX manual or LaTeX Companion for explanation.
Type  H <return>  for immediate help.
 ...                                              
                                                  
l.112 ...command{\braket}[2]{\langle #1|#2\rangle}
                                                  
? 

! LaTeX Error: Command \vp already defined.
               Or name \end... illegal, see p.192 of the manual.

See the LaTeX manual or LaTeX Companion for explanation.
Type  H <return>  for immediate help.
 ...                                              
                                                  
l.146 \newcommand{\vp}{\varphi}
                               
? 

! LaTeX Error: Command \dd already defined.
               Or name \end... illegal, see p.192 of the manual.

See the LaTeX manual or LaTeX Companion for explanation.
Type  H <return>  for immediate help.
 ...                                              
                                                  
l.149 \newcommand{\dd}{\mathrm{d}}
                                  
? 

! LaTeX Error: Command \mL already defined.
               Or name \end... illegal, see p.192 of the manual.

See the LaTeX manual or LaTeX Companion for explanation.
Type  H <return>  for immediate help.
 ...                                              
                                                  
l.150 \newcommand{\mL}{\mathcal{L}}
                                   
? 

! LaTeX Error: Command \xt already defined.
               Or name \end... illegal, see p.192 of the manual.

See the LaTeX manual or LaTeX Companion for explanation.
Type  H <return>  for immediate help.
 ...                                              
                                                  
l.151 \newcommand{\xt}{\tilde{x}}
                                 
? 

! LaTeX Error: Command \bs already defined.
               Or name \end... illegal, see p.192 of the manual.

See the LaTeX manual or LaTeX Companion for explanation.
Type  H <return>  for immediate help.
 ...                                              
                                                  
l.152 \newcommand{\bs}{\boldsymbol}
                                   
? 

! LaTeX Error: Command \rmi already defined.
               Or name \end... illegal, see p.192 of the manual.

See the LaTeX manual or LaTeX Companion for explanation.
Type  H <return>  for immediate help.
 ...                                              
                                                  
l.158 \newcommand{\rmi}{\mathrm{i}}
                                   
? 
LaTeX Font Info:    Trying to load font information for T1+lmr on input line 16
2.
(/usr/share/texmf/tex/latex/lm/t1lmr.fd
File: t1lmr.fd 2009/10/30 v1.6 Font defs for Latin Modern
) (./afterglow.aux)
\openout1 = `afterglow.aux'.

LaTeX Font Info:    Checking defaults for OML/cmm/m/it on input line 162.
LaTeX Font Info:    ... okay on input line 162.
LaTeX Font Info:    Checking defaults for OMS/cmsy/m/n on input line 162.
LaTeX Font Info:    ... okay on input line 162.
LaTeX Font Info:    Checking defaults for OT1/cmr/m/n on input line 162.
LaTeX Font Info:    ... okay on input line 162.
LaTeX Font Info:    Checking defaults for T1/cmr/m/n on input line 162.
LaTeX Font Info:    ... okay on input line 162.
LaTeX Font Info:    Checking defaults for TS1/cmr/m/n on input line 162.
LaTeX Font Info:    ... okay on input line 162.
LaTeX Font Info:    Checking defaults for OMX/cmex/m/n on input line 162.
LaTeX Font Info:    ... okay on input line 162.
LaTeX Font Info:    Checking defaults for U/cmr/m/n on input line 162.
LaTeX Font Info:    ... okay on input line 162.
LaTeX Font Info:    Checking defaults for PD1/pdf/m/n on input line 162.
LaTeX Font Info:    ... okay on input line 162.
LaTeX Font Info:    Checking defaults for PU/pdf/m/n on input line 162.
LaTeX Font Info:    ... okay on input line 162.

*geometry* driver: auto-detecting
*geometry* detected driver: pdftex
*geometry* verbose mode - [ preamble ] result:
* driver: pdftex
* paper: a4paper
* layout: <same size as paper>
* layoutoffset:(h,v)=(0.0pt,0.0pt)
* modes: 
* h-part:(L,W,R)=(50.58878pt, 496.33032pt, 50.58878pt)
* v-part:(T,H,B)=(65.04256pt, 700.50685pt, 79.49744pt)
* \paperwidth=597.50787pt
* \paperheight=845.04684pt
* \textwidth=496.33032pt
* \textheight=700.50685pt
* \oddsidemargin=-21.68121pt
* \evensidemargin=-21.68121pt
* \topmargin=-44.22743pt
* \headheight=12.0pt
* \headsep=25.0pt
* \topskip=11.0pt
* \footskip=30.0pt
* \marginparwidth=59.0pt
* \marginparsep=10.0pt
* \columnsep=10.0pt
* \skip\footins=10.0pt plus 4.0pt minus 2.0pt
* \hoffset=0.0pt
* \voffset=0.0pt
* \mag=1000
* \@twocolumnfalse
* \@twosidefalse
* \@mparswitchfalse
* \@reversemarginfalse
* (1in=72.27pt=25.4mm, 1cm=28.453pt)

(/usr/share/texlive/texmf-dist/tex/context/base/mkii/supp-pdf.mkii
[Loading MPS to PDF converter (version 2006.09.02).]
\scratchcounter=\count344
\scratchdimen=\dimen269
\scratchbox=\box117
\nofMPsegments=\count345
\nofMParguments=\count346
\everyMPshowfont=\toks36
\MPscratchCnt=\count347
\MPscratchDim=\dimen270
\MPnumerator=\count348
\makeMPintoPDFobject=\count349
\everyMPtoPDFconversion=\toks37
) (/usr/share/texlive/texmf-dist/tex/latex/epstopdf-pkg/epstopdf-base.sty
Package: epstopdf-base 2020-01-24 v2.11 Base part for package epstopdf
Package epstopdf-base Info: Redefining graphics rule for `.eps' on input line 4
85.

(/usr/share/texlive/texmf-dist/tex/latex/latexconfig/epstopdf-sys.cfg
File: epstopdf-sys.cfg 2010/07/13 v1.3 Configuration of (r)epstopdf for TeX Liv
e
))
Package hyperref Info: Link coloring OFF on input line 162.

(/usr/share/texlive/texmf-dist/tex/latex/hyperref/nameref.sty
Package: nameref 2021-04-02 v2.47 Cross-referencing by name of section

(/usr/share/texlive/texmf-dist/tex/latex/refcount/refcount.sty
Package: refcount 2019/12/15 v3.6 Data extraction from label references (HO)
)
(/usr/share/texlive/texmf-dist/tex/generic/gettitlestring/gettitlestring.sty
Package: gettitlestring 2019/12/15 v1.6 Cleanup title references (HO)
)
\c@section@level=\count350
)
LaTeX Info: Redefining \ref on input line 162.
LaTeX Info: Redefining \pageref on input line 162.
LaTeX Info: Redefining \nameref on input line 162.

(./afterglow.out) (./afterglow.out)
\@outlinefile=\write3
\openout3 = `afterglow.out'.

\c@lstlisting=\count351
Package caption Info: Begin \AtBeginDocument code.
Package caption Info: subfig package v1.3 is loaded.
Package caption Info: float package is loaded.
Package caption Info: floatrow package is loaded.
Package caption Info: End \AtBeginDocument code.

(/usr/share/texlive/texmf-dist/tex/latex/floatrow/fr-subfig.sty
Package: fr-subfig 2007/12/24 v0.1g (beta) floatrow: additions for subfig
\FBsc@max=\skip150
\FBso@max=\skip151
) [1

{/var/lib/texmf/fonts/map/pdftex/updmap/pdftex.map}]

! LaTeX Error: No \title given.

See the LaTeX manual or LaTeX Companion for explanation.
Type  H <return>  for immediate help.
 ...                                              
                                                  
l.177 
      
? 
LaTeX Font Info:    Trying to load font information for OT1+lmr on input line 1
77.
(/usr/share/texmf/tex/latex/lm/ot1lmr.fd
File: ot1lmr.fd 2009/10/30 v1.6 Font defs for Latin Modern
)
LaTeX Font Info:    Trying to load font information for OML+lmm on input line 1
77.

(/usr/share/texmf/tex/latex/lm/omllmm.fd
File: omllmm.fd 2009/10/30 v1.6 Font defs for Latin Modern
)
LaTeX Font Info:    Trying to load font information for OMS+lmsy on input line 
177.

(/usr/share/texmf/tex/latex/lm/omslmsy.fd
File: omslmsy.fd 2009/10/30 v1.6 Font defs for Latin Modern
)
LaTeX Font Info:    Trying to load font information for OMX+lmex on input line 
177.

(/usr/share/texmf/tex/latex/lm/omxlmex.fd
File: omxlmex.fd 2009/10/30 v1.6 Font defs for Latin Modern
)
LaTeX Font Info:    External font `lmex10' loaded for size
(Font)              <12> on input line 177.
LaTeX Font Info:    External font `lmex10' loaded for size
(Font)              <8> on input line 177.
LaTeX Font Info:    External font `lmex10' loaded for size
(Font)              <6> on input line 177.
LaTeX Font Info:    Trying to load font information for U+msa on input line 177
.

(/usr/share/texlive/texmf-dist/tex/latex/amsfonts/umsa.fd
File: umsa.fd 2013/01/14 v3.01 AMS symbols A
)
LaTeX Font Info:    Trying to load font information for U+msb on input line 177
.

(/usr/share/texlive/texmf-dist/tex/latex/amsfonts/umsb.fd
File: umsb.fd 2013/01/14 v3.01 AMS symbols B
)

LaTeX Warning: No \author given.

pdfTeX warning (ext4): destination with the same identifier (name{page.1}) has 
been already used, duplicate ignored
<to be read again> 
                   \relax 
l.177 
       [1]

LaTeX Warning: File `AllModes.pdf' not found on input line 186.


! Package pdftex.def Error: File `AllModes.pdf' not found: using draft setting.


See the pdftex.def package documentation for explanation.
Type  H <return>  for immediate help.
 ...                                              
                                                  
l.186 ...s[width=2.0\columnwidth]{AllModes.pdf}} }
                                                  
? 
LaTeX Font Info:    Trying to load font information for T1+lmtt on input line 1
86.
(/usr/share/texmf/tex/latex/lm/t1lmtt.fd
File: t1lmtt.fd 2009/10/30 v1.6 Font defs for Latin Modern
)
Overfull \hbox (496.33032pt too wide) in paragraph at lines 186--188
 [] 
 []

! Undefined control sequence.
<argument> ...parameter ( ``medium'' run in \cref 
                                                  {tab:Overview Runs}). The ...
l.188  }
        
? 
! Undefined control sequence.
<argument> ...parameter ( ``medium'' run in \cref 
                                                  {tab:Overview Runs}). The ...
l.188  }
        
? 
LaTeX Font Info:    External font `lmex10' loaded for size
(Font)              <10.95> on input line 188.
! Undefined control sequence.
<argument> ...parameter ( ``medium'' run in \cref 
                                                  {tab:Overview Runs}). The ...
l.188  }
        
? 

LaTeX Warning: Float too large for page by 398.62808pt on input line 192.


LaTeX Warning: Citation `LIGOScientific:2016aoc' on page 1 undefined on input l
ine 200.


LaTeX Warning: Citation `LIGOScientific:2018jsj' on page 1 undefined on input l
ine 200.


LaTeX Warning: Citation `LIGOScientific:2020kqk' on page 1 undefined on input l
ine 200.


LaTeX Warning: Citation `LIGOScientific:2021psn' on page 1 undefined on input l
ine 200.


LaTeX Warning: Citation `Arkani-Hamed:2008hhe' on page 1 undefined on input lin
e 211.


LaTeX Warning: Citation `Feng:2010gw' on page 1 undefined on input line 211.


LaTeX Warning: Citation `Marsh:2015xka' on page 1 undefined on input line 211.


LaTeX Warning: Citation `Svrcek:2006yi' on page 1 undefined on input line 211.


LaTeX Warning: Citation `Kim:1986ax' on page 1 undefined on input line 211.


LaTeX Warning: Citation `Arvanitaki:2009fg' on page 1 undefined on input line 2
11.


LaTeX Warning: Citation `Ringwald:2012cu' on page 1 undefined on input line 211
.


LaTeX Warning: Citation `Wilczek:1977pj' on page 1 undefined on input line 211.



LaTeX Warning: Citation `Peccei:1977hh' on page 1 undefined on input line 211.


LaTeX Warning: Citation `Weinberg:1977ma' on page 1 undefined on input line 211
.


LaTeX Warning: Citation `Widdicombe:2018oeo' on page 1 undefined on input line 
213.


LaTeX Warning: Citation `Amin:2018xfe' on page 1 undefined on input line 213.


LaTeX Warning: Citation `PhysRev.172.1331' on page 1 undefined on input line 21
3.


LaTeX Warning: Citation `PhysRev.187.1767' on page 1 undefined on input line 21
3.


LaTeX Warning: Citation `PhysRev.97.511' on page 1 undefined on input line 213.



LaTeX Warning: Citation `Visinelli:2021uve' on page 1 undefined on input line 2
13.


LaTeX Warning: Citation `Liebling:2012fv' on page 1 undefined on input line 213
.


LaTeX Warning: Citation `Schunck:2003kk' on page 1 undefined on input line 213.



LaTeX Warning: Citation `Guerra:2019srj' on page 1 undefined on input line 213.



LaTeX Warning: Citation `Vaglio:2022flq' on page 1 undefined on input line 213.



LaTeX Warning: Citation `Cardoso:2022vpj' on page 1 undefined on input line 213
.


LaTeX Warning: Citation `Amin:2021tnq' on page 1 undefined on input line 213.


LaTeX Warning: Citation `Zhang:2020bec' on page 1 undefined on input line 213.


LaTeX Warning: Citation `Sanchis-Gual:2020mzb' on page 1 undefined on input lin
e 214.


LaTeX Warning: Citation `Alcubierre:2021psa' on page 1 undefined on input line 
214.


LaTeX Warning: Citation `Boskovic:2021nfs' on page 1 undefined on input line 21
4.


LaTeX Warning: Citation `Astefanesei:2003qy' on page 1 undefined on input line 
214.


LaTeX Warning: Citation `Kaup:1968zz' on page 1 undefined on input line 214.


LaTeX Warning: Citation `Ruffini:1969qy' on page 1 undefined on input line 214.



LaTeX Warning: Citation `Colpi:1986ye' on page 1 undefined on input line 214.


LaTeX Warning: Citation `Lee:1986ts' on page 1 undefined on input line 214.


LaTeX Warning: Citation `Friedberg:1986tq' on page 1 undefined on input line 21
4.


LaTeX Warning: Citation `Schunck:1999zu' on page 1 undefined on input line 214.



LaTeX Warning: Citation `Jetzer:1989av' on page 1 undefined on input line 214.


LaTeX Warning: Citation `Pugliese:2013gsa' on page 1 undefined on input line 21
4.


LaTeX Warning: Citation `Hawley:2002zn' on page 1 undefined on input line 214.


LaTeX Warning: Citation `Urena-Lopez:2012udq' on page 1 undefined on input line
 214.


LaTeX Warning: Citation `Muia:2019coe' on page 1 undefined on input line 214.


LaTeX Warning: Citation `Helfer:2016ljl' on page 1 undefined on input line 214.



LaTeX Warning: Citation `Alcubierre:2018ahf' on page 1 undefined on input line 
214.


LaTeX Warning: Citation `Coleman:1985ki' on page 1 undefined on input line 214.



LaTeX Warning: Citation `Guerra:2019srj' on page 1 undefined on input line 214.



LaTeX Warning: Citation `Kleihaus:2005me' on page 1 undefined on input line 214
.


LaTeX Warning: Citation `Kleihaus:2011sx' on page 1 undefined on input line 214
.


LaTeX Warning: Citation `Cardoso:2014sna' on page 1 undefined on input line 214
.


LaTeX Warning: Citation `Amin:2014fua' on page 1 undefined on input line 214.


LaTeX Warning: Citation `Amin:2011hj' on page 1 undefined on input line 214.


LaTeX Warning: Citation `Amin:2010dc' on page 1 undefined on input line 214.


LaTeX Warning: Citation `Brito:2015pxa' on page 1 undefined on input line 214.


LaTeX Warning: Citation `Minamitsuji:2018kof' on page 1 undefined on input line
 214.


LaTeX Warning: Citation `Brito:2015yga' on page 1 undefined on input line 214.


LaTeX Warning: Citation `Zhang:2021xxa' on page 1 undefined on input line 214.


LaTeX Warning: Citation `CalderonBustillo:2022cja' on page 1 undefined on input
 line 214.


LaTeX Warning: Citation `March-Russell:2022zll' on page 1 undefined on input li
ne 214.


LaTeX Warning: Citation `Gorghetto:2022sue' on page 1 undefined on input line 2
14.


LaTeX Warning: Citation `Herdeiro:2021lwl' on page 1 undefined on input line 21
4.


LaTeX Warning: Citation `Bustillo:2020syj' on page 1 undefined on input line 21
4.


LaTeX Warning: Citation `Minamitsuji:2017pdr' on page 1 undefined on input line
 214.


LaTeX Warning: Citation `Sanchis-Gual:2017bhw' on page 1 undefined on input lin
e 214.


LaTeX Warning: Citation `Duarte:2016lig' on page 1 undefined on input line 214.



LaTeX Warning: Citation `SalazarLandea:2016bys' on page 1 undefined on input li
ne 214.


LaTeX Warning: Citation `Zilhao:2015tya' on page 1 undefined on input line 214.



LaTeX Warning: Citation `Jain:2021pnk' on page 1 undefined on input line 214.


LaTeX Warning: Citation `Herdeiro:2020kba' on page 1 undefined on input line 21
9.


LaTeX Warning: Citation `Cardoso:2017cfl' on page 1 undefined on input line 219
.


LaTeX Warning: Citation `Sennett:2017etc' on page 1 undefined on input line 219
.


LaTeX Warning: Citation `Diamond:2021dth' on page 1 undefined on input line 219
.


LaTeX Warning: Citation `Pacilio:2020jza' on page 1 undefined on input line 219
.


LaTeX Warning: Citation `Amin:2020vja' on page 1 undefined on input line 222.


LaTeX Warning: Citation `Sanchis-Gual:2018oui' on page 1 undefined on input lin
e 222.


LaTeX Warning: Citation `Sanchis-Gual:2020mzb' on page 1 undefined on input lin
e 222.


LaTeX Warning: Citation `Sanchis_Gual_2019' on page 1 undefined on input line 2
22.


LaTeX Warning: Citation `Widdicombe:2019woy' on page 1 undefined on input line 
222.


LaTeX Warning: Citation `Helfer:2018vtq' on page 1 undefined on input line 222.



LaTeX Warning: Citation `Palenzuela:2017kcg' on page 1 undefined on input line 
222.


LaTeX Warning: Citation `Bezares:2018qwa' on page 1 undefined on input line 222
.


LaTeX Warning: Citation `Liebling:2012fv' on page 1 undefined on input line 222
.


LaTeX Warning: Citation `Choptuik:2009ww' on page 1 undefined on input line 222
.


LaTeX Warning: Citation `Palenzuela:2007dm' on page 1 undefined on input line 2
22.


LaTeX Warning: Citation `Bezares:2017mzk' on page 1 undefined on input line 222
.


LaTeX Warning: Citation `Palenzuela:2006wp' on page 1 undefined on input line 2
22.


LaTeX Warning: Citation `Dietrich:2018jov' on page 1 undefined on input line 22
2.


LaTeX Warning: Citation `Dietrich:2018bvi' on page 1 undefined on input line 22
2.


LaTeX Warning: Citation `Jaramillo:2022zwg' on page 1 undefined on input line 2
22.


LaTeX Warning: Citation `Bezares:2022obu' on page 1 undefined on input line 222
.


LaTeX Warning: Citation `Macedo:2013jja' on page 1 undefined on input line 222.


! Undefined control sequence.
l.227 remnant (see \cref
                        {fig:GW_signal}).
? 
! Missing $ inserted.
<inserted text> 
                $
l.227 remnant (see \cref{fig:GW_
                                signal}).
? 
! Extra }, or forgotten $.
l.227 remnant (see \cref{fig:GW_signal}
                                       ).
? 

LaTeX Warning: Citation `Helfer:2018vtq' on page 1 undefined on input line 228.


! Missing $ inserted.
<inserted text> 
                $
l.230 
      
? 

Overfull \hbox (1026.01285pt too wide) in paragraph at lines 216--230
\T1/lmr/m/n/10.95 fig:GW$[]\OML/lmm/m/it/10.95 ignal\OT1/lmr/m/n/10.95 )\OML/lm
m/m/it/10.95 :FirstindicationsofsuchanafterglowwerenotedinRef: []\OT1/lmr/m/n/1
0.95 [[]]\OML/lmm/m/it/10.95 inthecaseofahead \OMS/lmsy/m/n/10.95 ^^@ \OML/lmm/
m/it/10.95 oncollisionresultinginahighlyperturbedBS:Here; wedemonstratethatthis
afterglowcanbeverylonglived; withbarelyanydecayinamplitudefollowingatransientbu
rstduringthemergerphaseitself:Thecharacteristicsofthispost \OMS/lmsy/m/n/10.95 
^^@
 []


Overfull \hbox (336.95413pt too wide) in paragraph at lines 216--230
\OML/lmm/m/it/10.95 mergerafterglowcontrastsharplywiththecorrespondingGWsignatu
resofmostBHorNSmergers; which; ifresultinginBHformation; aredominatedbytheexpon
entialquasi \OMS/lmsy/m/n/10.95 ^^@
 []

! Undefined control sequence.
l.238 ... paper is structured as follows: In \cref
                                                  {section:inital_data} we
? 
! Missing $ inserted.
<inserted text> 
                $
l.238 ...ured as follows: In \cref{section:inital_
                                                  data} we
? 
! Extra }, or forgotten $.
l.238 ...as follows: In \cref{section:inital_data}
                                                   we
? 

Package hyperref Warning: Suppressing empty link on input line 242.


Package hyperref Warning: Suppressing empty link on input line 245.


Package hyperref Warning: Suppressing empty link on input line 245.


Package hyperref Warning: Suppressing empty link on input line 248.


Package hyperref Warning: Suppressing empty link on input line 249.


Package hyperref Warning: Suppressing empty link on input line 249.

! Missing $ inserted.
<inserted text> 
                $
l.252 Planck's constant are set to unity, $c=\hbar
                                                  =1$, and we express the gr...

? 

Overfull \hbox (940.52869pt too wide) in paragraph at lines 238--253
[]\T1/lmr/m/n/10.95 This pa-per is struc-tured as fol-lows: In section:inital$[
]\OML/lmm/m/it/10.95 atawebrieflysummarizeourcomputationalframework; listthepar
ametersofourinitialconfigurationsandthegridsetupsemployedintheirtimeevolution; 
andintroducethediagnosticsspecifictooursimulations:InSec: []; welistthekeyfeatu
resofthepost \OMS/lmsy/m/n/10.95 ^^@
 []


Overfull \hbox (1276.60371pt too wide) in paragraph at lines 238--253
\OML/lmm/m/it/10.95 mergerremnant:ThecorrespondingGWsignalisdiscussedinmoredeta
ilinSec: []andweconcludeinSec: []:Technicaldetailsofthenumericalmethodology; th
ecalculationofangularmomentum; andtheestimateofnumericaluncertaintiesarerelegat
edtoAppendices; and:Unlessexplicitlystatedotherwise; weuseunitswherethespeedofl
ightandPlanck[]sconstantaresettounity;$\T1/lmr/m/n/10.95 c=$\U/msb/m/n/10.95 ~ 
\OT1/lmr/m/n/10.95 =
 []


LaTeX Warning: File `modphi_plot_axes_log.png' not found on input line 259.


! Package pdftex.def Error: File `modphi_plot_axes_log.png' not found: using dr
aft setting.

See the pdftex.def package documentation for explanation.
Type  H <return>  for immediate help.
 ...                                              
                                                  
l.259     }
           
? 

Overfull \hbox (496.33032pt too wide) in paragraph at lines 259--266
 [] 
 []


LaTeX Warning: Float too large for page by 385.02808pt on input line 269.

pdfTeX warning (ext4): destination with the same identifier (name{page.1}) has 
been already used, duplicate ignored
<to be read again> 
                   \relax 
l.279 \begin{eqnarray}
                       [1]

LaTeX Warning: Citation `Kaup:1968zz' on page 2 undefined on input line 291.


LaTeX Warning: Citation `Gleiser:1988rq' on page 2 undefined on input line 291.



LaTeX Warning: Citation `Jetzer:1988vr' on page 2 undefined on input line 291.


! LaTeX Error: Something's wrong--perhaps a missing \item.

See the LaTeX manual or LaTeX Companion for explanation.
Type  H <return>  for immediate help.
 ...                                              
                                                  
l.295     \item G
                 enerate a stationary, non-rotating solution for a single bo...

? 

! LaTeX Error: Something's wrong--perhaps a missing \item.

See the LaTeX manual or LaTeX Companion for explanation.
Type  H <return>  for immediate help.
 ...                                              
                                                  
l.295     \item G
                 enerate a stationary, non-rotating solution for a single bo...

? 

! LaTeX Error: Something's wrong--perhaps a missing \item.

See the LaTeX manual or LaTeX Companion for explanation.
Type  H <return>  for immediate help.
 ...                                              
                                                  
l.295     \item G
                 enerate a stationary, non-rotating solution for a single bo...

? 

! LaTeX Error: Something's wrong--perhaps a missing \item.

See the LaTeX manual or LaTeX Companion for explanation.
Type  H <return>  for immediate help.
 ...                                              
                                                  
l.296     \item A
                 pply a Lorentz boost to obtain a single star with linear mo...

? 

! LaTeX Error: Something's wrong--perhaps a missing \item.

See the LaTeX manual or LaTeX Companion for explanation.
Type  H <return>  for immediate help.
 ...                                              
                                                  
l.296     \item A
                 pply a Lorentz boost to obtain a single star with linear mo...

? 

! LaTeX Error: Something's wrong--perhaps a missing \item.

See the LaTeX manual or LaTeX Companion for explanation.
Type  H <return>  for immediate help.
 ...                                              
                                                  
l.296     \item A
                 pply a Lorentz boost to obtain a single star with linear mo...

? 

! LaTeX Error: Something's wrong--perhaps a missing \item.

See the LaTeX manual or LaTeX Companion for explanation.
Type  H <return>  for immediate help.
 ...                                              
                                                  
l.297     \item S
                 uperpose two such solutions
? 

! LaTeX Error: Something's wrong--perhaps a missing \item.

See the LaTeX manual or LaTeX Companion for explanation.
Type  H <return>  for immediate help.
 ...                                              
                                                  
l.297     \item S
                 uperpose two such solutions
? 

! LaTeX Error: Something's wrong--perhaps a missing \item.

See the LaTeX manual or LaTeX Companion for explanation.
Type  H <return>  for immediate help.
 ...                                              
                                                  
l.297     \item S
                 uperpose two such solutions
? 

LaTeX Warning: Citation `Helfer:2018vtq' on page 2 undefined on input line 299.



LaTeX Warning: Citation `Helfer:2021brt' on page 2 undefined on input line 299.



! LaTeX Error: Something's wrong--perhaps a missing \item.

See the LaTeX manual or LaTeX Companion for explanation.
Type  H <return>  for immediate help.
 ...                                              
                                                  
l.303 \end{enumerate}
                     
? 
LaTeX Font Info:    External font `lmex10' loaded for size
(Font)              <9> on input line 309.
LaTeX Font Info:    External font `lmex10' loaded for size
(Font)              <5> on input line 309.

Package hyperref Warning: Suppressing empty link on input line 329.


LaTeX Warning: Citation `Radia:2021smk' on page 2 undefined on input line 337.


LaTeX Warning: Citation `Andrade:2021rbd' on page 2 undefined on input line 337
.


LaTeX Warning: Citation `Clough:2015sqa' on page 2 undefined on input line 337.



LaTeX Warning: Citation `Radia:2021smk' on page 2 undefined on input line 339.


Package hyperref Warning: Suppressing empty link on input line 358.


! LaTeX Error: File `ang_integrated_flux_with_radius_60' not found.

See the LaTeX manual or LaTeX Companion for explanation.
Type  H <return>  for immediate help.
 ...                                              
                                                  
l.365 ...idth]{ang_integrated_flux_with_radius_60}
                                                  }
? 
! Undefined control sequence.
<argument> ...tilde {L}$ (see definition in \cref 
                                                  {eqn:DefAngMom}) inside a ...
l.371     Runs}}
                
? 
! Undefined control sequence.
<argument> ...oing flux -- solid lines (see \cref 
                                                  {eqn:DefAngMomFlux}) -- an...
l.371     Runs}}
                
? 
! Undefined control sequence.
<argument> ...is was plotted using run 2 of \cref 
                                                  {tab:Overview Runs}\relax ...
l.371     Runs}}
                
? 
! Undefined control sequence.
<argument> ...tilde {L}$ (see definition in \cref 
                                                  {eqn:DefAngMom}) inside a ...
l.371     Runs}}
                
? 
! Undefined control sequence.
<argument> ...oing flux -- solid lines (see \cref 
                                                  {eqn:DefAngMomFlux}) -- an...
l.371     Runs}}
                
? 
! Undefined control sequence.
<argument> ...is was plotted using run 2 of \cref 
                                                  {tab:Overview Runs}
l.371     Runs}}
                
? 
! Undefined control sequence.
<argument> ...tilde {L}$ (see definition in \cref 
                                                  {eqn:DefAngMom}) inside a ...
l.371     Runs}}
                
? 
! Undefined control sequence.
<argument> ...oing flux -- solid lines (see \cref 
                                                  {eqn:DefAngMomFlux}) -- an...
l.371     Runs}}
                
? 
! Undefined control sequence.
<argument> ...is was plotted using run 2 of \cref 
                                                  {tab:Overview Runs}
l.371     Runs}}
                
? 
[2]

LaTeX Warning: Citation `PhysRevD.90.024068' on page 3 undefined on input line 
379.


LaTeX Warning: Citation `Yoshida:1997qf' on page 3 undefined on input line 379.



LaTeX Warning: Citation `1996rscc.conf..138S' on page 3 undefined on input line
 379.


LaTeX Warning: Citation `Siemonsen:2020hcg' on page 3 undefined on input line 3
79.


LaTeX Warning: Citation `Macedo:2013jja' on page 3 undefined on input line 382.



LaTeX Warning: Citation `Macedo:2016wgh' on page 3 undefined on input line 382.



LaTeX Warning: Citation `Yoshida:1994xi' on page 3 undefined on input line 382.



LaTeX Warning: Citation `Flores:2019iwp' on page 3 undefined on input line 382.



LaTeX Warning: Citation `Helfer:2018vtq' on page 3 undefined on input line 383.



LaTeX Warning: Citation `Palenzuela:2017kcg' on page 3 undefined on input line 
383.


LaTeX Warning: Citation `Bezares:2018qwa' on page 3 undefined on input line 383
.


Package hyperref Warning: Suppressing empty link on input line 390.


LaTeX Warning: Citation `Palenzuela:2017kcg' on page 3 undefined on input line 
396.


LaTeX Warning: Citation `Bezares:2018qwa' on page 3 undefined on input line 396
.


Package hyperref Warning: Suppressing empty link on input line 400.

! Undefined control sequence.
l.423 ...region of the LISA noise curve (see \cref
                                                  {eqn:freqGW} below) and we...

? 

LaTeX Warning: Citation `Helfer:2016ljl' on page 3 undefined on input line 428.



LaTeX Warning: Citation `Muia:2019coe' on page 3 undefined on input line 428.


LaTeX Warning: Citation `Marsh:2015xka' on page 3 undefined on input line 436.


LaTeX Warning: Citation `Lee:1986ts' on page 3 undefined on input line 441.


LaTeX Warning: Citation `Friedberg:1986tq' on page 3 undefined on input line 44
1.


Package hyperref Warning: Suppressing empty link on input line 451.


LaTeX Warning: File `mass_over_time.pdf' not found on input line 459.


! Package pdftex.def Error: File `mass_over_time.pdf' not found: using draft se
tting.

See the pdftex.def package documentation for explanation.
Type  H <return>  for immediate help.
 ...                                              
                                                  
l.459 ...idth=1.0\columnwidth]{mass_over_time.pdf}
                                                  }
? 
! Undefined control sequence.
<argument> ...\bf The estimated mass} using \cref 
                                                  {{eqn:Massmeasure}} contai...
l.466    }
          
? 
! Undefined control sequence.
<argument> {\bf The estimated mass} using \cref 
                                                {{eqn:Massmeasure}} containe...
l.466    }
          
? 

Package hyperref Warning: Suppressing empty link on input line 466.

! Undefined control sequence.
<argument> {\bf The estimated mass} using \cref 
                                                {{eqn:Massmeasure}} containe...
l.466    }
          
? 

Package hyperref Warning: Suppressing empty link on input line 466.


Package hyperref Warning: Suppressing empty link on input line 476.


Package hyperref Warning: Suppressing empty link on input line 489.


Package hyperref Warning: Suppressing empty link on input line 493.


Package hyperref Warning: Suppressing empty link on input line 496.

! Undefined control sequence.
l.500      \toprule
                   
? 
! Undefined control sequence.
<recently read> \midrule 
                         
l.502      \midrule
                   
? 
! Undefined control sequence.
<recently read> \bottomrule 
                            
l.507      \bottomrule
                      
? 
[3]

Package hyperref Warning: Suppressing empty link on input line 515.

! Undefined control sequence.
l.538 ...M_{\rm init}~m$ (see dotted line in \cref
                                                  {fig:EnergyPower}).
? 

Package hyperref Warning: Suppressing empty link on input line 540.


Package hyperref Warning: Suppressing empty link on input line 548.


Package hyperref Warning: Suppressing empty link on input line 556.


Package hyperref Warning: Suppressing empty link on input line 564.


LaTeX Warning: File `FFT_analysis.pdf' not found on input line 570.


! Package pdftex.def Error: File `FFT_analysis.pdf' not found: using draft sett
ing.

See the pdftex.def package documentation for explanation.
Type  H <return>  for immediate help.
 ...                                              
                                                  
l.570 ...[width=1.0\columnwidth]{FFT_analysis.pdf}
                                                  }
? 
! Undefined control sequence.
<argument> ... ``medium'' resolution run in \cref 
                                                  {tab:Overview Runs}. We fi...
l.577     }
           
? 
! Undefined control sequence.
<argument> ... ``medium'' resolution run in \cref 
                                                  {tab:Overview Runs}. We fi...
l.577     }
           
? 
! Undefined control sequence.
<argument> ... ``medium'' resolution run in \cref 
                                                  {tab:Overview Runs}. We fi...
l.577     }
           
? 
[4]

Package hyperref Warning: Suppressing empty link on input line 594.


LaTeX Warning: Citation `Aggarwal:2020olq' on page 5 undefined on input line 60
7.


LaTeX Warning: Citation `Badurina:2019hst' on page 5 undefined on input line 60
7.


LaTeX Warning: File `Energy_Power.pdf' not found on input line 612.


! Package pdftex.def Error: File `Energy_Power.pdf' not found: using draft sett
ing.

See the pdftex.def package documentation for explanation.
Type  H <return>  for immediate help.
 ...                                              
                                                  
l.612 ...[width=1.0\columnwidth]{Energy_Power.pdf}
                                                  }
? 
! Undefined control sequence.
<argument> ... ``medium'' resolution run of \cref 
                                                  {tab:Overview Runs}. We ob...
l.615     }
           
? 
! Undefined control sequence.
<argument> ... ``medium'' resolution run of \cref 
                                                  {tab:Overview Runs}. We ob...
l.615     }
           
? 
! Undefined control sequence.
<argument> ... ``medium'' resolution run of \cref 
                                                  {tab:Overview Runs}. We ob...
l.615     }
           
? 

LaTeX Warning: Citation `LIGOScientific:2019yhl' on page 5 undefined on input l
ine 626.


LaTeX Warning: Citation `KAGRA:2021una' on page 5 undefined on input line 626.


LaTeX Warning: Citation `LIGOScientific:2021jlr' on page 5 undefined on input l
ine 626.


LaTeX Warning: Citation `LIGOScientific:2021oez' on page 5 undefined on input l
ine 626.


LaTeX Warning: Citation `LIGOScientific:2022lsr' on page 5 undefined on input l
ine 626.


LaTeX Warning: Citation `LIGOScientific:2022pjk' on page 5 undefined on input l
ine 626.


LaTeX Warning: Citation `LIGOScientific:2021hvc' on page 5 undefined on input l
ine 626.


LaTeX Warning: Citation `LIGOScientific:2021ozr' on page 5 undefined on input l
ine 626.


LaTeX Warning: Citation `Sanchis-Gual:2019ljs' on page 5 undefined on input lin
e 634.


Package hyperref Warning: Suppressing empty link on input line 636.


Package hyperref Warning: Suppressing empty link on input line 642.


LaTeX Warning: Citation `Croon:2018ftb' on page 5 undefined on input line 653.

[5]
! Undefined control sequence.
l.664 \acknowledgments
                       We thank Caio Macedo and Emanuele Berti for helpful d...

? 

LaTeX Warning: Citation `10.1145/3311790.3396656' on page 6 undefined on input 
line 680.


LaTeX Warning: Citation `jones_scipy_2001' on page 6 undefined on input line 68
3.


LaTeX Warning: Citation `Hunter:2007' on page 6 undefined on input line 684.


LaTeX Warning: Citation `van2011numpy' on page 6 undefined on input line 684.


LaTeX Warning: Citation `Turk_2010' on page 6 undefined on input line 684.

No file afterglow.bbl.
[6] [7] [8] [9] [10] [11]

LaTeX Warning: File `Convergence.pdf' not found on input line 691.


! Package pdftex.def Error: File `Convergence.pdf' not found: using draft setti
ng.

See the pdftex.def package documentation for explanation.
Type  H <return>  for immediate help.
 ...                                              
                                                  
l.691 ...s[width=1.0\columnwidth]{Convergence.pdf}
                                                  }
? 
! Undefined control sequence.
<argument> ...rresponding to runs 1 to 4 in \cref 
                                                  {tab:Overview Runs}. A qua...
l.697     }
           
? 
! Undefined control sequence.
<argument> ...rresponding to runs 1 to 4 in \cref 
                                                  {tab:Overview Runs}. A qua...
l.697     }
           
? 
! Undefined control sequence.
<argument> ...rresponding to runs 1 to 4 in \cref 
                                                  {tab:Overview Runs}. A qua...
l.697     }
           
? 
! Undefined control sequence.
<recently read> \xspace 
                        
l.704 \grchombo
               , a multipurpose numerical relativity code
? 

LaTeX Warning: Citation `Andrade:2021rbd' on page 12 undefined on input line 70
5.


LaTeX Warning: Citation `Radia:2021smk' on page 12 undefined on input line 705.



LaTeX Warning: Citation `Clough:2015sqa' on page 12 undefined on input line 705
.


LaTeX Warning: Citation `Gundlach:2005eh' on page 12 undefined on input line 70
5.


LaTeX Warning: Citation `Alic:2011gg' on page 12 undefined on input line 705.


LaTeX Warning: Citation `Radia:2021smk' on page 12 undefined on input line 714.



LaTeX Warning: Citation `Andrade:2021rbd' on page 12 undefined on input line 71
4.


LaTeX Warning: Citation `Radia:2021smk' on page 12 undefined on input line 751.



LaTeX Warning: File `ang_error_flux_with_radius_60.pdf' not found on input line
 756.


! Package pdftex.def Error: File `ang_error_flux_with_radius_60.pdf' not found:
 using draft setting.

See the pdftex.def package documentation for explanation.
Type  H <return>  for immediate help.
 ...                                              
                                                  
l.756 ...width]{ang_error_flux_with_radius_60.pdf}
                                                  }
? 

Package hyperref Warning: Suppressing empty link on input line 766.


Package hyperref Warning: Suppressing empty link on input line 766.


LaTeX Warning: File `FigureRobinPaper.png' not found on input line 776.


! Package pdftex.def Error: File `FigureRobinPaper.png' not found: using draft 
setting.

See the pdftex.def package documentation for explanation.
Type  H <return>  for immediate help.
 ...                                              
                                                  
l.776 ...th=1.5\columnwidth]{FigureRobinPaper.png}
                                                  }
? 

Overfull \hbox (248.16516pt too wide) in paragraph at lines 776--785
 [] 
 []


LaTeX Warning: Citation `PhysRevD.90.024068' on page 12 undefined on input line
 785.


LaTeX Warning: Citation `Yoshida:1997qf' on page 12 undefined on input line 785
.


LaTeX Warning: Citation `PhysRevD.90.024068' on page 12 undefined on input line
 785.


LaTeX Warning: Citation `Yoshida:1997qf' on page 12 undefined on input line 785
.


LaTeX Warning: Float too large for page by 123.19406pt on input line 788.


LaTeX Warning: Citation `Croft:2022gks' on page 12 undefined on input line 795.



LaTeX Warning: Citation `Clough:2021qlv' on page 12 undefined on input line 795
.

[12

]

LaTeX Warning: Citation `Croft:2022gks' on page 13 undefined on input line 836.



LaTeX Warning: Citation `Clough:2021qlv' on page 13 undefined on input line 836
.


LaTeX Warning: Citation `Clough:2021qlv' on page 13 undefined on input line 847
.

! Undefined control sequence.
l.848 We can thus generalize \cref
                                  {eq:traditional_conservation} to the exact...

? 
! Missing $ inserted.
<inserted text> 
                $
l.848 We can thus generalize \cref{eq:traditional_
                                                  conservation} to the exact...

? 
! Extra }, or forgotten $.
l.848 ...ralize \cref{eq:traditional_conservation}
                                                   to the exact conservation...

? 

! LaTeX Error: Bad math environment delimiter.

See the LaTeX manual or LaTeX Companion for explanation.
Type  H <return>  for immediate help.
 ...                                              
                                                  
l.849 \begin{equation}
                      
? 
! You can't use `\eqno' in math mode.
\endmathdisplay@a ...\df@tag \@empty \else \veqno 
                                                  \alt@tag \df@tag \fi \ifx ...
l.853 \end{equation}
                    
? 
! Missing \endgroup inserted.
<inserted text> 
                \endgroup 
l.853 \end{equation}
                    
? 

! LaTeX Error: \begin{document} ended by \end{equation}.

See the LaTeX manual or LaTeX Companion for explanation.
Type  H <return>  for immediate help.
 ...                                              
                                                  
l.853 \end{equation}
                    
? 
! Missing $ inserted.
<inserted text> 
                $
l.853 \end{equation}
                    
? 
! Missing } inserted.
<inserted text> 
                }
l.853 \end{equation}
                    
? 
! Missing } inserted.
<inserted text> 
                }
l.853 \end{equation}
                    
? 
! Missing } inserted.
<inserted text> 
                }
l.853 \end{equation}
                    
? 
! Extra \endgroup.
<recently read> \endgroup 
                          
l.853 \end{equation}
                    
? 

Package hyperref Warning: Suppressing empty link on input line 855.

[13]

Package hyperref Warning: Suppressing empty link on input line 876.

! Undefined control sequence.
l.891 ...ating (i) the angular momentum (see \cref
                                                  {eqn:DefAngMom}), and (ii)...

? 
! Undefined control sequence.
l.891 ... (ii) integrating the flux $F$ (see \cref
                                                  {eqn:DefAngMomFlux}) over ...

? 
! Undefined control sequence.
l.891 ...the difference between the two; see \cref
                                                  {fig:ViolCons} for the evo...

? 

Package hyperref Warning: Suppressing empty link on input line 893.


Package hyperref Warning: Suppressing empty link on input line 901.

! Undefined control sequence.
l.906 To calculate the energy (see \cref
                                        {fig:EnergyPower}) we used the the $...

? 

LaTeX Warning: Citation `jones_scipy_2001' on page 14 undefined on input line 9
10.

! Undefined control sequence.
l.913 ...t radius of the ``medium'' run (see \cref
                                                  {fig:EnergyPower}). We als...

? 

Overfull \hbox (28.72005pt too wide) in paragraph at lines 915--916
[]\T1/lmr/m/n/10.95 The grav-i-ta-tional wave data and an-gu-lar mo-mem-tum dat
a is avail-able at []$\T1/lmtt/m/n/10.95 https : / / github . com / ThomasHelfe
r /
 []

[14] [15] [16] [17] [18] (./afterglow.aux)

LaTeX Warning: There were undefined references.


LaTeX Warning: Label(s) may have changed. Rerun to get cross-references right.


Package rerunfilecheck Warning: File `afterglow.out' has changed.
(rerunfilecheck)                Rerun to get outlines right
(rerunfilecheck)                or use package `bookmark'.

Package rerunfilecheck Info: Checksums for `afterglow.out':
(rerunfilecheck)             Before: D41D8CD98F00B204E9800998ECF8427E;0
(rerunfilecheck)             After:  D61A5C27B9FC88CB159FE865FD5BE8D5;1124.
 ) 
Here is how much of TeX's memory you used:
 18744 strings out of 480171
 303617 string characters out of 5894490
 714720 words of memory out of 5000000
 36282 multiletter control sequences out of 15000+600000
 537487 words of font info for 92 fonts, out of 8000000 for 9000
 59 hyphenation exceptions out of 8191
 68i,18n,77p,810b,687s stack positions out of 5000i,500n,10000p,200000b,80000s
pdfTeX warning (dest): name{equation.26} has been referenced but does not exi
st, replaced by a fixed one

pdfTeX warning (dest): name{equation.28} has been referenced but does not exist
, replaced by a fixed one

pdfTeX warning (dest): name{equation.23} has been referenced but does not exist
, replaced by a fixed one

pdfTeX warning (dest): name{equation.16} has been referenced but does not exist
, replaced by a fixed one

pdfTeX warning (dest): name{equation.30} has been referenced but does not exist
, replaced by a fixed one

pdfTeX warning (dest): name{equation.5} has been referenced but does not exist,
 replaced by a fixed one

pdfTeX warning (dest): name{equation.6} has been referenced but does not exist,
 replaced by a fixed one

pdfTeX warning (dest): name{equation.27} has been referenced but does not exist
, replaced by a fixed one

{/usr/share/texmf/fonts/enc/dvips/lm/lm-ec.enc}{/usr/share/texmf/fonts/enc/dvip
s/lm/lm-rm.enc}{/usr/share/texmf/fonts/enc/dvips/lm/lm-mathsy.enc}{/usr/share/t
exmf/fonts/enc/dvips/lm/lm-mathit.enc}{/usr/share/texmf/fonts/enc/dvips/lm/lm-m
athex.enc}</usr/share/texlive/texmf-dist/fonts/type1/public/amsfonts/cm/cmmib10
.pfb></usr/share/texmf/fonts/type1/public/lm/lmbx10.pfb></usr/share/texmf/fonts
/type1/public/lm/lmbx12.pfb></usr/share/texmf/fonts/type1/public/lm/lmbx9.pfb><
/usr/share/texmf/fonts/type1/public/lm/lmcsc10.pfb></usr/share/texmf/fonts/type
1/public/lm/lmex10.pfb></usr/share/texmf/fonts/type1/public/lm/lmmi10.pfb></usr
/share/texmf/fonts/type1/public/lm/lmmi8.pfb></usr/share/texmf/fonts/type1/publ
ic/lm/lmmi9.pfb></usr/share/texmf/fonts/type1/public/lm/lmr10.pfb></usr/share/t
exmf/fonts/type1/public/lm/lmr12.pfb></usr/share/texmf/fonts/type1/public/lm/lm
r6.pfb></usr/share/texmf/fonts/type1/public/lm/lmr8.pfb></usr/share/texmf/fonts
/type1/public/lm/lmr9.pfb></usr/share/texmf/fonts/type1/public/lm/lmri10.pfb></
usr/share/texmf/fonts/type1/public/lm/lmsy10.pfb></usr/share/texmf/fonts/type1/
public/lm/lmsy6.pfb></usr/share/texmf/fonts/type1/public/lm/lmsy8.pfb></usr/sha
re/texmf/fonts/type1/public/lm/lmsy9.pfb></usr/share/texmf/fonts/type1/public/l
m/lmtt10.pfb></usr/share/texlive/texmf-dist/fonts/type1/public/amsfonts/symbols
/msam10.pfb></usr/share/texlive/texmf-dist/fonts/type1/public/amsfonts/symbols/
msbm10.pfb>
Output written on afterglow.pdf (20 pages, 412782 bytes).
PDF statistics:
 331 PDF objects out of 1000 (max. 8388607)
 253 compressed objects within 3 object streams
 84 named destinations out of 1000 (max. 500000)
 1 words of extra memory for PDF output out of 10000 (max. 10000000)

