\BOOKMARK [1][-]{section.0.1}{\376\377\000I\000n\000t\000r\000o\000d\000u\000c\000t\000i\000o\000n}{}% 1
\BOOKMARK [1][-]{section.0.2}{\376\377\000I\000n\000t\000r\000o\000d\000u\000c\000t\000i\000o\000n\000\040\000t\000o\000\040\000C\000o\000m\000p\000a\000c\000t\000\040\000O\000b\000j\000e\000c\000t\000s\000\040\000a\000n\000d\000\040\000B\000o\000s\000o\000n\000\040\000S\000t\000a\000r\000s}{}% 2
\BOOKMARK [2][-]{subsection.0.2.1}{\376\377\000C\000o\000n\000v\000e\000n\000t\000i\000o\000n\000s}{section.0.2}% 3
\BOOKMARK [1][-]{section.0.3}{\376\377\000D\000i\000f\000f\000e\000r\000e\000n\000t\000i\000a\000l\000\040\000G\000e\000o\000m\000e\000t\000r\000y}{}% 4
\BOOKMARK [2][-]{subsection.0.3.1}{\376\377\000I\000n\000t\000r\000o\000d\000u\000c\000t\000i\000o\000n\000\040\000t\000o\000\040\000G\000e\000o\000m\000e\000t\000r\000y\000\040\000a\000n\000d\000\040\000M\000a\000n\000i\000f\000o\000l\000d\000s}{section.0.3}% 5
\BOOKMARK [2][-]{subsection.0.3.2}{\376\377\000F\000u\000n\000c\000t\000i\000o\000n\000s\000,\000\040\000C\000u\000r\000v\000e\000s\000\040\000a\000n\000d\000\040\000T\000e\000n\000s\000o\000r\000s\000\040\000o\000n\000\040\000M\000a\000n\000i\000f\000o\000l\000d\000s}{section.0.3}% 6
\BOOKMARK [2][-]{subsection.0.3.3}{\376\377\000G\000e\000n\000e\000r\000a\000l\000\040\000C\000o\000v\000a\000r\000i\000a\000n\000c\000e\000\040\000a\000n\000d\000\040\000C\000o\000o\000r\000d\000i\000n\000a\000t\000e\000\040\000t\000r\000a\000n\000s\000f\000o\000r\000m\000a\000t\000i\000o\000n\000s}{section.0.3}% 7
\BOOKMARK [2][-]{subsection.0.3.4}{\376\377\000T\000h\000e\000\040\000C\000o\000v\000a\000r\000i\000a\000n\000t\000\040\000D\000e\000r\000i\000v\000a\000t\000i\000v\000e}{section.0.3}% 8
\BOOKMARK [2][-]{subsection.0.3.5}{\376\377\000T\000h\000e\000\040\000L\000e\000v\000i\000-\000C\000i\000v\000i\000t\000a\000\040\000C\000o\000n\000n\000e\000c\000t\000i\000o\000n}{section.0.3}% 9
\BOOKMARK [2][-]{subsection.0.3.6}{\376\377\000C\000u\000r\000v\000a\000t\000u\000r\000e\000\040\000T\000e\000n\000s\000o\000r\000s}{section.0.3}% 10
\BOOKMARK [2][-]{subsection.0.3.7}{\376\377\000M\000a\000p\000s\000\040\000B\000e\000t\000w\000e\000e\000n\000\040\000M\000a\000n\000i\000f\000o\000l\000d\000s}{section.0.3}% 11
\BOOKMARK [2][-]{subsection.0.3.8}{\376\377\000L\000i\000e\000\040\000D\000e\000r\000i\000v\000a\000t\000i\000v\000e\000s}{section.0.3}% 12
\BOOKMARK [2][-]{subsection.0.3.9}{\376\377\000T\000e\000n\000s\000o\000r\000\040\000D\000e\000n\000s\000i\000t\000i\000e\000s}{section.0.3}% 13
\BOOKMARK [2][-]{subsection.0.3.10}{\376\377\000D\000i\000f\000f\000e\000r\000e\000n\000t\000i\000a\000l\000\040\000F\000o\000r\000m\000s}{section.0.3}% 14
\BOOKMARK [2][-]{subsection.0.3.11}{\376\377\000I\000n\000t\000e\000g\000r\000a\000t\000i\000n\000g\000\040\000F\000o\000r\000m\000s\000\040\000o\000n\000\040\000M\000a\000n\000i\000f\000o\000l\000d\000s}{section.0.3}% 15
\BOOKMARK [2][-]{subsection.0.3.12}{\376\377\000L\000e\000n\000g\000t\000h\000\040\000a\000n\000d\000\040\000G\000e\000o\000d\000e\000s\000i\000c\000s\000\040\000o\000n\000\040\000M\000a\000n\000i\000f\000o\000l\000d\000s}{section.0.3}% 16
\BOOKMARK [2][-]{subsection.0.3.13}{\376\377\000P\000a\000r\000a\000l\000l\000e\000l\000\040\000T\000r\000a\000n\000s\000p\000o\000r\000t}{section.0.3}% 17
\BOOKMARK [2][-]{subsection.0.3.14}{\376\377\000T\000h\000e\000\040\000D\000i\000v\000e\000r\000g\000e\000n\000c\000e\000\040\000T\000h\000e\000o\000r\000e\000m}{section.0.3}% 18
\BOOKMARK [1][-]{section.0.4}{\376\377\000G\000e\000n\000e\000r\000a\000l\000\040\000R\000e\000l\000a\000t\000i\000v\000i\000t\000y}{}% 19
\BOOKMARK [2][-]{subsection.0.4.1}{\376\377\000P\000h\000y\000s\000i\000c\000s\000\040\000i\000n\000\040\000C\000u\000r\000v\000e\000d\000\040\000S\000p\000a\000c\000e}{section.0.4}% 20
\BOOKMARK [2][-]{subsection.0.4.2}{\376\377\000T\000h\000e\000\040\000E\000i\000n\000s\000t\000e\000i\000n\000\040\000E\000q\000u\000a\000t\000i\000o\000n}{section.0.4}% 21
\BOOKMARK [2][-]{subsection.0.4.3}{\376\377\000M\000a\000t\000t\000e\000r\000\040\000i\000n\000\040\000G\000e\000n\000e\000r\000a\000l\000\040\000R\000e\000l\000a\000t\000i\000v\000i\000t\000y}{section.0.4}% 22
\BOOKMARK [2][-]{subsection.0.4.4}{\376\377\000T\000h\000e\000\040\000C\000o\000s\000m\000o\000l\000o\000g\000i\000c\000a\000l\000\040\000C\000o\000n\000s\000t\000a\000n\000t}{section.0.4}% 23
\BOOKMARK [2][-]{subsection.0.4.5}{\376\377\000T\000h\000e\000\040\000L\000a\000g\000r\000a\000n\000g\000e\000a\000n\000\040\000F\000o\000r\000m\000u\000l\000a\000t\000i\000o\000n\000\040\000o\000f\000\040\000G\000e\000n\000e\000r\000a\000l\000\040\000R\000e\000l\000a\000t\000i\000v\000i\000t\000y}{section.0.4}% 24
\BOOKMARK [2][-]{subsection.0.4.6}{\376\377\000L\000o\000w\000\040\000C\000u\000r\000v\000a\000t\000u\000r\000e\000\040\000L\000i\000m\000i\000t\000\040\000o\000f\000\040\000G\000e\000n\000e\000r\000a\000l\000\040\000R\000e\000l\000a\000t\000i\000v\000i\000t\000y}{section.0.4}% 25
\BOOKMARK [1][-]{section.0.5}{\376\377\000N\000e\000w\000m\000a\000n\000-\000P\000e\000n\000r\000o\000s\000e\000\040\000F\000o\000r\000m\000a\000l\000i\000s\000m}{}% 26
\BOOKMARK [1][-]{section.0.6}{\376\377\000S\000t\000u\000f\000f}{}% 27
