This is pdfTeX, Version 3.141592653-2.6-1.40.22 (TeX Live 2022/dev/Debian) (preloaded format=pdflatex 2022.9.6)  13 SEP 2022 15:18
entering extended mode
 restricted \write18 enabled.
 %&-line parsing enabled.
**malaise.tex
(./malaise.tex
LaTeX2e <2021-11-15> patch level 1
L3 programming layer <2022-01-21>
(/usr/share/texlive/texmf-dist/tex/latex/base/report.cls
Document Class: report 2021/10/04 v1.4n Standard LaTeX document class
(/usr/share/texlive/texmf-dist/tex/latex/base/size11.clo
File: size11.clo 2021/10/04 v1.4n Standard LaTeX file (size option)
)
\c@part=\count185
\c@chapter=\count186
\c@section=\count187
\c@subsection=\count188
\c@subsubsection=\count189
\c@paragraph=\count190
\c@subparagraph=\count191
\c@figure=\count192
\c@table=\count193
\abovecaptionskip=\skip47
\belowcaptionskip=\skip48
\bibindent=\dimen138
)
(/usr/share/texlive/texmf-dist/tex/latex/geometry/geometry.sty
Package: geometry 2020/01/02 v5.9 Page Geometry

(/usr/share/texlive/texmf-dist/tex/latex/graphics/keyval.sty
Package: keyval 2014/10/28 v1.15 key=value parser (DPC)
\KV@toks@=\toks16
)
(/usr/share/texlive/texmf-dist/tex/generic/iftex/ifvtex.sty
Package: ifvtex 2019/10/25 v1.7 ifvtex legacy package. Use iftex instead.

(/usr/share/texlive/texmf-dist/tex/generic/iftex/iftex.sty
Package: iftex 2020/03/06 v1.0d TeX engine tests
))
\Gm@cnth=\count194
\Gm@cntv=\count195
\c@Gm@tempcnt=\count196
\Gm@bindingoffset=\dimen139
\Gm@wd@mp=\dimen140
\Gm@odd@mp=\dimen141
\Gm@even@mp=\dimen142
\Gm@layoutwidth=\dimen143
\Gm@layoutheight=\dimen144
\Gm@layouthoffset=\dimen145
\Gm@layoutvoffset=\dimen146
\Gm@dimlist=\toks17
)
(/usr/share/texlive/texmf-dist/tex/latex/parskip/parskip.sty
Package: parskip 2021-03-14 v2.0h non-zero parskip adjustments

(/usr/share/texlive/texmf-dist/tex/latex/kvoptions/kvoptions.sty
Package: kvoptions 2020-10-07 v3.14 Key value format for package options (HO)

(/usr/share/texlive/texmf-dist/tex/generic/ltxcmds/ltxcmds.sty
Package: ltxcmds 2020-05-10 v1.25 LaTeX kernel commands for general use (HO)
)
(/usr/share/texlive/texmf-dist/tex/generic/kvsetkeys/kvsetkeys.sty
Package: kvsetkeys 2019/12/15 v1.18 Key value parser (HO)
))
(/usr/share/texlive/texmf-dist/tex/latex/etoolbox/etoolbox.sty
Package: etoolbox 2020/10/05 v2.5k e-TeX tools for LaTeX (JAW)
\etb@tempcnta=\count197
))
(/usr/share/texlive/texmf-dist/tex/latex/graphics/graphicx.sty
Package: graphicx 2021/09/16 v1.2d Enhanced LaTeX Graphics (DPC,SPQR)

(/usr/share/texlive/texmf-dist/tex/latex/graphics/graphics.sty
Package: graphics 2021/03/04 v1.4d Standard LaTeX Graphics (DPC,SPQR)

(/usr/share/texlive/texmf-dist/tex/latex/graphics/trig.sty
Package: trig 2021/08/11 v1.11 sin cos tan (DPC)
)
(/usr/share/texlive/texmf-dist/tex/latex/graphics-cfg/graphics.cfg
File: graphics.cfg 2016/06/04 v1.11 sample graphics configuration
)
Package graphics Info: Driver file: pdftex.def on input line 107.

(/usr/share/texlive/texmf-dist/tex/latex/graphics-def/pdftex.def
File: pdftex.def 2020/10/05 v1.2a Graphics/color driver for pdftex
))
\Gin@req@height=\dimen147
\Gin@req@width=\dimen148
)
(/usr/share/texlive/texmf-dist/tex/latex/amsfonts/amssymb.sty
Package: amssymb 2013/01/14 v3.01 AMS font symbols

(/usr/share/texlive/texmf-dist/tex/latex/amsfonts/amsfonts.sty
Package: amsfonts 2013/01/14 v3.01 Basic AMSFonts support
\@emptytoks=\toks18
\symAMSa=\mathgroup4
\symAMSb=\mathgroup5
LaTeX Font Info:    Redeclaring math symbol \hbar on input line 98.
LaTeX Font Info:    Overwriting math alphabet `\mathfrak' in version `bold'
(Font)                  U/euf/m/n --> U/euf/b/n on input line 106.
))
(/usr/share/texlive/texmf-dist/tex/latex/amsmath/amsmath.sty
Package: amsmath 2021/10/15 v2.17l AMS math features
\@mathmargin=\skip49

For additional information on amsmath, use the `?' option.
(/usr/share/texlive/texmf-dist/tex/latex/amsmath/amstext.sty
Package: amstext 2021/08/26 v2.01 AMS text

(/usr/share/texlive/texmf-dist/tex/latex/amsmath/amsgen.sty
File: amsgen.sty 1999/11/30 v2.0 generic functions
\@emptytoks=\toks19
\ex@=\dimen149
))
(/usr/share/texlive/texmf-dist/tex/latex/amsmath/amsbsy.sty
Package: amsbsy 1999/11/29 v1.2d Bold Symbols
\pmbraise@=\dimen150
)
(/usr/share/texlive/texmf-dist/tex/latex/amsmath/amsopn.sty
Package: amsopn 2021/08/26 v2.02 operator names
)
\inf@bad=\count198
LaTeX Info: Redefining \frac on input line 234.
\uproot@=\count199
\leftroot@=\count266
LaTeX Info: Redefining \overline on input line 399.
\classnum@=\count267
\DOTSCASE@=\count268
LaTeX Info: Redefining \ldots on input line 496.
LaTeX Info: Redefining \dots on input line 499.
LaTeX Info: Redefining \cdots on input line 620.
\Mathstrutbox@=\box50
\strutbox@=\box51
\big@size=\dimen151
LaTeX Font Info:    Redeclaring font encoding OML on input line 743.
LaTeX Font Info:    Redeclaring font encoding OMS on input line 744.
\macc@depth=\count269
\c@MaxMatrixCols=\count270
\dotsspace@=\muskip16
\c@parentequation=\count271
\dspbrk@lvl=\count272
\tag@help=\toks20
\row@=\count273
\column@=\count274
\maxfields@=\count275
\andhelp@=\toks21
\eqnshift@=\dimen152
\alignsep@=\dimen153
\tagshift@=\dimen154
\tagwidth@=\dimen155
\totwidth@=\dimen156
\lineht@=\dimen157
\@envbody=\toks22
\multlinegap=\skip50
\multlinetaggap=\skip51
\mathdisplay@stack=\toks23
LaTeX Info: Redefining \[ on input line 2938.
LaTeX Info: Redefining \] on input line 2939.
)
(/usr/share/texlive/texmf-dist/tex/latex/mathtools/mathtools.sty
Package: mathtools 2021/02/02 v1.28 mathematical typesetting tools

(/usr/share/texlive/texmf-dist/tex/latex/tools/calc.sty
Package: calc 2017/05/25 v4.3 Infix arithmetic (KKT,FJ)
\calc@Acount=\count276
\calc@Bcount=\count277
\calc@Adimen=\dimen158
\calc@Bdimen=\dimen159
\calc@Askip=\skip52
\calc@Bskip=\skip53
LaTeX Info: Redefining \setlength on input line 80.
LaTeX Info: Redefining \addtolength on input line 81.
\calc@Ccount=\count278
\calc@Cskip=\skip54
)
(/usr/share/texlive/texmf-dist/tex/latex/mathtools/mhsetup.sty
Package: mhsetup 2021/03/18 v1.4 programming setup (MH)
)
\g_MT_multlinerow_int=\count279
\l_MT_multwidth_dim=\dimen160
\origjot=\skip55
\l_MT_shortvdotswithinadjustabove_dim=\dimen161
\l_MT_shortvdotswithinadjustbelow_dim=\dimen162
\l_MT_above_intertext_sep=\dimen163
\l_MT_below_intertext_sep=\dimen164
\l_MT_above_shortintertext_sep=\dimen165
\l_MT_below_shortintertext_sep=\dimen166
\xmathstrut@box=\box52
\xmathstrut@dim=\dimen167
)
(/usr/share/texlive/texmf-dist/tex/latex/tools/array.sty
Package: array 2021/10/04 v2.5f Tabular extension package (FMi)
\col@sep=\dimen168
\ar@mcellbox=\box53
\extrarowheight=\dimen169
\NC@list=\toks24
\extratabsurround=\skip56
\backup@length=\skip57
\ar@cellbox=\box54
)
(/usr/share/texlive/texmf-dist/tex/latex/tabu/tabu.sty
Package: tabu 2019/01/11 v2.9 - flexible LaTeX tabulars (FC+tabu-fixed) + inter
mediate FMi

(/usr/share/texlive/texmf-dist/tex/latex/varwidth/varwidth.sty
Package: varwidth 2009/03/30 ver 0.92;  Variable-width minipages
\@vwid@box=\box55
\sift@deathcycles=\count280
\@vwid@loff=\dimen170
\@vwid@roff=\dimen171
)
\c@taburow=\count281
\tabu@nbcols=\count282
\tabu@cnt=\count283
\tabu@Xcol=\count284
\tabu@alloc=\count285
\tabu@nested=\count286
\tabu@target=\dimen172
\tabu@spreadtarget=\dimen173
\tabu@naturalX=\dimen174
\tabucolX=\dimen175
\tabu@Xsum=\dimen176
\extrarowdepth=\dimen177
\abovetabulinesep=\dimen178
\belowtabulinesep=\dimen179
\tabustrutrule=\dimen180
\tabu@thebody=\toks25
\tabu@footnotes=\toks26
\tabu@box=\box56
\tabu@arstrutbox=\box57
\tabu@hleads=\box58
\tabu@vleads=\box59
\tabu@cellskip=\skip58
)
(/usr/share/texlive/texmf-dist/tex/latex/tools/bm.sty
Package: bm 2021/04/25 v1.2e Bold Symbol Support (DPC/FMi)
\symboldoperators=\mathgroup6
\symboldletters=\mathgroup7
\symboldsymbols=\mathgroup8
Package bm Info: No bold for \OMX/cmex/m/n, using \pmb.
Package bm Info: No bold for \U/msa/m/n, using \pmb.
Package bm Info: No bold for \U/msb/m/n, using \pmb.
LaTeX Font Info:    Redeclaring math alphabet \mathbf on input line 149.
)
(/usr/share/texlive/texmf-dist/tex/latex/wrapfig/wrapfig.sty
\wrapoverhang=\dimen181
\WF@size=\dimen182
\c@WF@wrappedlines=\count287
\WF@box=\box60
\WF@everypar=\toks27
Package: wrapfig 2003/01/31  v 3.6
)
(/usr/share/texlive/texmf-dist/tex/latex/multirow/multirow.sty
Package: multirow 2021/03/15 v2.8 Span multiple rows of a table
\multirow@colwidth=\skip59
\multirow@cntb=\count288
\multirow@dima=\skip60
\bigstrutjot=\dimen183
)
(/usr/share/texlive/texmf-dist/tex/latex/physics/physics.sty
Package: physics 

(/usr/share/texlive/texmf-dist/tex/latex/l3packages/xparse/xparse.sty
(/usr/share/texlive/texmf-dist/tex/latex/l3kernel/expl3.sty
Package: expl3 2022-01-21 L3 programming layer (loader) 

(/usr/share/texlive/texmf-dist/tex/latex/l3backend/l3backend-pdftex.def
File: l3backend-pdftex.def 2022-01-12 L3 backend support: PDF output (pdfTeX)
\l__color_backend_stack_int=\count289
\l__pdf_internal_box=\box61
))
Package: xparse 2022-01-12 L3 Experimental document command parser
))
(/usr/share/texlive/texmf-dist/tex/latex/hyperref/hyperref.sty
Package: hyperref 2021-06-07 v7.00m Hypertext links for LaTeX

(/usr/share/texlive/texmf-dist/tex/generic/pdftexcmds/pdftexcmds.sty
Package: pdftexcmds 2020-06-27 v0.33 Utility functions of pdfTeX for LuaTeX (HO
)

(/usr/share/texlive/texmf-dist/tex/generic/infwarerr/infwarerr.sty
Package: infwarerr 2019/12/03 v1.5 Providing info/warning/error messages (HO)
)
Package pdftexcmds Info: \pdf@primitive is available.
Package pdftexcmds Info: \pdf@ifprimitive is available.
Package pdftexcmds Info: \pdfdraftmode found.
)
(/usr/share/texlive/texmf-dist/tex/generic/kvdefinekeys/kvdefinekeys.sty
Package: kvdefinekeys 2019-12-19 v1.6 Define keys (HO)
)
(/usr/share/texlive/texmf-dist/tex/generic/pdfescape/pdfescape.sty
Package: pdfescape 2019/12/09 v1.15 Implements pdfTeX's escape features (HO)
)
(/usr/share/texlive/texmf-dist/tex/latex/hycolor/hycolor.sty
Package: hycolor 2020-01-27 v1.10 Color options for hyperref/bookmark (HO)
)
(/usr/share/texlive/texmf-dist/tex/latex/letltxmacro/letltxmacro.sty
Package: letltxmacro 2019/12/03 v1.6 Let assignment for LaTeX macros (HO)
)
(/usr/share/texlive/texmf-dist/tex/latex/auxhook/auxhook.sty
Package: auxhook 2019-12-17 v1.6 Hooks for auxiliary files (HO)
)
\@linkdim=\dimen184
\Hy@linkcounter=\count290
\Hy@pagecounter=\count291

(/usr/share/texlive/texmf-dist/tex/latex/hyperref/pd1enc.def
File: pd1enc.def 2021-06-07 v7.00m Hyperref: PDFDocEncoding definition (HO)
Now handling font encoding PD1 ...
... no UTF-8 mapping file for font encoding PD1
)
(/usr/share/texlive/texmf-dist/tex/latex/hyperref/hyperref-langpatches.def
File: hyperref-langpatches.def 2021-06-07 v7.00m Hyperref: patches for babel la
nguages
)
(/usr/share/texlive/texmf-dist/tex/generic/intcalc/intcalc.sty
Package: intcalc 2019/12/15 v1.3 Expandable calculations with integers (HO)
)
(/usr/share/texlive/texmf-dist/tex/generic/etexcmds/etexcmds.sty
Package: etexcmds 2019/12/15 v1.7 Avoid name clashes with e-TeX commands (HO)
)
\Hy@SavedSpaceFactor=\count292

(/usr/share/texlive/texmf-dist/tex/latex/hyperref/puenc.def
File: puenc.def 2021-06-07 v7.00m Hyperref: PDF Unicode definition (HO)
Now handling font encoding PU ...
... no UTF-8 mapping file for font encoding PU
)
Package hyperref Info: Hyper figures OFF on input line 4192.
Package hyperref Info: Link nesting OFF on input line 4197.
Package hyperref Info: Hyper index ON on input line 4200.
Package hyperref Info: Plain pages OFF on input line 4207.
Package hyperref Info: Backreferencing OFF on input line 4212.
Package hyperref Info: Implicit mode ON; LaTeX internals redefined.
Package hyperref Info: Bookmarks ON on input line 4445.
\c@Hy@tempcnt=\count293

(/usr/share/texlive/texmf-dist/tex/latex/url/url.sty
\Urlmuskip=\muskip17
Package: url 2013/09/16  ver 3.4  Verb mode for urls, etc.
)
LaTeX Info: Redefining \url on input line 4804.
\XeTeXLinkMargin=\dimen185

(/usr/share/texlive/texmf-dist/tex/generic/bitset/bitset.sty
Package: bitset 2019/12/09 v1.3 Handle bit-vector datatype (HO)

(/usr/share/texlive/texmf-dist/tex/generic/bigintcalc/bigintcalc.sty
Package: bigintcalc 2019/12/15 v1.5 Expandable calculations on big integers (HO
)
))
\Fld@menulength=\count294
\Field@Width=\dimen186
\Fld@charsize=\dimen187
Package hyperref Info: Hyper figures OFF on input line 6076.
Package hyperref Info: Link nesting OFF on input line 6081.
Package hyperref Info: Hyper index ON on input line 6084.
Package hyperref Info: backreferencing OFF on input line 6091.
Package hyperref Info: Link coloring OFF on input line 6096.
Package hyperref Info: Link coloring with OCG OFF on input line 6101.
Package hyperref Info: PDF/A mode OFF on input line 6106.
LaTeX Info: Redefining \ref on input line 6146.
LaTeX Info: Redefining \pageref on input line 6150.

(/usr/share/texlive/texmf-dist/tex/latex/base/atbegshi-ltx.sty
Package: atbegshi-ltx 2021/01/10 v1.0c Emulation of the original atbegshi
package with kernel methods
)
\Hy@abspage=\count295
\c@Item=\count296
\c@Hfootnote=\count297
)
Package hyperref Info: Driver (autodetected): hpdftex.

(/usr/share/texlive/texmf-dist/tex/latex/hyperref/hpdftex.def
File: hpdftex.def 2021-06-07 v7.00m Hyperref driver for pdfTeX

(/usr/share/texlive/texmf-dist/tex/latex/base/atveryend-ltx.sty
Package: atveryend-ltx 2020/08/19 v1.0a Emulation of the original atveryend pac
kage
with kernel methods
)
\Fld@listcount=\count298
\c@bookmark@seq@number=\count299

(/usr/share/texlive/texmf-dist/tex/latex/rerunfilecheck/rerunfilecheck.sty
Package: rerunfilecheck 2019/12/05 v1.9 Rerun checks for auxiliary files (HO)

(/usr/share/texlive/texmf-dist/tex/generic/uniquecounter/uniquecounter.sty
Package: uniquecounter 2019/12/15 v1.4 Provide unlimited unique counter (HO)
)
Package uniquecounter Info: New unique counter `rerunfilecheck' on input line 2
86.
)
\Hy@SectionHShift=\skip61
)
(/usr/share/texlive/texmf-dist/tex/latex/listings/listings.sty
\lst@mode=\count300
\lst@gtempboxa=\box62
\lst@token=\toks28
\lst@length=\count301
\lst@currlwidth=\dimen188
\lst@column=\count302
\lst@pos=\count303
\lst@lostspace=\dimen189
\lst@width=\dimen190
\lst@newlines=\count304
\lst@lineno=\count305
\lst@maxwidth=\dimen191

(/usr/share/texlive/texmf-dist/tex/latex/listings/lstmisc.sty
File: lstmisc.sty 2020/03/24 1.8d (Carsten Heinz)
\c@lstnumber=\count306
\lst@skipnumbers=\count307
\lst@framebox=\box63
)
(/usr/share/texlive/texmf-dist/tex/latex/listings/listings.cfg
File: listings.cfg 2020/03/24 1.8d listings configuration
))
Package: listings 2020/03/24 1.8d (Carsten Heinz)

(/usr/share/texlive/texmf-dist/tex/latex/base/inputenc.sty
Package: inputenc 2021/02/14 v1.3d Input encoding file
\inpenc@prehook=\toks29
\inpenc@posthook=\toks30
)
(/usr/share/texlive/texmf-dist/tex/latex/base/fontenc.sty
Package: fontenc 2021/04/29 v2.0v Standard LaTeX package
)
(/usr/share/texmf/tex/latex/lm/lmodern.sty
Package: lmodern 2009/10/30 v1.6 Latin Modern Fonts
LaTeX Font Info:    Overwriting symbol font `operators' in version `normal'
(Font)                  OT1/cmr/m/n --> OT1/lmr/m/n on input line 22.
LaTeX Font Info:    Overwriting symbol font `letters' in version `normal'
(Font)                  OML/cmm/m/it --> OML/lmm/m/it on input line 23.
LaTeX Font Info:    Overwriting symbol font `symbols' in version `normal'
(Font)                  OMS/cmsy/m/n --> OMS/lmsy/m/n on input line 24.
LaTeX Font Info:    Overwriting symbol font `largesymbols' in version `normal'
(Font)                  OMX/cmex/m/n --> OMX/lmex/m/n on input line 25.
LaTeX Font Info:    Overwriting symbol font `operators' in version `bold'
(Font)                  OT1/cmr/bx/n --> OT1/lmr/bx/n on input line 26.
LaTeX Font Info:    Overwriting symbol font `letters' in version `bold'
(Font)                  OML/cmm/b/it --> OML/lmm/b/it on input line 27.
LaTeX Font Info:    Overwriting symbol font `symbols' in version `bold'
(Font)                  OMS/cmsy/b/n --> OMS/lmsy/b/n on input line 28.
LaTeX Font Info:    Overwriting symbol font `largesymbols' in version `bold'
(Font)                  OMX/cmex/m/n --> OMX/lmex/m/n on input line 29.
LaTeX Font Info:    Overwriting math alphabet `\mathbf' in version `normal'
(Font)                  OT1/cmr/bx/n --> OT1/lmr/bx/n on input line 31.
LaTeX Font Info:    Overwriting math alphabet `\mathsf' in version `normal'
(Font)                  OT1/cmss/m/n --> OT1/lmss/m/n on input line 32.
LaTeX Font Info:    Overwriting math alphabet `\mathit' in version `normal'
(Font)                  OT1/cmr/m/it --> OT1/lmr/m/it on input line 33.
LaTeX Font Info:    Overwriting math alphabet `\mathtt' in version `normal'
(Font)                  OT1/cmtt/m/n --> OT1/lmtt/m/n on input line 34.
LaTeX Font Info:    Overwriting math alphabet `\mathbf' in version `bold'
(Font)                  OT1/cmr/bx/n --> OT1/lmr/bx/n on input line 35.
LaTeX Font Info:    Overwriting math alphabet `\mathsf' in version `bold'
(Font)                  OT1/cmss/bx/n --> OT1/lmss/bx/n on input line 36.
LaTeX Font Info:    Overwriting math alphabet `\mathit' in version `bold'
(Font)                  OT1/cmr/bx/it --> OT1/lmr/bx/it on input line 37.
LaTeX Font Info:    Overwriting math alphabet `\mathtt' in version `bold'
(Font)                  OT1/cmtt/m/n --> OT1/lmtt/m/n on input line 38.
)
(/usr/share/texlive/texmf-dist/tex/latex/caption/caption.sty
Package: caption 2020/10/26 v3.5g Customizing captions (AR)

(/usr/share/texlive/texmf-dist/tex/latex/caption/caption3.sty
Package: caption3 2020/10/21 v2.2e caption3 kernel (AR)
\captionmargin=\dimen192
\captionmargin@=\dimen193
\captionwidth=\dimen194
\caption@tempdima=\dimen195
\caption@indent=\dimen196
\caption@parindent=\dimen197
\caption@hangindent=\dimen198
Package caption Info: Standard document class detected.
)
\c@caption@flags=\count308
\c@continuedfloat=\count309
Package caption Info: hyperref package is loaded.
Package caption Info: listings package is loaded.
Package caption Info: wrapfig package is loaded.
)
(/usr/share/texlive/texmf-dist/tex/latex/floatrow/floatrow.sty
Package: floatrow 2008/08/02 v0.3b floatrow: float package extension
\c@float@type=\count310
\float@exts=\toks31
\float@box=\box64
\@floatcapt=\box65
Package floatrow Info: Modified float package code loaded on input line 455.
Package floatrow Info: Modified rotfloat package code loaded on input line 473.

\FR@everyfloat=\toks32
\flrow@foot=\insert252
\FB@wd=\dimen199
\FBo@wd=\dimen256
\FBc@wd=\dimen257
\FBo@ht=\skip62
\FBc@ht=\skip63
\FBf@ht=\skip64
\FBo@max=\skip65
\FBc@max=\skip66
\FBf@max=\skip67
\c@FBl@b=\count311
\floatbox@depth=\count312
\c@FRobj=\count313
\c@FRsobj=\count314
\Xhsize=\skip68
\sXhsize=\skip69
\Zhsize=\skip70
\sZhsize=\skip71
\flrow@rowbox=\box66
\FR@Zunitlength=\dimen258
\c@FBcnt=\count315
\FPOScnt=\count316
\LTleft=\skip72
\LTright=\skip73
\LTleft=\skip74
\LTright=\skip75
\flrow@types=\toks33
)
(/usr/share/texlive/texmf-dist/tex/latex/subfig/subfig.sty
Package: subfig 2005/06/28 ver: 1.3 subfig package
\c@KVtest=\count317
\sf@farskip=\skip76
\sf@captopadj=\dimen259
\sf@capskip=\skip77
\sf@nearskip=\skip78
\c@subfigure=\count318
\c@subfigure@save=\count319
\c@lofdepth=\count320
\c@subtable=\count321
\c@subtable@save=\count322
\c@lotdepth=\count323
\sf@top=\skip79
\sf@bottom=\skip80
)
(/usr/share/texlive/texmf-dist/tex/latex/tools/multicol.sty
Package: multicol 2021/10/28 v1.9b multicolumn formatting (FMi)
\c@tracingmulticols=\count324
\mult@box=\box67
\multicol@leftmargin=\dimen260
\c@unbalance=\count325
\c@collectmore=\count326
\doublecol@number=\count327
\multicoltolerance=\count328
\multicolpretolerance=\count329
\full@width=\dimen261
\page@free=\dimen262
\premulticols=\dimen263
\postmulticols=\dimen264
\multicolsep=\skip81
\multicolbaselineskip=\skip82
\partial@page=\box68
\last@line=\box69
\maxbalancingoverflow=\dimen265
\mult@rightbox=\box70
\mult@grightbox=\box71
\mult@firstbox=\box72
\mult@gfirstbox=\box73
\@tempa=\box74
\@tempa=\box75
\@tempa=\box76
\@tempa=\box77
\@tempa=\box78
\@tempa=\box79
\@tempa=\box80
\@tempa=\box81
\@tempa=\box82
\@tempa=\box83
\@tempa=\box84
\@tempa=\box85
\@tempa=\box86
\@tempa=\box87
\@tempa=\box88
\@tempa=\box89
\@tempa=\box90
\@tempa=\box91
\@tempa=\box92
\@tempa=\box93
\@tempa=\box94
\@tempa=\box95
\@tempa=\box96
\@tempa=\box97
\@tempa=\box98
\@tempa=\box99
\@tempa=\box100
\@tempa=\box101
\@tempa=\box102
\@tempa=\box103
\@tempa=\box104
\@tempa=\box105
\@tempa=\box106
\@tempa=\box107
\@tempa=\box108
\@tempa=\box109
\c@minrows=\count330
\c@columnbadness=\count331
\c@finalcolumnbadness=\count332
\last@try=\dimen266
\multicolovershoot=\dimen267
\multicolundershoot=\dimen268
\mult@nat@firstbox=\box110
\colbreak@box=\box111
\mc@col@check@num=\count333
)
(/usr/share/texlive/texmf-dist/tex/latex/xcolor/xcolor.sty
Package: xcolor 2021/10/31 v2.13 LaTeX color extensions (UK)

(/usr/share/texlive/texmf-dist/tex/latex/graphics-cfg/color.cfg
File: color.cfg 2016/01/02 v1.6 sample color configuration
)
Package xcolor Info: Driver file: pdftex.def on input line 227.
Package xcolor Info: Model `cmy' substituted by `cmy0' on input line 1352.
Package xcolor Info: Model `hsb' substituted by `rgb' on input line 1356.
Package xcolor Info: Model `RGB' extended on input line 1368.
Package xcolor Info: Model `HTML' substituted by `rgb' on input line 1370.
Package xcolor Info: Model `Hsb' substituted by `hsb' on input line 1371.
Package xcolor Info: Model `tHsb' substituted by `hsb' on input line 1372.
Package xcolor Info: Model `HSB' substituted by `hsb' on input line 1373.
Package xcolor Info: Model `Gray' substituted by `gray' on input line 1374.
Package xcolor Info: Model `wave' substituted by `hsb' on input line 1375.
)
(/usr/share/texlive/texmf-dist/tex/latex/pagecolor/pagecolor.sty
Package: pagecolor 2017/05/29 v1.0i Provides thepagecolor (HMM)

(/usr/share/texlive/texmf-dist/tex/generic/iftex/ifpdf.sty
Package: ifpdf 2019/10/25 v3.4 ifpdf legacy package. Use iftex instead.
)
(/usr/share/texlive/texmf-dist/tex/generic/iftex/ifluatex.sty
Package: ifluatex 2019/10/25 v1.5 ifluatex legacy package. Use iftex instead.
))
(/usr/share/texlive/texmf-dist/tex/latex/lipsum/lipsum.sty
(/usr/share/texlive/texmf-dist/tex/latex/l3packages/l3keys2e/l3keys2e.sty
Package: l3keys2e 2022-01-12 LaTeX2e option processing using LaTeX3 keys
)
Package: lipsum 2021-09-20 v2.7 150 paragraphs of Lorem Ipsum dummy text
\g__lipsum_par_int=\count334
\l__lipsum_a_int=\count335
\l__lipsum_b_int=\count336

(/usr/share/texlive/texmf-dist/tex/latex/lipsum/lipsum.ltd.tex))
(/usr/share/texlive/texmf-dist/tex/latex/mdframed/mdframed.sty
Package: mdframed 2013/07/01 1.9b: mdframed

(/usr/share/texlive/texmf-dist/tex/latex/zref/zref-abspage.sty
Package: zref-abspage 2020-07-03 v2.32 Module abspage for zref (HO)

(/usr/share/texlive/texmf-dist/tex/latex/zref/zref-base.sty
Package: zref-base 2020-07-03 v2.32 Module base for zref (HO)
Package zref Info: New property list: main on input line 764.
Package zref Info: New property: default on input line 765.
Package zref Info: New property: page on input line 766.
)
\c@abspage=\count337
Package zref Info: New property: abspage on input line 66.
)
(/usr/share/texlive/texmf-dist/tex/latex/needspace/needspace.sty
Package: needspace 2010/09/12 v1.3d reserve vertical space
)
\mdf@templength=\skip83
\c@mdf@globalstyle@cnt=\count338
\mdf@skipabove@length=\skip84
\mdf@skipbelow@length=\skip85
\mdf@leftmargin@length=\skip86
\mdf@rightmargin@length=\skip87
\mdf@innerleftmargin@length=\skip88
\mdf@innerrightmargin@length=\skip89
\mdf@innertopmargin@length=\skip90
\mdf@innerbottommargin@length=\skip91
\mdf@splittopskip@length=\skip92
\mdf@splitbottomskip@length=\skip93
\mdf@outermargin@length=\skip94
\mdf@innermargin@length=\skip95
\mdf@linewidth@length=\skip96
\mdf@innerlinewidth@length=\skip97
\mdf@middlelinewidth@length=\skip98
\mdf@outerlinewidth@length=\skip99
\mdf@roundcorner@length=\skip100
\mdf@footenotedistance@length=\skip101
\mdf@userdefinedwidth@length=\skip102
\mdf@needspace@length=\skip103
\mdf@frametitleaboveskip@length=\skip104
\mdf@frametitlebelowskip@length=\skip105
\mdf@frametitlerulewidth@length=\skip106
\mdf@frametitleleftmargin@length=\skip107
\mdf@frametitlerightmargin@length=\skip108
\mdf@shadowsize@length=\skip109
\mdf@extratopheight@length=\skip110
\mdf@subtitleabovelinewidth@length=\skip111
\mdf@subtitlebelowlinewidth@length=\skip112
\mdf@subtitleaboveskip@length=\skip113
\mdf@subtitlebelowskip@length=\skip114
\mdf@subtitleinneraboveskip@length=\skip115
\mdf@subtitleinnerbelowskip@length=\skip116
\mdf@subsubtitleabovelinewidth@length=\skip117
\mdf@subsubtitlebelowlinewidth@length=\skip118
\mdf@subsubtitleaboveskip@length=\skip119
\mdf@subsubtitlebelowskip@length=\skip120
\mdf@subsubtitleinneraboveskip@length=\skip121
\mdf@subsubtitleinnerbelowskip@length=\skip122

(/usr/share/texlive/texmf-dist/tex/latex/mdframed/md-frame-0.mdf
File: md-frame-0.mdf 2013/07/01\ 1.9b: md-frame-0
)
\mdf@frametitlebox=\box112
\mdf@footnotebox=\box113
\mdf@splitbox@one=\box114
\mdf@splitbox@two=\box115
\mdf@splitbox@save=\box116
\mdfsplitboxwidth=\skip123
\mdfsplitboxtotalwidth=\skip124
\mdfsplitboxheight=\skip125
\mdfsplitboxdepth=\skip126
\mdfsplitboxtotalheight=\skip127
\mdfframetitleboxwidth=\skip128
\mdfframetitleboxtotalwidth=\skip129
\mdfframetitleboxheight=\skip130
\mdfframetitleboxdepth=\skip131
\mdfframetitleboxtotalheight=\skip132
\mdffootnoteboxwidth=\skip133
\mdffootnoteboxtotalwidth=\skip134
\mdffootnoteboxheight=\skip135
\mdffootnoteboxdepth=\skip136
\mdffootnoteboxtotalheight=\skip137
\mdftotallinewidth=\skip138
\mdfboundingboxwidth=\skip139
\mdfboundingboxtotalwidth=\skip140
\mdfboundingboxheight=\skip141
\mdfboundingboxdepth=\skip142
\mdfboundingboxtotalheight=\skip143
\mdf@freevspace@length=\skip144
\mdf@horizontalwidthofbox@length=\skip145
\mdf@verticalmarginwhole@length=\skip146
\mdf@horizontalspaceofbox=\skip147
\mdfsubtitleheight=\skip148
\mdfsubsubtitleheight=\skip149
\c@mdfcountframes=\count339

****** mdframed patching \endmdf@trivlist

****** -- success******

\mdf@envdepth=\count340
\c@mdf@env@i=\count341
\c@mdf@env@ii=\count342
\c@mdf@zref@counter=\count343
Package zref Info: New property: mdf@pagevalue on input line 895.
)
(/usr/share/texlive/texmf-dist/tex/latex/tools/verbatim.sty
Package: verbatim 2020-07-07 v1.5u LaTeX2e package for verbatim enhancements
\every@verbatim=\toks34
\verbatim@line=\toks35
\verbatim@in@stream=\read2
)
(/usr/share/texlive/texmf-dist/tex/latex/carlisle/slashed.sty
Package: slashed 1997/01/16 v0.01 Feynman Slashed Character Notation (DPC)
)
LaTeX Font Info:    Trying to load font information for T1+lmr on input line 75
.

(/usr/share/texmf/tex/latex/lm/t1lmr.fd
File: t1lmr.fd 2009/10/30 v1.6 Font defs for Latin Modern
) (./malaise.aux)
\openout1 = `malaise.aux'.

LaTeX Font Info:    Checking defaults for OML/cmm/m/it on input line 75.
LaTeX Font Info:    ... okay on input line 75.
LaTeX Font Info:    Checking defaults for OMS/cmsy/m/n on input line 75.
LaTeX Font Info:    ... okay on input line 75.
LaTeX Font Info:    Checking defaults for OT1/cmr/m/n on input line 75.
LaTeX Font Info:    ... okay on input line 75.
LaTeX Font Info:    Checking defaults for T1/cmr/m/n on input line 75.
LaTeX Font Info:    ... okay on input line 75.
LaTeX Font Info:    Checking defaults for TS1/cmr/m/n on input line 75.
LaTeX Font Info:    ... okay on input line 75.
LaTeX Font Info:    Checking defaults for OMX/cmex/m/n on input line 75.
LaTeX Font Info:    ... okay on input line 75.
LaTeX Font Info:    Checking defaults for U/cmr/m/n on input line 75.
LaTeX Font Info:    ... okay on input line 75.
LaTeX Font Info:    Checking defaults for PD1/pdf/m/n on input line 75.
LaTeX Font Info:    ... okay on input line 75.
LaTeX Font Info:    Checking defaults for PU/pdf/m/n on input line 75.
LaTeX Font Info:    ... okay on input line 75.

*geometry* driver: auto-detecting
*geometry* detected driver: pdftex
*geometry* verbose mode - [ preamble ] result:
* driver: pdftex
* paper: a4paper
* layout: <same size as paper>
* layoutoffset:(h,v)=(0.0pt,0.0pt)
* modes: 
* h-part:(L,W,R)=(50.58878pt, 496.33032pt, 50.58878pt)
* v-part:(T,H,B)=(65.04256pt, 700.50685pt, 79.49744pt)
* \paperwidth=597.50787pt
* \paperheight=845.04684pt
* \textwidth=496.33032pt
* \textheight=700.50685pt
* \oddsidemargin=-21.68121pt
* \evensidemargin=-21.68121pt
* \topmargin=-44.22743pt
* \headheight=12.0pt
* \headsep=25.0pt
* \topskip=11.0pt
* \footskip=30.0pt
* \marginparwidth=59.0pt
* \marginparsep=10.0pt
* \columnsep=10.0pt
* \skip\footins=10.0pt plus 4.0pt minus 2.0pt
* \hoffset=0.0pt
* \voffset=0.0pt
* \mag=1000
* \@twocolumnfalse
* \@twosidefalse
* \@mparswitchfalse
* \@reversemarginfalse
* (1in=72.27pt=25.4mm, 1cm=28.453pt)

(/usr/share/texlive/texmf-dist/tex/context/base/mkii/supp-pdf.mkii
[Loading MPS to PDF converter (version 2006.09.02).]
\scratchcounter=\count344
\scratchdimen=\dimen269
\scratchbox=\box117
\nofMPsegments=\count345
\nofMParguments=\count346
\everyMPshowfont=\toks36
\MPscratchCnt=\count347
\MPscratchDim=\dimen270
\MPnumerator=\count348
\makeMPintoPDFobject=\count349
\everyMPtoPDFconversion=\toks37
) (/usr/share/texlive/texmf-dist/tex/latex/epstopdf-pkg/epstopdf-base.sty
Package: epstopdf-base 2020-01-24 v2.11 Base part for package epstopdf
Package epstopdf-base Info: Redefining graphics rule for `.eps' on input line 4
85.

(/usr/share/texlive/texmf-dist/tex/latex/latexconfig/epstopdf-sys.cfg
File: epstopdf-sys.cfg 2010/07/13 v1.3 Configuration of (r)epstopdf for TeX Liv
e
))
Package hyperref Info: Link coloring OFF on input line 75.

(/usr/share/texlive/texmf-dist/tex/latex/hyperref/nameref.sty
Package: nameref 2021-04-02 v2.47 Cross-referencing by name of section

(/usr/share/texlive/texmf-dist/tex/latex/refcount/refcount.sty
Package: refcount 2019/12/15 v3.6 Data extraction from label references (HO)
)
(/usr/share/texlive/texmf-dist/tex/generic/gettitlestring/gettitlestring.sty
Package: gettitlestring 2019/12/15 v1.6 Cleanup title references (HO)
)
\c@section@level=\count350
)
LaTeX Info: Redefining \ref on input line 75.
LaTeX Info: Redefining \pageref on input line 75.
LaTeX Info: Redefining \nameref on input line 75.

(./malaise.out) (./malaise.out)
\@outlinefile=\write3
\openout3 = `malaise.out'.

\c@lstlisting=\count351
Package caption Info: Begin \AtBeginDocument code.
Package caption Info: subfig package v1.3 is loaded.
Package caption Info: float package is loaded.
Package caption Info: floatrow package is loaded.
Package caption Info: End \AtBeginDocument code.

(/usr/share/texlive/texmf-dist/tex/latex/floatrow/fr-subfig.sty
Package: fr-subfig 2007/12/24 v0.1g (beta) floatrow: additions for subfig
\FBsc@max=\skip150
\FBso@max=\skip151
)

LaTeX Warning: Citation `Helfer:2018vtq' on page 1 undefined on input line 88.

[1

{/var/lib/texmf/fonts/map/pdftex/updmap/pdftex.map}]

! LaTeX Error: No \title given.

See the LaTeX manual or LaTeX Companion for explanation.
Type  H <return>  for immediate help.
 ...                                              
                                                  
l.115 
      
? 
LaTeX Font Info:    Trying to load font information for OT1+lmr on input line 1
15.
(/usr/share/texmf/tex/latex/lm/ot1lmr.fd
File: ot1lmr.fd 2009/10/30 v1.6 Font defs for Latin Modern
)
LaTeX Font Info:    Trying to load font information for OML+lmm on input line 1
15.

(/usr/share/texmf/tex/latex/lm/omllmm.fd
File: omllmm.fd 2009/10/30 v1.6 Font defs for Latin Modern
)
LaTeX Font Info:    Trying to load font information for OMS+lmsy on input line 
115.

(/usr/share/texmf/tex/latex/lm/omslmsy.fd
File: omslmsy.fd 2009/10/30 v1.6 Font defs for Latin Modern
)
LaTeX Font Info:    Trying to load font information for OMX+lmex on input line 
115.

(/usr/share/texmf/tex/latex/lm/omxlmex.fd
File: omxlmex.fd 2009/10/30 v1.6 Font defs for Latin Modern
)
LaTeX Font Info:    External font `lmex10' loaded for size
(Font)              <12> on input line 115.
LaTeX Font Info:    External font `lmex10' loaded for size
(Font)              <8> on input line 115.
LaTeX Font Info:    External font `lmex10' loaded for size
(Font)              <6> on input line 115.
LaTeX Font Info:    Trying to load font information for U+msa on input line 115
.

(/usr/share/texlive/texmf-dist/tex/latex/amsfonts/umsa.fd
File: umsa.fd 2013/01/14 v3.01 AMS symbols A
)
LaTeX Font Info:    Trying to load font information for U+msb on input line 115
.

(/usr/share/texlive/texmf-dist/tex/latex/amsfonts/umsb.fd
File: umsb.fd 2013/01/14 v3.01 AMS symbols B
)

LaTeX Warning: No \author given.

pdfTeX warning (ext4): destination with the same identifier (name{page.1}) has 
been already used, duplicate ignored
<to be read again> 
                   \relax 
l.115 
       [1]

LaTeX Warning: Citation `Abbott:2016blz' on page 1 undefined on input line 138.



LaTeX Warning: Citation `LIGOScientific:2018mvr' on page 1 undefined on input l
ine 139.


LaTeX Warning: Citation `LIGOScientific:2020ibl' on page 1 undefined on input l
ine 139.


LaTeX Warning: Citation `Berti:2015itd' on page 1 undefined on input line 143.


LaTeX Warning: Citation `TheLIGOScientific:2016src' on page 1 undefined on inpu
t line 143.


LaTeX Warning: Citation `Abbott:2018lct' on page 1 undefined on input line 143.



LaTeX Warning: Citation `LIGOScientific:2019fpa' on page 1 undefined on input l
ine 143.


LaTeX Warning: Citation `LIGOScientific:2020tif' on page 1 undefined on input l
ine 143.


LaTeX Warning: Citation `Moore:2021eok' on page 1 undefined on input line 143.


LaTeX Warning: Citation `Trifiro:2015zda' on page 1 undefined on input line 145
.


LaTeX Warning: Citation `Belczynski:2017gds' on page 1 undefined on input line 
145.


LaTeX Warning: Citation `LIGOScientific:2020kqk' on page 1 undefined on input l
ine 145.


LaTeX Warning: Citation `Baibhav:2020xdf' on page 1 undefined on input line 145
.


LaTeX Warning: Citation `Gerosa:2021mno' on page 1 undefined on input line 145.



LaTeX Warning: Citation `LIGOScientific:2017adf' on page 1 undefined on input l
ine 147.


LaTeX Warning: Citation `LIGOScientific:2019zcs' on page 1 undefined on input l
ine 147.


LaTeX Warning: Citation `Barack:2018yly' on page 1 undefined on input line 149.



LaTeX Warning: Citation `TheLIGOScientific:2017qsa' on page 1 undefined on inpu
t line 152.


LaTeX Warning: Citation `Monitor:2017mdv' on page 1 undefined on input line 152
.


LaTeX Warning: Citation `Cardoso:2014uka' on page 1 undefined on input line 156
.


LaTeX Warning: Citation `Barack:2018yly' on page 1 undefined on input line 156.



LaTeX Warning: Citation `Brito:2015oca' on page 1 undefined on input line 159.


LaTeX Warning: Citation `Wheeler:1955zz' on page 1 undefined on input line 164.



LaTeX Warning: Citation `Baumgarte:2021skc' on page 1 undefined on input line 1
77.


LaTeX Warning: Citation `Wheeler:1955zz' on page 1 undefined on input line 181.



LaTeX Warning: Citation `Feinblum:1968nwc' on page 1 undefined on input line 19
1.


LaTeX Warning: Citation `Kaup:1968zz' on page 1 undefined on input line 191.


LaTeX Warning: Citation `Ruffini:1969qy' on page 1 undefined on input line 191.


LaTeX Font Info:    External font `lmex10' loaded for size
(Font)              <10.95> on input line 193.
LaTeX Font Info:    External font `lmex10' loaded for size
(Font)              <9> on input line 200.
LaTeX Font Info:    External font `lmex10' loaded for size
(Font)              <5> on input line 200.

LaTeX Warning: Citation `Brito:2015pxa' on page 1 undefined on input line 201.


LaTeX Warning: Citation `Alcubierre:2018ahf' on page 1 undefined on input line 
203.


LaTeX Warning: Citation `Choptuik:2019zji' on page 1 undefined on input line 20
3.


LaTeX Warning: Citation `Pretorius:2005gq' on page 1 undefined on input line 20
6.


LaTeX Warning: Citation `Campanelli:2005dd' on page 1 undefined on input line 2
06.


LaTeX Warning: Citation `Baker:2005vv' on page 1 undefined on input line 206.


LaTeX Warning: Citation `Sperhake:2014wpa' on page 1 undefined on input line 20
7.


LaTeX Warning: Citation `Tolman:1939jz' on page 1 undefined on input line 219.


LaTeX Warning: Citation `Oppenheimer:1939ne' on page 1 undefined on input line 
219.


LaTeX Warning: Citation `Breit:1983nr' on page 1 undefined on input line 222.


LaTeX Warning: Citation `Gleiser:1988ih' on page 1 undefined on input line 222.



LaTeX Warning: Citation `Seidel:1990jh' on page 1 undefined on input line 222.


LaTeX Warning: Citation `Lee:1991ax' on page 1 undefined on input line 225.


LaTeX Warning: Citation `Jetzer:1991jr' on page 1 undefined on input line 225.


LaTeX Warning: Citation `Liddle:1992fmk' on page 1 undefined on input line 225.



LaTeX Warning: Citation `Balakrishna:1997ej' on page 1 undefined on input line 
228.


LaTeX Warning: Citation `Colpi:1986ye' on page 1 undefined on input line 238.


LaTeX Warning: Citation `Lee:1986ts' on page 1 undefined on input line 238.


LaTeX Warning: Citation `Schunck:1999zu' on page 1 undefined on input line 238.



LaTeX Warning: Citation `Hartmann:2012da' on page 1 undefined on input line 238
.


LaTeX Warning: Citation `Bustillo:2020syj' on page 1 undefined on input line 24
1.


LaTeX Warning: Citation `Sennett:2017etc' on page 1 undefined on input line 245
.


LaTeX Warning: Citation `DiGiovanni:2020ror' on page 1 undefined on input line 
245.


LaTeX Warning: Citation `Toubiana:2020lzd' on page 1 undefined on input line 24
5.


LaTeX Warning: Citation `Kobayashi:1994qi' on page 1 undefined on input line 25
3.


LaTeX Warning: Citation `Schunck:1996he' on page 1 undefined on input line 254.



LaTeX Warning: Citation `Ryan:1996nk' on page 1 undefined on input line 259.


LaTeX Warning: Citation `Yoshida:1997jq' on page 1 undefined on input line 259.



LaTeX Warning: Citation `Yoshida:1997qf' on page 1 undefined on input line 259.



LaTeX Warning: Citation `Yoshida:1997nd' on page 1 undefined on input line 259.



LaTeX Warning: Citation `Schunck:1999pm' on page 1 undefined on input line 259.



LaTeX Warning: Citation `Kleihaus:2005me' on page 1 undefined on input line 259
.


LaTeX Warning: Citation `Kleihaus:2007vk' on page 1 undefined on input line 259
.


LaTeX Warning: Citation `Kleihaus:2011sx' on page 1 undefined on input line 259
.


LaTeX Warning: Citation `Collodel:2017biu' on page 1 undefined on input line 25
9.


LaTeX Warning: Citation `Herdeiro:2019mbz' on page 1 undefined on input line 26
2.


LaTeX Warning: Citation `Sanchis-Gual:2019ljs' on page 1 undefined on input lin
e 268.


LaTeX Warning: Citation `DiGiovanni:2020ror' on page 1 undefined on input line 
268.


LaTeX Warning: Citation `Dmitriev:2021utv' on page 1 undefined on input line 27
0.


LaTeX Warning: Citation `Siemonsen:2020hcg' on page 1 undefined on input line 2
73.


LaTeX Warning: Citation `Mielke:1997re' on page 1 undefined on input line 276.


LaTeX Warning: Citation `Mielke:2000mh' on page 1 undefined on input line 276.


LaTeX Warning: Citation `Mundim:2010hi' on page 1 undefined on input line 276.


LaTeX Warning: Citation `Liebling:2012fv' on page 1 undefined on input line 276
.

pdfTeX warning (ext4): destination with the same identifier (name{page.1}) has 
been already used, duplicate ignored
<to be read again> 
                   \relax 
l.277 
       [1]

LaTeX Warning: Citation `Palenzuela:2006wp' on page 2 undefined on input line 2
81.


LaTeX Warning: Citation `Choptuik:2009ww' on page 2 undefined on input line 282
.


LaTeX Warning: Citation `Bezares:2017mzk' on page 2 undefined on input line 282
.


LaTeX Warning: Citation `Palenzuela:2007dm' on page 2 undefined on input line 2
91.


LaTeX Warning: Citation `Palenzuela:2017kcg' on page 2 undefined on input line 
291.


LaTeX Warning: Citation `Helfer:2018vtq' on page 2 undefined on input line 313.



! LaTeX Error: No counter 'count' defined.

See the LaTeX manual or LaTeX Companion for explanation.
Type  H <return>  for immediate help.
 ...                                              
                                                  
l.319 ...us0.2ex minus0.1ex \itemsep0ex plus0.2ex}
                                                  
? 

! LaTeX Error: No counter 'count' defined.

See the LaTeX manual or LaTeX Companion for explanation.
Type  H <return>  for immediate help.
 ...                                              
                                                  
l.320   \item A
               n adjustment of the superposition procedure, given
? 
! Missing number, treated as zero.
<to be read again> 
                   \c@count 
l.320   \item A
               n adjustment of the superposition procedure, given
? 

! LaTeX Error: No counter 'count' defined.

See the LaTeX manual or LaTeX Companion for explanation.
Type  H <return>  for immediate help.
 ...                                              
                                                  
l.325   \item I
               n the head-on collision of mini BS binaries with rather low c...

? 
! Missing number, treated as zero.
<to be read again> 
                   \c@count 
l.325   \item I
               n the head-on collision of mini BS binaries with rather low c...

? 

LaTeX Warning: Citation `Arnowitt:1962hi' on page 2 undefined on input line 331
.


! LaTeX Error: No counter 'count' defined.

See the LaTeX manual or LaTeX Companion for explanation.
Type  H <return>  for immediate help.
 ...                                              
                                                  
l.338   \item I
               n collisions of highly compact BSs with solitonic potentials,
? 
! Missing number, treated as zero.
<to be read again> 
                   \c@count 
l.338   \item I
               n collisions of highly compact BSs with solitonic potentials,
? 

! LaTeX Error: No counter 'count' defined.

See the LaTeX manual or LaTeX Companion for explanation.
Type  H <return>  for immediate help.
 ...                                              
                                                  
l.350   \item W
               e have verified through evolutions of single boosted BSs that...

? 
! Missing number, treated as zero.
<to be read again> 
                   \c@count 
l.350   \item W
               e have verified through evolutions of single boosted BSs that...

? 
[2]

LaTeX Warning: Citation `Lee:1986ts' on page 3 undefined on input line 479.


LaTeX Warning: Citation `Arnowitt:1962hi' on page 3 undefined on input line 516
.


LaTeX Warning: Citation `York1979' on page 3 undefined on input line 516.


LaTeX Warning: Citation `Gourgoulhon:2007ue' on page 3 undefined on input line 
517.


LaTeX Warning: Citation `Baumgarte:1998te' on page 3 undefined on input line 54
6.


LaTeX Warning: Citation `Shibata:1995we' on page 3 undefined on input line 546.



LaTeX Warning: Citation `Nakamura:1987zz' on page 3 undefined on input line 546
.

[3]

LaTeX Warning: Citation `Cardoso:2014uka' on page 4 undefined on input line 561
.

[4]

LaTeX Warning: Citation `Campanelli:2005dd' on page 5 undefined on input line 7
31.


LaTeX Warning: Citation `Baker:2005vv' on page 5 undefined on input line 731.


LaTeX Warning: Citation `Sperhake:2006cy' on page 5 undefined on input line 785
.


LaTeX Warning: Citation `Allen:1999' on page 5 undefined on input line 786.


LaTeX Warning: Citation `Schnetter:2003rb' on page 5 undefined on input line 79
1.


LaTeX Warning: Citation `Thornburg:1995cp' on page 5 undefined on input line 79
3.


LaTeX Warning: Citation `Thornburg:2003sf' on page 5 undefined on input line 79
3.

[5]

LaTeX Warning: Citation `Balakrishna:1997ej' on page 6 undefined on input line 
945.


LaTeX Warning: File `statBS.eps' not found on input line 979.

Package epstopdf Info: Source file: <statBS.eps>
(epstopdf)             Output file: <statBS-eps-converted-to.pdf>
(epstopdf)             Command: <repstopdf --outfile=statBS-eps-converted-to.pd
f statBS.eps>
(epstopdf)             \includegraphics on input line 979.
Package epstopdf Info: Output file is already uptodate.

! Package pdftex.def Error: File `statBS-eps-converted-to.pdf' not found: using
 draft setting.

See the pdftex.def package documentation for explanation.
Type  H <return>  for immediate help.
 ...                                              
                                                  
l.979 ...\includegraphics[width=250pt]{statBS.eps}
                                                  
? 
LaTeX Font Info:    Trying to load font information for T1+lmtt on input line 9
79.
(/usr/share/texmf/tex/latex/lm/t1lmtt.fd
File: t1lmtt.fd 2009/10/30 v1.6 Font defs for Latin Modern
) [6pdfTeX warning (ext4): destination with the same identifier (name{equation.
0.2.24}) has been already used, duplicate ignored
<argument> ...shipout:D \box_use:N \l_shipout_box 
                                                  \__shipout_drop_firstpage_...
l.1047 \end{equation}
                     ]

! LaTeX Error: No counter 'count' defined.

See the LaTeX manual or LaTeX Companion for explanation.
Type  H <return>  for immediate help.
 ...                                              
                                                  
l.1135 ...s0.2ex minus0.1ex \itemsep0ex plus0.2ex}
                                                  
? 

! LaTeX Error: No counter 'count' defined.

See the LaTeX manual or LaTeX Companion for explanation.
Type  H <return>  for immediate help.
 ...                                              
                                                  
l.1136   \item A
                 straightforward calculation leads to the first derivatives ...

? 
! Missing number, treated as zero.
<to be read again> 
                   \c@count 
l.1136   \item A
                 straightforward calculation leads to the first derivatives ...

? 
[7]pdfTeX warning (ext4): destination with the same identifier (name{equation.0
.2.36}) has been already used, duplicate ignored
<to be read again> 
                   \relax 
l.1139   \begin{eqnarray}
                         pdfTeX warning (ext4): destination with the same ident
ifier (name{equation.0.2.36}) has been already used, duplicate ignored
<to be read again> 
                   \relax 
l.1139   \begin{eqnarray}
                         pdfTeX warning (ext4): destination with the same ident
ifier (name{equation.0.2.36}) has been already used, duplicate ignored
<to be read again> 
                   \relax 
l.1139   \begin{eqnarray}
                         pdfTeX warning (ext4): destination with the same ident
ifier (name{equation.0.2.36}) has been already used, duplicate ignored
<to be read again> 
                   \relax 
l.1139   \begin{eqnarray}
                         

! LaTeX Error: No counter 'count' defined.

See the LaTeX manual or LaTeX Companion for explanation.
Type  H <return>  for immediate help.
 ...                                              
                                                  
l.1174   \item W
                e Lorentz transform the spacetime metric, the scalar field a...

? 
! Missing number, treated as zero.
<to be read again> 
                   \c@count 
l.1174   \item W
                e Lorentz transform the spacetime metric, the scalar field a...

? 

! LaTeX Error: No counter 'count' defined.

See the LaTeX manual or LaTeX Companion for explanation.
Type  H <return>  for immediate help.
 ...                                              
                                                  
l.1195   \item W
                e construct the 3+1 variables in the boosted frame from these
? 
! Missing number, treated as zero.
<to be read again> 
                   \c@count 
l.1195   \item W
                e construct the 3+1 variables in the boosted frame from these
? 

! LaTeX Error: No counter 'count' defined.

See the LaTeX manual or LaTeX Companion for explanation.
Type  H <return>  for immediate help.
 ...                                              
                                                  
l.1237   \item I
                n addition to these expressions, we need to bear in mind the...

? 
! Missing number, treated as zero.
<to be read again> 
                   \c@count 
l.1237   \item I
                n addition to these expressions, we need to bear in mind the...

? 
[8]

LaTeX Warning: Citation `Palenzuela:2006wp' on page 9 undefined on input line 1
338.


LaTeX Warning: Citation `Palenzuela:2007dm' on page 9 undefined on input line 1
338.


LaTeX Warning: Citation `Shibata:2008rq' on page 9 undefined on input line 1338
.


LaTeX Warning: Citation `Okawa:2011fv' on page 9 undefined on input line 1338.


LaTeX Warning: Citation `Palenzuela:2017kcg' on page 9 undefined on input line 
1338.


LaTeX Warning: Citation `Sperhake:2019oaw' on page 9 undefined on input line 13
38.


LaTeX Warning: Citation `Brill:1963yv' on page 9 undefined on input line 1348.


LaTeX Warning: Citation `Aichelburg:1970dh' on page 9 undefined on input line 1
353.


LaTeX Warning: Citation `Helfer:2018vtq' on page 9 undefined on input line 1355
.


LaTeX Warning: Citation `Helfer:2018vtq' on page 9 undefined on input line 1397
.


LaTeX Warning: Citation `Helfer:2018vtq' on page 9 undefined on input line 1399
.


LaTeX Warning: File `BosonStarTrick.png' not found on input line 1412.


! Package pdftex.def Error: File `BosonStarTrick.png' not found: using draft se
tting.

See the pdftex.def package documentation for explanation.
Type  H <return>  for immediate help.
 ...                                              
                                                  
l.1412 ...raphics[width=350pt]{BosonStarTrick.png}
                                                  
? 
[9]

LaTeX Warning: Citation `Bernuzzi:2009ex' on page 10 undefined on input line 14
35.


LaTeX Warning: Citation `Alic:2011gg' on page 10 undefined on input line 1435.

[10]

LaTeX Warning: Citation `Helfer:2018vtq' on page 11 undefined on input line 165
9.


LaTeX Warning: File `constraints.eps' not found on input line 1681.

Package epstopdf Info: Source file: <constraints.eps>
(epstopdf)             Output file: <constraints-eps-converted-to.pdf>
(epstopdf)             Command: <repstopdf --outfile=constraints-eps-converted-
to.pdf constraints.eps>
(epstopdf)             \includegraphics on input line 1681.
Package epstopdf Info: Output file is already uptodate.

! Package pdftex.def Error: File `constraints-eps-converted-to.pdf' not found: 
using draft setting.

See the pdftex.def package documentation for explanation.
Type  H <return>  for immediate help.
 ...                                              
                                                  
l.1681 ...degraphics[width=300pt]{constraints.eps}
                                                  
? 

LaTeX Warning: Citation `Husa:2007hp' on page 11 undefined on input line 1759.

[11]

LaTeX Warning: File `conv_tmBS_Erad.eps' not found on input line 1815.

Package epstopdf Info: Source file: <conv_tmBS_Erad.eps>
(epstopdf)             Output file: <conv_tmBS_Erad-eps-converted-to.pdf>
(epstopdf)             Command: <repstopdf --outfile=conv_tmBS_Erad-eps-convert
ed-to.pdf conv_tmBS_Erad.eps>
(epstopdf)             \includegraphics on input line 1815.
Package epstopdf Info: Output file is already uptodate.

! Package pdftex.def Error: File `conv_tmBS_Erad-eps-converted-to.pdf' not foun
d: using draft setting.

See the pdftex.def package documentation for explanation.
Type  H <return>  for immediate help.
 ...                                              
                                                  
l.1815 ...raphics[width=250pt]{conv_tmBS_Erad.eps}
                                                  
? 

LaTeX Warning: File `conv_tsBS_Erad.eps' not found on input line 1837.

Package epstopdf Info: Source file: <conv_tsBS_Erad.eps>
(epstopdf)             Output file: <conv_tsBS_Erad-eps-converted-to.pdf>
(epstopdf)             Command: <repstopdf --outfile=conv_tsBS_Erad-eps-convert
ed-to.pdf conv_tsBS_Erad.eps>
(epstopdf)             \includegraphics on input line 1837.
Package epstopdf Info: Output file is already uptodate.

! Package pdftex.def Error: File `conv_tsBS_Erad-eps-converted-to.pdf' not foun
d: using draft setting.

See the pdftex.def package documentation for explanation.
Type  H <return>  for immediate help.
 ...                                              
                                                  
l.1837 ...raphics[width=250pt]{conv_tsBS_Erad.eps}
                                                  
? 

LaTeX Warning: Citation `Clough:2015sqa' on page 12 undefined on input line 188
5.


LaTeX Warning: Citation `Radia:2021' on page 12 undefined on input line 1885.


LaTeX Warning: Citation `Alic:2011gg' on page 12 undefined on input line 1885.


LaTeX Warning: File `erad.eps' not found on input line 1925.

Package epstopdf Info: Source file: <erad.eps>
(epstopdf)             Output file: <erad-eps-converted-to.pdf>
(epstopdf)             Command: <repstopdf --outfile=erad-eps-converted-to.pdf 
erad.eps>
(epstopdf)             \includegraphics on input line 1925.
Package epstopdf Info: Output file is already uptodate.

! Package pdftex.def Error: File `erad-eps-converted-to.pdf' not found: using d
raft setting.

See the pdftex.def package documentation for explanation.
Type  H <return>  for immediate help.
 ...                                              
                                                  
l.1925     \includegraphics[width=250pt]{erad.eps}
                                                  
? 

LaTeX Warning: Citation `Sperhake:2019oaw' on page 12 undefined on input line 1
934.


LaTeX Warning: Citation `Sperhake:2019oaw' on page 12 undefined on input line 1
934.

[12]

LaTeX Warning: File `mini_psi20.eps' not found on input line 2095.

Package epstopdf Info: Source file: <mini_psi20.eps>
(epstopdf)             Output file: <mini_psi20-eps-converted-to.pdf>
(epstopdf)             Command: <repstopdf --outfile=mini_psi20-eps-converted-t
o.pdf mini_psi20.eps>
(epstopdf)             \includegraphics on input line 2095.
Package epstopdf Info: Output file is already uptodate.

! Package pdftex.def Error: File `mini_psi20-eps-converted-to.pdf' not found: u
sing draft setting.

See the pdftex.def package documentation for explanation.
Type  H <return>  for immediate help.
 ...                                              
                                                  
l.2095 ...udegraphics[width=250pt]{mini_psi20.eps}
                                                  
? 

LaTeX Warning: File `soli_psi20.eps' not found on input line 2106.

Package epstopdf Info: Source file: <soli_psi20.eps>
(epstopdf)             Output file: <soli_psi20-eps-converted-to.pdf>
(epstopdf)             Command: <repstopdf --outfile=soli_psi20-eps-converted-t
o.pdf soli_psi20.eps>
(epstopdf)             \includegraphics on input line 2106.
Package epstopdf Info: Output file is already uptodate.

! Package pdftex.def Error: File `soli_psi20-eps-converted-to.pdf' not found: u
sing draft setting.

See the pdftex.def package documentation for explanation.
Type  H <return>  for immediate help.
 ...                                              
                                                  
l.2106 ...udegraphics[width=250pt]{soli_psi20.eps}
                                                  
? 

LaTeX Warning: Citation `Helfer:2018vtq' on page 13 undefined on input line 211
9.


LaTeX Warning: File `ampctr_sBS.eps' not found on input line 2139.

Package epstopdf Info: Source file: <ampctr_sBS.eps>
(epstopdf)             Output file: <ampctr_sBS-eps-converted-to.pdf>
(epstopdf)             Command: <repstopdf --outfile=ampctr_sBS-eps-converted-t
o.pdf ampctr_sBS.eps>
(epstopdf)             \includegraphics on input line 2139.
Package epstopdf Info: Output file is already uptodate.

! Package pdftex.def Error: File `ampctr_sBS-eps-converted-to.pdf' not found: u
sing draft setting.

See the pdftex.def package documentation for explanation.
Type  H <return>  for immediate help.
 ...                                              
                                                  
l.2139 ...udegraphics[width=250pt]{ampctr_sBS.eps}
                                                  
? 

LaTeX Warning: Citation `Helfer:2018vtq' on page 13 undefined on input line 218
1.

[13]

LaTeX Warning: Citation `Binnington:2009bb' on page 14 undefined on input line 
2249.


LaTeX Warning: Citation `Helfer:2018vtq' on page 14 undefined on input line 227
5.


LaTeX Warning: Citation `10.1145/3311790.3396656' on page 14 undefined on input
 line 2317.

[14]
No file malaise.bbl.
[15] [16] [17] [18] [19] [20] [21] [22] (./malaise.aux)

LaTeX Warning: There were undefined references.

Package rerunfilecheck Info: File `malaise.out' has not changed.
(rerunfilecheck)             Checksum: F479D37A611328FAA595C0D1B4D0EB9B;3294.
 ) 
Here is how much of TeX's memory you used:
 18723 strings out of 480171
 301724 string characters out of 5894490
 726673 words of memory out of 5000000
 36222 multiletter control sequences out of 15000+600000
 544748 words of font info for 94 fonts, out of 8000000 for 9000
 59 hyphenation exceptions out of 8191
 68i,11n,77p,1079b,452s stack positions out of 5000i,500n,10000p,200000b,80000s
{/usr/share/texmf/fonts/enc/dvips/lm/lm-ec.enc}{/usr/share/texmf/fonts/enc/dv
ips/lm/lm-mathit.enc}{/usr/share/texmf/fonts/enc/dvips/lm/lm-mathsy.enc}{/usr/s
hare/texmf/fonts/enc/dvips/lm/lm-rm.enc}{/usr/share/texmf/fonts/enc/dvips/lm/lm
-mathex.enc}</usr/share/texlive/texmf-dist/fonts/type1/public/amsfonts/cmextra/
cmmib8.pfb></usr/share/texmf/fonts/type1/public/lm/lmbx10.pfb></usr/share/texmf
/fonts/type1/public/lm/lmbx12.pfb></usr/share/texmf/fonts/type1/public/lm/lmbx9
.pfb></usr/share/texmf/fonts/type1/public/lm/lmcsc10.pfb></usr/share/texmf/font
s/type1/public/lm/lmex10.pfb></usr/share/texmf/fonts/type1/public/lm/lmmi10.pfb
></usr/share/texmf/fonts/type1/public/lm/lmmi6.pfb></usr/share/texmf/fonts/type
1/public/lm/lmmi8.pfb></usr/share/texmf/fonts/type1/public/lm/lmmi9.pfb></usr/s
hare/texmf/fonts/type1/public/lm/lmr10.pfb></usr/share/texmf/fonts/type1/public
/lm/lmr12.pfb></usr/share/texmf/fonts/type1/public/lm/lmr6.pfb></usr/share/texm
f/fonts/type1/public/lm/lmr8.pfb></usr/share/texmf/fonts/type1/public/lm/lmr9.p
fb></usr/share/texmf/fonts/type1/public/lm/lmri10.pfb></usr/share/texmf/fonts/t
ype1/public/lm/lmri9.pfb></usr/share/texmf/fonts/type1/public/lm/lmsy10.pfb></u
sr/share/texmf/fonts/type1/public/lm/lmsy8.pfb></usr/share/texmf/fonts/type1/pu
blic/lm/lmsy9.pfb></usr/share/texmf/fonts/type1/public/lm/lmtt10.pfb></usr/shar
e/texlive/texmf-dist/fonts/type1/public/amsfonts/symbols/msam10.pfb></usr/share
/texlive/texmf-dist/fonts/type1/public/amsfonts/symbols/msbm10.pfb>
Output written on malaise.pdf (24 pages, 469228 bytes).
PDF statistics:
 549 PDF objects out of 1000 (max. 8388607)
 451 compressed objects within 5 object streams
 121 named destinations out of 1000 (max. 500000)
 129 words of extra memory for PDF output out of 10000 (max. 10000000)

