\BOOKMARK [1][-]{section.0.1}{\376\377\000T\000h\000e\000\040\000W\000a\000v\000e\000\040\000E\000q\000u\000a\000t\000i\000o\000n}{}% 1
\BOOKMARK [1][-]{section.0.2}{\376\377\000N\000u\000m\000e\000r\000i\000c\000a\000l\000\040\000m\000e\000t\000h\000o\000d\000s}{}% 2
\BOOKMARK [1][-]{section.0.3}{\376\377\000V\000o\000n\000\040\000N\000e\000u\000m\000a\000n\000n\000\040\000S\000t\000a\000b\000i\000l\000i\000t\000y}{}% 3
\BOOKMARK [1][-]{section.0.4}{\376\377\000B\000o\000u\000n\000d\000a\000r\000y\000\040\000C\000o\000n\000d\000i\000t\000i\000o\000n\000s}{}% 4
\BOOKMARK [1][-]{section.0.5}{\376\377\000S\000c\000a\000l\000a\000r\000\040\000F\000i\000e\000l\000d\000\040\000T\000h\000e\000o\000r\000i\000e\000s}{}% 5
\BOOKMARK [2][-]{subsection.0.5.1}{\376\377\000G\000e\000n\000e\000r\000a\000l\000\040\000T\000h\000e\000o\000r\000i\000e\000s}{section.0.5}% 6
\BOOKMARK [2][-]{subsection.0.5.2}{\376\377\000K\000l\000e\000i\000n\000\040\000G\000o\000r\000d\000o\000n\000\040\000E\000q\000u\000a\000t\000i\000o\000n}{section.0.5}% 7
\BOOKMARK [2][-]{subsection.0.5.3}{\376\377\000L\000a\000m\000b\000d\000a\000\040\000P\000h\000i\000\040\0004\000\040\000T\000h\000e\000o\000r\000i\000e\000s\000\040\000\046\000\040\000H\000i\000g\000g\000s\000\040}{section.0.5}% 8
\BOOKMARK [2][-]{subsection.0.5.4}{\376\377\000S\000i\000n\000e\000\040\000G\000o\000r\000d\000o\000n\000\040\000E\000q\000u\000a\000t\000i\000o\000n}{section.0.5}% 9
\BOOKMARK [1][-]{section.0.6}{\376\377\000C\000u\000r\000v\000e\000d\000\040\000S\000p\000a\000c\000e}{}% 10
\BOOKMARK [2][-]{subsection.0.6.1}{\376\377\000F\000i\000e\000l\000d\000\040\000E\000q\000u\000a\000t\000i\000o\000n\000s\000\040\000i\000n\000\040\000C\000u\000r\000v\000e\000d\000\040\000S\000p\000a\000c\000e}{section.0.6}% 11
\BOOKMARK [2][-]{subsection.0.6.2}{\376\377\000S\000i\000m\000p\000l\000i\000f\000i\000c\000a\000t\000i\000o\000n\000s}{section.0.6}% 12
\BOOKMARK [1][-]{section.0.7}{\376\377\000N\000u\000m\000e\000r\000i\000c\000a\000l\000\040\000I\000m\000p\000l\000e\000m\000e\000n\000t\000a\000t\000i\000o\000n}{}% 13
\BOOKMARK [2][-]{subsection.0.7.1}{\376\377\000M\000e\000t\000h\000o\000d\000\040\000o\000f\000\040\000L\000i\000n\000e\000s}{section.0.7}% 14
\BOOKMARK [2][-]{subsection.0.7.2}{\376\377\000R\000u\000n\000g\000e\000\040\000K\000u\000t\000t\000a\000\040\0004}{section.0.7}% 15
\BOOKMARK [1][-]{section.0.8}{\376\377\000T\000h\000e\000\040\000K\000l\000e\000i\000n\000\040\000G\000o\000r\000d\000o\000n\000\040\000E\000q\000u\000a\000t\000i\000o\000n}{}% 16
\BOOKMARK [1][-]{section.0.9}{\376\377\000S\000i\000m\000p\000l\000i\000f\000i\000e\000d\000\040\0002\000D\000\040\000K\000l\000e\000i\000n\000\040\000G\000o\000r\000d\000o\000n\000\040\000E\000q\000u\000a\000t\000i\000o\000n}{}% 17
\BOOKMARK [1][-]{section.0.10}{\376\377\000N\000u\000m\000e\000r\000i\000c\000a\000l\000\040\000I\000m\000p\000l\000e\000m\000e\000n\000t\000a\000t\000i\000o\000n\000:\000\040\000M\000e\000t\000h\000o\000d\000\040\000o\000f\000\040\000L\000i\000n\000e\000s}{}% 18
\BOOKMARK [1][-]{section.0.11}{\376\377\000N\000u\000m\000e\000r\000i\000c\000a\000l\000\040\000I\000m\000p\000l\000e\000m\000e\000n\000t\000a\000t\000i\000o\000n\000:\000\040\000R\000u\000n\000g\000e\000\040\000K\000u\000t\000t\000a\000\040\0004}{}% 19
\BOOKMARK [1][-]{section.0.12}{\376\377\000F\000o\000u\000r\000r\000i\000e\000r\000\040\000A\000n\000a\000l\000y\000s\000i\000s}{}% 20
\BOOKMARK [2][-]{subsection.0.12.1}{\376\377\000s\000t\000u\000f\000f}{section.0.12}% 21
